This is pdfTeX, Version 3.141592653-2.6-1.40.25 (MiKTeX 24.1) (preloaded format=pdflatex 2024.10.3)  15 SEP 2025 13:23
entering extended mode
 restricted \write18 enabled.
 file:line:error style messages enabled.
 %&-line parsing enabled.
**c:/Users/manul/OneDrive/Escritorio/electronicaAplicada/I/trabajosPracticos/tp3/templateLaTeX/main.tex
(c:/Users/manul/OneDrive/Escritorio/electronicaAplicada/I/trabajosPracticos/tp3/templateLaTeX/main.tex
LaTeX2e <2023-11-01> patch level 1
L3 programming layer <2024-01-04>
(C:\Users\manul\AppData\Local\Programs\Paquete_Latex\tex/latex/base\article.cls
Document Class: article 2023/05/17 v1.4n Standard LaTeX document class
(C:\Users\manul\AppData\Local\Programs\Paquete_Latex\tex/latex/base\size10.clo
File: size10.clo 2023/05/17 v1.4n Standard LaTeX file (size option)
)
\c@part=\count187
\c@section=\count188
\c@subsection=\count189
\c@subsubsection=\count190
\c@paragraph=\count191
\c@subparagraph=\count192
\c@figure=\count193
\c@table=\count194
\abovecaptionskip=\skip48
\belowcaptionskip=\skip49
\bibindent=\dimen140
) (packages.tex (C:\Users\manul\AppData\Local\Programs\Paquete_Latex\tex/latex/colortbl\colortbl.sty
Package: colortbl 2024/07/06 v1.0i Color table columns (DPC)
 (C:\Users\manul\AppData\Local\Programs\Paquete_Latex\tex/latex/tools\array.sty
Package: array 2023/10/16 v2.5g Tabular extension package (FMi)
\col@sep=\dimen141
\ar@mcellbox=\box51
\extrarowheight=\dimen142
\NC@list=\toks17
\extratabsurround=\skip50
\backup@length=\skip51
\ar@cellbox=\box52
) (C:\Users\manul\AppData\Local\Programs\Paquete_Latex\tex/latex/graphics\color.sty
Package: color 2022/01/06 v1.3d Standard LaTeX Color (DPC)
 (C:\Users\manul\AppData\Local\Programs\Paquete_Latex\tex/latex/graphics-cfg\color.cfg
File: color.cfg 2016/01/02 v1.6 sample color configuration
)
Package color Info: Driver file: pdftex.def on input line 149.
 (C:\Users\manul\AppData\Local\Programs\Paquete_Latex\tex/latex/graphics-def\pdftex.def
File: pdftex.def 2022/09/22 v1.2b Graphics/color driver for pdftex
) (C:\Users\manul\AppData\Local\Programs\Paquete_Latex\tex/latex/graphics\mathcolor.ltx))
\everycr=\toks18
\minrowclearance=\skip52
\rownum=\count195
) (C:\Users\manul\AppData\Local\Programs\Paquete_Latex\tex/latex/mathtools\empheq.sty
Package: empheq 2024/08/09 v2.17 Emphasizing equations
 (C:\Users\manul\AppData\Local\Programs\Paquete_Latex\tex/latex/mathtools\mhsetup.sty
Package: mhsetup 2021/03/18 v1.4 programming setup (MH)
) (C:\Users\manul\AppData\Local\Programs\Paquete_Latex\tex/latex/mathtools\mathtools.sty
Package: mathtools 2024/10/04 v1.31 mathematical typesetting tools
 (C:\Users\manul\AppData\Local\Programs\Paquete_Latex\tex/latex/graphics\keyval.sty
Package: keyval 2022/05/29 v1.15 key=value parser (DPC)
\KV@toks@=\toks19
) (C:\Users\manul\AppData\Local\Programs\Paquete_Latex\tex/latex/tools\calc.sty
Package: calc 2023/07/08 v4.3 Infix arithmetic (KKT,FJ)
\calc@Acount=\count196
\calc@Bcount=\count197
\calc@Adimen=\dimen143
\calc@Bdimen=\dimen144
\calc@Askip=\skip53
\calc@Bskip=\skip54
LaTeX Info: Redefining \setlength on input line 80.
LaTeX Info: Redefining \addtolength on input line 81.
\calc@Ccount=\count198
\calc@Cskip=\skip55
) (C:\Users\manul\AppData\Local\Programs\Paquete_Latex\tex/latex/amsmath\amsmath.sty
Package: amsmath 2023/05/13 v2.17o AMS math features
\@mathmargin=\skip56

For additional information on amsmath, use the `?' option.
(C:\Users\manul\AppData\Local\Programs\Paquete_Latex\tex/latex/amsmath\amstext.sty
Package: amstext 2021/08/26 v2.01 AMS text
 (C:\Users\manul\AppData\Local\Programs\Paquete_Latex\tex/latex/amsmath\amsgen.sty
File: amsgen.sty 1999/11/30 v2.0 generic functions
\@emptytoks=\toks20
\ex@=\dimen145
)) (C:\Users\manul\AppData\Local\Programs\Paquete_Latex\tex/latex/amsmath\amsbsy.sty
Package: amsbsy 1999/11/29 v1.2d Bold Symbols
\pmbraise@=\dimen146
) (C:\Users\manul\AppData\Local\Programs\Paquete_Latex\tex/latex/amsmath\amsopn.sty
Package: amsopn 2022/04/08 v2.04 operator names
)
\inf@bad=\count199
LaTeX Info: Redefining \frac on input line 234.
\uproot@=\count266
\leftroot@=\count267
LaTeX Info: Redefining \overline on input line 399.
LaTeX Info: Redefining \colon on input line 410.
\classnum@=\count268
\DOTSCASE@=\count269
LaTeX Info: Redefining \ldots on input line 496.
LaTeX Info: Redefining \dots on input line 499.
LaTeX Info: Redefining \cdots on input line 620.
\Mathstrutbox@=\box53
\strutbox@=\box54
LaTeX Info: Redefining \big on input line 722.
LaTeX Info: Redefining \Big on input line 723.
LaTeX Info: Redefining \bigg on input line 724.
LaTeX Info: Redefining \Bigg on input line 725.
\big@size=\dimen147
LaTeX Font Info:    Redeclaring font encoding OML on input line 743.
LaTeX Font Info:    Redeclaring font encoding OMS on input line 744.
\macc@depth=\count270
LaTeX Info: Redefining \bmod on input line 905.
LaTeX Info: Redefining \pmod on input line 910.
LaTeX Info: Redefining \smash on input line 940.
LaTeX Info: Redefining \relbar on input line 970.
LaTeX Info: Redefining \Relbar on input line 971.
\c@MaxMatrixCols=\count271
\dotsspace@=\muskip16
\c@parentequation=\count272
\dspbrk@lvl=\count273
\tag@help=\toks21
\row@=\count274
\column@=\count275
\maxfields@=\count276
\andhelp@=\toks22
\eqnshift@=\dimen148
\alignsep@=\dimen149
\tagshift@=\dimen150
\tagwidth@=\dimen151
\totwidth@=\dimen152
\lineht@=\dimen153
\@envbody=\toks23
\multlinegap=\skip57
\multlinetaggap=\skip58
\mathdisplay@stack=\toks24
LaTeX Info: Redefining \[ on input line 2953.
LaTeX Info: Redefining \] on input line 2954.
)
\g_MT_multlinerow_int=\count277
\l_MT_multwidth_dim=\dimen154
\origjot=\skip59
\l_MT_shortvdotswithinadjustabove_dim=\dimen155
\l_MT_shortvdotswithinadjustbelow_dim=\dimen156
\l_MT_above_intertext_sep=\dimen157
\l_MT_below_intertext_sep=\dimen158
\l_MT_above_shortintertext_sep=\dimen159
\l_MT_below_shortintertext_sep=\dimen160
\xmathstrut@box=\box55
\xmathstrut@dim=\dimen161
)
\l_EQ_equationtype_int=\count278
\l_EQ_alignmentmode_int=\count279
\l_EQ_totalwidth_dim=\dimen162
\l_EQ_displaywidth_dim=\dimen163
\l_EQ_temp_linewidth_dim=\dimen164
\l_EQ_linewidth_dim=\dimen165
\EmphEqdelimitershortfall=\dimen166
\EmphEqdelimiterfactor=\count280
\g_EQ_toptag_height_dim=\dimen167
\g_EQ_bottomtag_depth_dim=\dimen168
\g_EQ_toprow_height_dim=\dimen169
\g_EQ_bottomrow_depth_dim=\dimen170
\g_EQ_widesttag_dim=\dimen171
\EQ_mathdisplay_box=\box56
\EQ_tag_box=\box57
\g_EQ_temprow_int=\count281
) (C:\Users\manul\AppData\Local\Programs\Paquete_Latex\tex/latex/cancel\cancel.sty
Package: cancel 2013/04/12 v2.2 Cancel math terms
) (C:\Users\manul\AppData\Local\Programs\Paquete_Latex\tex/latex/siunitx\siunitx.sty
Package: siunitx 2025-03-26 v3.4.8 A comprehensive (SI) units package
\l__siunitx_number_uncert_offset_int=\count282
\l__siunitx_number_exponent_fixed_int=\count283
\l__siunitx_number_min_decimal_int=\count284
\l__siunitx_number_min_integer_int=\count285
\l__siunitx_number_round_precision_int=\count286
\l__siunitx_number_lower_threshold_int=\count287
\l__siunitx_number_upper_threshold_int=\count288
\l__siunitx_number_group_first_int=\count289
\l__siunitx_number_group_size_int=\count290
\l__siunitx_number_group_minimum_int=\count291
\l__siunitx_angle_tmp_dim=\dimen172
\l__siunitx_angle_marker_box=\box58
\l__siunitx_angle_unit_box=\box59
\l__siunitx_compound_count_int=\count292
 (C:\Users\manul\AppData\Local\Programs\Paquete_Latex\tex/latex/translations\translations.sty
Package: translations 2022/02/05 v1.12 internationalization of LaTeX2e packages (CN)
 (C:\Users\manul\AppData\Local\Programs\Paquete_Latex\tex/latex/etoolbox\etoolbox.sty
Package: etoolbox 2020/10/05 v2.5k e-TeX tools for LaTeX (JAW)
\etb@tempcnta=\count293
) (C:\Users\manul\AppData\Local\Programs\Paquete_Latex\tex/generic/pdftexcmds\pdftexcmds.sty
Package: pdftexcmds 2020-06-27 v0.33 Utility functions of pdfTeX for LuaTeX (HO)
 (C:\Users\manul\AppData\Local\Programs\Paquete_Latex\tex/generic/infwarerr\infwarerr.sty
Package: infwarerr 2019/12/03 v1.5 Providing info/warning/error messages (HO)
) (C:\Users\manul\AppData\Local\Programs\Paquete_Latex\tex/generic/iftex\iftex.sty
Package: iftex 2022/02/03 v1.0f TeX engine tests
) (C:\Users\manul\AppData\Local\Programs\Paquete_Latex\tex/generic/ltxcmds\ltxcmds.sty
Package: ltxcmds 2023-12-04 v1.26 LaTeX kernel commands for general use (HO)
)
Package pdftexcmds Info: \pdf@primitive is available.
Package pdftexcmds Info: \pdf@ifprimitive is available.
Package pdftexcmds Info: \pdfdraftmode found.
))
\l__siunitx_table_tmp_box=\box60
\l__siunitx_table_tmp_dim=\dimen173
\l__siunitx_table_column_width_dim=\dimen174
\l__siunitx_table_integer_box=\box61
\l__siunitx_table_decimal_box=\box62
\l__siunitx_table_uncert_box=\box63
\l__siunitx_table_before_box=\box64
\l__siunitx_table_after_box=\box65
\l__siunitx_table_before_dim=\dimen175
\l__siunitx_table_carry_dim=\dimen176
\l__siunitx_unit_tmp_int=\count294
\l__siunitx_unit_position_int=\count295
\l__siunitx_unit_total_int=\count296
) (C:\Users\manul\AppData\Local\Programs\Paquete_Latex\tex/latex/multirow\multirow.sty
Package: multirow 2024/11/12 v2.9 Span multiple rows of a table
\multirow@colwidth=\skip60
\multirow@cntb=\count297
\multirow@dima=\skip61
\bigstrutjot=\dimen177
) (C:\Users\manul\AppData\Local\Programs\Paquete_Latex\tex/latex/xcolor\xcolor.sty
Package: xcolor 2023/11/15 v3.01 LaTeX color extensions (UK)
 (C:\Users\manul\AppData\Local\Programs\Paquete_Latex\tex/latex/graphics-cfg\color.cfg
File: color.cfg 2016/01/02 v1.6 sample color configuration
)
Package xcolor Info: Driver file: pdftex.def on input line 274.
LaTeX Info: Redefining \color on input line 758.
 (C:\Users\manul\AppData\Local\Programs\Paquete_Latex\tex/latex/graphics\mathcolor.ltx)
Package xcolor Info: Model `cmy' substituted by `cmy0' on input line 1350.
Package xcolor Info: Model `hsb' substituted by `rgb' on input line 1354.
Package xcolor Info: Model `RGB' extended on input line 1366.
Package xcolor Info: Model `HTML' substituted by `rgb' on input line 1368.
Package xcolor Info: Model `Hsb' substituted by `hsb' on input line 1369.
Package xcolor Info: Model `tHsb' substituted by `hsb' on input line 1370.
Package xcolor Info: Model `HSB' substituted by `hsb' on input line 1371.
Package xcolor Info: Model `Gray' substituted by `gray' on input line 1372.
Package xcolor Info: Model `wave' substituted by `hsb' on input line 1373.
) (C:\Users\manul\AppData\Local\Programs\Paquete_Latex\tex/latex/graphics\dvipsnam.def
File: dvipsnam.def 2016/06/17 v3.0m Driver-dependent file (DPC,SPQR)
) (C:\Users\manul\AppData\Local\Programs\Paquete_Latex\tex/latex/psnfss\times.sty
Package: times 2020/03/25 PSNFSS-v9.3 (SPQR) 
) (C:\Users\manul\AppData\Local\Programs\Paquete_Latex\tex/latex/pgf/frontendlayer\tikz.sty (C:\Users\manul\AppData\Local\Programs\Paquete_Latex\tex/latex/pgf/basiclayer\pgf.sty (C:\Users\manul\AppData\Local\Programs\Paquete_Latex\tex/latex/pgf/utilities\pgfrcs.sty (C:\Users\manul\AppData\Local\Programs\Paquete_Latex\tex/generic/pgf/utilities\pgfutil-common.tex
\pgfutil@everybye=\toks25
\pgfutil@tempdima=\dimen178
\pgfutil@tempdimb=\dimen179
) (C:\Users\manul\AppData\Local\Programs\Paquete_Latex\tex/generic/pgf/utilities\pgfutil-latex.def
\pgfutil@abb=\box66
) (C:\Users\manul\AppData\Local\Programs\Paquete_Latex\tex/generic/pgf/utilities\pgfrcs.code.tex (C:\Users\manul\AppData\Local\Programs\Paquete_Latex\tex/generic/pgf\pgf.revision.tex)
Package: pgfrcs 2023-01-15 v3.1.10 (3.1.10)
))
Package: pgf 2023-01-15 v3.1.10 (3.1.10)
 (C:\Users\manul\AppData\Local\Programs\Paquete_Latex\tex/latex/pgf/basiclayer\pgfcore.sty (C:\Users\manul\AppData\Local\Programs\Paquete_Latex\tex/latex/graphics\graphicx.sty
Package: graphicx 2021/09/16 v1.2d Enhanced LaTeX Graphics (DPC,SPQR)
 (C:\Users\manul\AppData\Local\Programs\Paquete_Latex\tex/latex/graphics\graphics.sty
Package: graphics 2022/03/10 v1.4e Standard LaTeX Graphics (DPC,SPQR)
 (C:\Users\manul\AppData\Local\Programs\Paquete_Latex\tex/latex/graphics\trig.sty
Package: trig 2021/08/11 v1.11 sin cos tan (DPC)
) (C:\Users\manul\AppData\Local\Programs\Paquete_Latex\tex/latex/graphics-cfg\graphics.cfg
File: graphics.cfg 2016/06/04 v1.11 sample graphics configuration
)
Package graphics Info: Driver file: pdftex.def on input line 107.
)
\Gin@req@height=\dimen180
\Gin@req@width=\dimen181
) (C:\Users\manul\AppData\Local\Programs\Paquete_Latex\tex/latex/pgf/systemlayer\pgfsys.sty (C:\Users\manul\AppData\Local\Programs\Paquete_Latex\tex/generic/pgf/systemlayer\pgfsys.code.tex
Package: pgfsys 2023-01-15 v3.1.10 (3.1.10)
 (C:\Users\manul\AppData\Local\Programs\Paquete_Latex\tex/generic/pgf/utilities\pgfkeys.code.tex
\pgfkeys@pathtoks=\toks26
\pgfkeys@temptoks=\toks27
 (C:\Users\manul\AppData\Local\Programs\Paquete_Latex\tex/generic/pgf/utilities\pgfkeyslibraryfiltered.code.tex
\pgfkeys@tmptoks=\toks28
))
\pgf@x=\dimen182
\pgf@y=\dimen183
\pgf@xa=\dimen184
\pgf@ya=\dimen185
\pgf@xb=\dimen186
\pgf@yb=\dimen187
\pgf@xc=\dimen188
\pgf@yc=\dimen189
\pgf@xd=\dimen190
\pgf@yd=\dimen191
\w@pgf@writea=\write3
\r@pgf@reada=\read2
\c@pgf@counta=\count298
\c@pgf@countb=\count299
\c@pgf@countc=\count300
\c@pgf@countd=\count301
\t@pgf@toka=\toks29
\t@pgf@tokb=\toks30
\t@pgf@tokc=\toks31
\pgf@sys@id@count=\count302
 (C:\Users\manul\AppData\Local\Programs\Paquete_Latex\tex/generic/pgf/systemlayer\pgf.cfg
File: pgf.cfg 2023-01-15 v3.1.10 (3.1.10)
)
Driver file for pgf: pgfsys-pdftex.def
 (C:\Users\manul\AppData\Local\Programs\Paquete_Latex\tex/generic/pgf/systemlayer\pgfsys-pdftex.def
File: pgfsys-pdftex.def 2023-01-15 v3.1.10 (3.1.10)
 (C:\Users\manul\AppData\Local\Programs\Paquete_Latex\tex/generic/pgf/systemlayer\pgfsys-common-pdf.def
File: pgfsys-common-pdf.def 2023-01-15 v3.1.10 (3.1.10)
))) (C:\Users\manul\AppData\Local\Programs\Paquete_Latex\tex/generic/pgf/systemlayer\pgfsyssoftpath.code.tex
File: pgfsyssoftpath.code.tex 2023-01-15 v3.1.10 (3.1.10)
\pgfsyssoftpath@smallbuffer@items=\count303
\pgfsyssoftpath@bigbuffer@items=\count304
) (C:\Users\manul\AppData\Local\Programs\Paquete_Latex\tex/generic/pgf/systemlayer\pgfsysprotocol.code.tex
File: pgfsysprotocol.code.tex 2023-01-15 v3.1.10 (3.1.10)
)) (C:\Users\manul\AppData\Local\Programs\Paquete_Latex\tex/generic/pgf/basiclayer\pgfcore.code.tex
Package: pgfcore 2023-01-15 v3.1.10 (3.1.10)
 (C:\Users\manul\AppData\Local\Programs\Paquete_Latex\tex/generic/pgf/math\pgfmath.code.tex (C:\Users\manul\AppData\Local\Programs\Paquete_Latex\tex/generic/pgf/math\pgfmathutil.code.tex) (C:\Users\manul\AppData\Local\Programs\Paquete_Latex\tex/generic/pgf/math\pgfmathparser.code.tex
\pgfmath@dimen=\dimen192
\pgfmath@count=\count305
\pgfmath@box=\box67
\pgfmath@toks=\toks32
\pgfmath@stack@operand=\toks33
\pgfmath@stack@operation=\toks34
) (C:\Users\manul\AppData\Local\Programs\Paquete_Latex\tex/generic/pgf/math\pgfmathfunctions.code.tex) (C:\Users\manul\AppData\Local\Programs\Paquete_Latex\tex/generic/pgf/math\pgfmathfunctions.basic.code.tex) (C:\Users\manul\AppData\Local\Programs\Paquete_Latex\tex/generic/pgf/math\pgfmathfunctions.trigonometric.code.tex) (C:\Users\manul\AppData\Local\Programs\Paquete_Latex\tex/generic/pgf/math\pgfmathfunctions.random.code.tex) (C:\Users\manul\AppData\Local\Programs\Paquete_Latex\tex/generic/pgf/math\pgfmathfunctions.comparison.code.tex) (C:\Users\manul\AppData\Local\Programs\Paquete_Latex\tex/generic/pgf/math\pgfmathfunctions.base.code.tex) (C:\Users\manul\AppData\Local\Programs\Paquete_Latex\tex/generic/pgf/math\pgfmathfunctions.round.code.tex) (C:\Users\manul\AppData\Local\Programs\Paquete_Latex\tex/generic/pgf/math\pgfmathfunctions.misc.code.tex) (C:\Users\manul\AppData\Local\Programs\Paquete_Latex\tex/generic/pgf/math\pgfmathfunctions.integerarithmetics.code.tex) (C:\Users\manul\AppData\Local\Programs\Paquete_Latex\tex/generic/pgf/math\pgfmathcalc.code.tex) (C:\Users\manul\AppData\Local\Programs\Paquete_Latex\tex/generic/pgf/math\pgfmathfloat.code.tex
\c@pgfmathroundto@lastzeros=\count306
)) (C:\Users\manul\AppData\Local\Programs\Paquete_Latex\tex/generic/pgf/math\pgfint.code.tex) (C:\Users\manul\AppData\Local\Programs\Paquete_Latex\tex/generic/pgf/basiclayer\pgfcorepoints.code.tex
File: pgfcorepoints.code.tex 2023-01-15 v3.1.10 (3.1.10)
\pgf@picminx=\dimen193
\pgf@picmaxx=\dimen194
\pgf@picminy=\dimen195
\pgf@picmaxy=\dimen196
\pgf@pathminx=\dimen197
\pgf@pathmaxx=\dimen198
\pgf@pathminy=\dimen199
\pgf@pathmaxy=\dimen256
\pgf@xx=\dimen257
\pgf@xy=\dimen258
\pgf@yx=\dimen259
\pgf@yy=\dimen260
\pgf@zx=\dimen261
\pgf@zy=\dimen262
) (C:\Users\manul\AppData\Local\Programs\Paquete_Latex\tex/generic/pgf/basiclayer\pgfcorepathconstruct.code.tex
File: pgfcorepathconstruct.code.tex 2023-01-15 v3.1.10 (3.1.10)
\pgf@path@lastx=\dimen263
\pgf@path@lasty=\dimen264
) (C:\Users\manul\AppData\Local\Programs\Paquete_Latex\tex/generic/pgf/basiclayer\pgfcorepathusage.code.tex
File: pgfcorepathusage.code.tex 2023-01-15 v3.1.10 (3.1.10)
\pgf@shorten@end@additional=\dimen265
\pgf@shorten@start@additional=\dimen266
) (C:\Users\manul\AppData\Local\Programs\Paquete_Latex\tex/generic/pgf/basiclayer\pgfcorescopes.code.tex
File: pgfcorescopes.code.tex 2023-01-15 v3.1.10 (3.1.10)
\pgfpic=\box68
\pgf@hbox=\box69
\pgf@layerbox@main=\box70
\pgf@picture@serial@count=\count307
) (C:\Users\manul\AppData\Local\Programs\Paquete_Latex\tex/generic/pgf/basiclayer\pgfcoregraphicstate.code.tex
File: pgfcoregraphicstate.code.tex 2023-01-15 v3.1.10 (3.1.10)
\pgflinewidth=\dimen267
) (C:\Users\manul\AppData\Local\Programs\Paquete_Latex\tex/generic/pgf/basiclayer\pgfcoretransformations.code.tex
File: pgfcoretransformations.code.tex 2023-01-15 v3.1.10 (3.1.10)
\pgf@pt@x=\dimen268
\pgf@pt@y=\dimen269
\pgf@pt@temp=\dimen270
) (C:\Users\manul\AppData\Local\Programs\Paquete_Latex\tex/generic/pgf/basiclayer\pgfcorequick.code.tex
File: pgfcorequick.code.tex 2023-01-15 v3.1.10 (3.1.10)
) (C:\Users\manul\AppData\Local\Programs\Paquete_Latex\tex/generic/pgf/basiclayer\pgfcoreobjects.code.tex
File: pgfcoreobjects.code.tex 2023-01-15 v3.1.10 (3.1.10)
) (C:\Users\manul\AppData\Local\Programs\Paquete_Latex\tex/generic/pgf/basiclayer\pgfcorepathprocessing.code.tex
File: pgfcorepathprocessing.code.tex 2023-01-15 v3.1.10 (3.1.10)
) (C:\Users\manul\AppData\Local\Programs\Paquete_Latex\tex/generic/pgf/basiclayer\pgfcorearrows.code.tex
File: pgfcorearrows.code.tex 2023-01-15 v3.1.10 (3.1.10)
\pgfarrowsep=\dimen271
) (C:\Users\manul\AppData\Local\Programs\Paquete_Latex\tex/generic/pgf/basiclayer\pgfcoreshade.code.tex
File: pgfcoreshade.code.tex 2023-01-15 v3.1.10 (3.1.10)
\pgf@max=\dimen272
\pgf@sys@shading@range@num=\count308
\pgf@shadingcount=\count309
) (C:\Users\manul\AppData\Local\Programs\Paquete_Latex\tex/generic/pgf/basiclayer\pgfcoreimage.code.tex
File: pgfcoreimage.code.tex 2023-01-15 v3.1.10 (3.1.10)
) (C:\Users\manul\AppData\Local\Programs\Paquete_Latex\tex/generic/pgf/basiclayer\pgfcoreexternal.code.tex
File: pgfcoreexternal.code.tex 2023-01-15 v3.1.10 (3.1.10)
\pgfexternal@startupbox=\box71
) (C:\Users\manul\AppData\Local\Programs\Paquete_Latex\tex/generic/pgf/basiclayer\pgfcorelayers.code.tex
File: pgfcorelayers.code.tex 2023-01-15 v3.1.10 (3.1.10)
) (C:\Users\manul\AppData\Local\Programs\Paquete_Latex\tex/generic/pgf/basiclayer\pgfcoretransparency.code.tex
File: pgfcoretransparency.code.tex 2023-01-15 v3.1.10 (3.1.10)
) (C:\Users\manul\AppData\Local\Programs\Paquete_Latex\tex/generic/pgf/basiclayer\pgfcorepatterns.code.tex
File: pgfcorepatterns.code.tex 2023-01-15 v3.1.10 (3.1.10)
) (C:\Users\manul\AppData\Local\Programs\Paquete_Latex\tex/generic/pgf/basiclayer\pgfcorerdf.code.tex
File: pgfcorerdf.code.tex 2023-01-15 v3.1.10 (3.1.10)
))) (C:\Users\manul\AppData\Local\Programs\Paquete_Latex\tex/generic/pgf/modules\pgfmoduleshapes.code.tex
File: pgfmoduleshapes.code.tex 2023-01-15 v3.1.10 (3.1.10)
\pgfnodeparttextbox=\box72
) (C:\Users\manul\AppData\Local\Programs\Paquete_Latex\tex/generic/pgf/modules\pgfmoduleplot.code.tex
File: pgfmoduleplot.code.tex 2023-01-15 v3.1.10 (3.1.10)
) (C:\Users\manul\AppData\Local\Programs\Paquete_Latex\tex/latex/pgf/compatibility\pgfcomp-version-0-65.sty
Package: pgfcomp-version-0-65 2023-01-15 v3.1.10 (3.1.10)
\pgf@nodesepstart=\dimen273
\pgf@nodesepend=\dimen274
) (C:\Users\manul\AppData\Local\Programs\Paquete_Latex\tex/latex/pgf/compatibility\pgfcomp-version-1-18.sty
Package: pgfcomp-version-1-18 2023-01-15 v3.1.10 (3.1.10)
)) (C:\Users\manul\AppData\Local\Programs\Paquete_Latex\tex/latex/pgf/utilities\pgffor.sty (C:\Users\manul\AppData\Local\Programs\Paquete_Latex\tex/latex/pgf/utilities\pgfkeys.sty (C:\Users\manul\AppData\Local\Programs\Paquete_Latex\tex/generic/pgf/utilities\pgfkeys.code.tex)) (C:\Users\manul\AppData\Local\Programs\Paquete_Latex\tex/latex/pgf/math\pgfmath.sty (C:\Users\manul\AppData\Local\Programs\Paquete_Latex\tex/generic/pgf/math\pgfmath.code.tex)) (C:\Users\manul\AppData\Local\Programs\Paquete_Latex\tex/generic/pgf/utilities\pgffor.code.tex
Package: pgffor 2023-01-15 v3.1.10 (3.1.10)
\pgffor@iter=\dimen275
\pgffor@skip=\dimen276
\pgffor@stack=\toks35
\pgffor@toks=\toks36
)) (C:\Users\manul\AppData\Local\Programs\Paquete_Latex\tex/generic/pgf/frontendlayer/tikz\tikz.code.tex
Package: tikz 2023-01-15 v3.1.10 (3.1.10)
 (C:\Users\manul\AppData\Local\Programs\Paquete_Latex\tex/generic/pgf/libraries\pgflibraryplothandlers.code.tex
File: pgflibraryplothandlers.code.tex 2023-01-15 v3.1.10 (3.1.10)
\pgf@plot@mark@count=\count310
\pgfplotmarksize=\dimen277
)
\tikz@lastx=\dimen278
\tikz@lasty=\dimen279
\tikz@lastxsaved=\dimen280
\tikz@lastysaved=\dimen281
\tikz@lastmovetox=\dimen282
\tikz@lastmovetoy=\dimen283
\tikzleveldistance=\dimen284
\tikzsiblingdistance=\dimen285
\tikz@figbox=\box73
\tikz@figbox@bg=\box74
\tikz@tempbox=\box75
\tikz@tempbox@bg=\box76
\tikztreelevel=\count311
\tikznumberofchildren=\count312
\tikznumberofcurrentchild=\count313
\tikz@fig@count=\count314
 (C:\Users\manul\AppData\Local\Programs\Paquete_Latex\tex/generic/pgf/modules\pgfmodulematrix.code.tex
File: pgfmodulematrix.code.tex 2023-01-15 v3.1.10 (3.1.10)
\pgfmatrixcurrentrow=\count315
\pgfmatrixcurrentcolumn=\count316
\pgf@matrix@numberofcolumns=\count317
)
\tikz@expandcount=\count318
 (C:\Users\manul\AppData\Local\Programs\Paquete_Latex\tex/generic/pgf/frontendlayer/tikz/libraries\tikzlibrarytopaths.code.tex
File: tikzlibrarytopaths.code.tex 2023-01-15 v3.1.10 (3.1.10)
))) (C:\Users\manul\AppData\Local\Programs\Paquete_Latex\tex/latex/geometry\geometry.sty
Package: geometry 2020/01/02 v5.9 Page Geometry
 (C:\Users\manul\AppData\Local\Programs\Paquete_Latex\tex/generic/iftex\ifvtex.sty
Package: ifvtex 2019/10/25 v1.7 ifvtex legacy package. Use iftex instead.
)
\Gm@cnth=\count319
\Gm@cntv=\count320
\c@Gm@tempcnt=\count321
\Gm@bindingoffset=\dimen286
\Gm@wd@mp=\dimen287
\Gm@odd@mp=\dimen288
\Gm@even@mp=\dimen289
\Gm@layoutwidth=\dimen290
\Gm@layoutheight=\dimen291
\Gm@layouthoffset=\dimen292
\Gm@layoutvoffset=\dimen293
\Gm@dimlist=\toks37
 (C:\Users\manul\AppData\Local\Programs\Paquete_Latex\tex/latex/geometry\geometry.cfg)) (C:\Users\manul\AppData\Local\Programs\Paquete_Latex\tex/latex/anyfontsize\anyfontsize.sty
Package: anyfontsize 2007/11/22 anyfontsize.sty by pts
) (C:\Users\manul\AppData\Local\Programs\Paquete_Latex\tex/latex/fancyhdr\fancyhdr.sty
Package: fancyhdr 2024/07/23 v4.3.1 Extensive control of page headers and footers
\f@nch@headwidth=\skip62
\f@nch@O@elh=\skip63
\f@nch@O@erh=\skip64
\f@nch@O@olh=\skip65
\f@nch@O@orh=\skip66
\f@nch@O@elf=\skip67
\f@nch@O@erf=\skip68
\f@nch@O@olf=\skip69
\f@nch@O@orf=\skip70
) (C:\Users\manul\AppData\Local\Programs\Paquete_Latex\tex/latex/tools\indentfirst.sty
Package: indentfirst 2023/07/02 v1.03 Indent first paragraph (DPC)
) (C:\Users\manul\AppData\Local\Programs\Paquete_Latex\tex/generic/babel\babel.sty
Package: babel 2024/01/07 v24.1 The Babel package
\babel@savecnt=\count322
\U@D=\dimen294
\l@unhyphenated=\language79
 (C:\Users\manul\AppData\Local\Programs\Paquete_Latex\tex/generic/babel\txtbabel.def)
\bbl@readstream=\read3
\bbl@dirlevel=\count323

*************************************
* Local config file bblopts.cfg used
*
(C:\Users\manul\AppData\Local\Programs\Paquete_Latex\tex/latex/arabi\bblopts.cfg
File: bblopts.cfg 2005/09/08 v0.1 add Arabic and Farsi to "declared" options of babel
) (C:\Users\manul\AppData\Local\Programs\Paquete_Latex\tex/latex/babel-spanish\spanish.ldf
Language: spanish.ldf 2021/05/27 v5.0q Spanish support from the babel system
\es@quottoks=\toks38
\es@quotdepth=\count324
Package babel Info: Making " an active character on input line 570.
Package babel Info: Making . an active character on input line 675.
Package babel Info: Making < an active character on input line 722.
Package babel Info: Making > an active character on input line 722.
)) (C:\Users\manul\AppData\Local\Programs\Paquete_Latex\tex/generic/babel/locale/es\babel-spanish.tex
Package babel Info: Importing font and identification data for spanish
(babel)             from babel-es.ini. Reported on input line 11.
) (C:\Users\manul\AppData\Local\Programs\Paquete_Latex\tex/latex/base\inputenc.sty
Package: inputenc 2021/02/14 v1.3d Input encoding file
\inpenc@prehook=\toks39
\inpenc@posthook=\toks40
) (C:\Users\manul\AppData\Local\Programs\Paquete_Latex\tex/latex/titlesec\titlesec.sty
Package: titlesec 2023/10/27 v2.16 Sectioning titles
\ttl@box=\box77
\beforetitleunit=\skip71
\aftertitleunit=\skip72
\ttl@plus=\dimen295
\ttl@minus=\dimen296
\ttl@toksa=\toks41
\titlewidth=\dimen297
\titlewidthlast=\dimen298
\titlewidthfirst=\dimen299
) (C:\Users\manul\AppData\Local\Programs\Paquete_Latex\tex/latex/enumitem\enumitem.sty
Package: enumitem 2019/06/20 v3.9 Customized lists
\labelindent=\skip73
\enit@outerparindent=\dimen300
\enit@toks=\toks42
\enit@inbox=\box78
\enit@count@id=\count325
\enitdp@description=\count326
) (C:\Users\manul\AppData\Local\Programs\Paquete_Latex\tex/latex/caption\caption.sty
Package: caption 2023/08/05 v3.6o Customizing captions (AR)
 (C:\Users\manul\AppData\Local\Programs\Paquete_Latex\tex/latex/caption\caption3.sty
Package: caption3 2023/07/31 v2.4d caption3 kernel (AR)
\caption@tempdima=\dimen301
\captionmargin=\dimen302
\caption@leftmargin=\dimen303
\caption@rightmargin=\dimen304
\caption@width=\dimen305
\caption@indent=\dimen306
\caption@parindent=\dimen307
\caption@hangindent=\dimen308
Package caption Info: Standard document class detected.
)
\c@caption@flags=\count327
\c@continuedfloat=\count328
) (C:\Users\manul\AppData\Local\Programs\Paquete_Latex\tex/latex/psnfss\mathptmx.sty
Package: mathptmx 2020/03/25 PSNFSS-v9.3 Times w/ Math, improved (SPQR, WaS) 
LaTeX Font Info:    Redeclaring symbol font `operators' on input line 28.
LaTeX Font Info:    Overwriting symbol font `operators' in version `normal'
(Font)                  OT1/cmr/m/n --> OT1/ztmcm/m/n on input line 28.
LaTeX Font Info:    Overwriting symbol font `operators' in version `bold'
(Font)                  OT1/cmr/bx/n --> OT1/ztmcm/m/n on input line 28.
LaTeX Font Info:    Redeclaring symbol font `letters' on input line 29.
LaTeX Font Info:    Overwriting symbol font `letters' in version `normal'
(Font)                  OML/cmm/m/it --> OML/ztmcm/m/it on input line 29.
LaTeX Font Info:    Overwriting symbol font `letters' in version `bold'
(Font)                  OML/cmm/b/it --> OML/ztmcm/m/it on input line 29.
LaTeX Font Info:    Redeclaring symbol font `symbols' on input line 30.
LaTeX Font Info:    Overwriting symbol font `symbols' in version `normal'
(Font)                  OMS/cmsy/m/n --> OMS/ztmcm/m/n on input line 30.
LaTeX Font Info:    Overwriting symbol font `symbols' in version `bold'
(Font)                  OMS/cmsy/b/n --> OMS/ztmcm/m/n on input line 30.
LaTeX Font Info:    Redeclaring symbol font `largesymbols' on input line 31.
LaTeX Font Info:    Overwriting symbol font `largesymbols' in version `normal'
(Font)                  OMX/cmex/m/n --> OMX/ztmcm/m/n on input line 31.
LaTeX Font Info:    Overwriting symbol font `largesymbols' in version `bold'
(Font)                  OMX/cmex/m/n --> OMX/ztmcm/m/n on input line 31.
\symbold=\mathgroup4
\symitalic=\mathgroup5
LaTeX Font Info:    Redeclaring math alphabet \mathbf on input line 34.
LaTeX Font Info:    Overwriting math alphabet `\mathbf' in version `normal'
(Font)                  OT1/cmr/bx/n --> OT1/ptm/bx/n on input line 34.
LaTeX Font Info:    Overwriting math alphabet `\mathbf' in version `bold'
(Font)                  OT1/cmr/bx/n --> OT1/ptm/bx/n on input line 34.
LaTeX Font Info:    Redeclaring math alphabet \mathit on input line 35.
LaTeX Font Info:    Overwriting math alphabet `\mathit' in version `normal'
(Font)                  OT1/cmr/m/it --> OT1/ptm/m/it on input line 35.
LaTeX Font Info:    Overwriting math alphabet `\mathit' in version `bold'
(Font)                  OT1/cmr/bx/it --> OT1/ptm/m/it on input line 35.
LaTeX Info: Redefining \hbar on input line 50.
) (C:\Users\manul\AppData\Local\Programs\Paquete_Latex\tex/latex/lastpage\lastpage.sty
Package: lastpage 2024/07/07 v2.1c lastpage: 2.09 or 2e? (HMM)
 (C:\Users\manul\AppData\Local\Programs\Paquete_Latex\tex/latex/lastpage\lastpage2e.sty
Package: lastpage2e 2024/07/07 v2.1c Decide which 2e lastpage version to use (HMM)
 (C:\Users\manul\AppData\Local\Programs\Paquete_Latex\tex/latex/lastpage\lastpagemodern.sty
Package: lastpagemodern 2024-07-07 v2.1c Refers to last page's name (HMM; JPG)
\c@lastpagecount=\count329
) 
)) (C:\Users\manul\AppData\Local\Programs\Paquete_Latex\tex/latex/booktabs\booktabs.sty
Package: booktabs 2020/01/12 v1.61803398 Publication quality tables
\heavyrulewidth=\dimen309
\lightrulewidth=\dimen310
\cmidrulewidth=\dimen311
\belowrulesep=\dimen312
\belowbottomsep=\dimen313
\aboverulesep=\dimen314
\abovetopsep=\dimen315
\cmidrulesep=\dimen316
\cmidrulekern=\dimen317
\defaultaddspace=\dimen318
\@cmidla=\count330
\@cmidlb=\count331
\@aboverulesep=\dimen319
\@belowrulesep=\dimen320
\@thisruleclass=\count332
\@lastruleclass=\count333
\@thisrulewidth=\dimen321
) (C:\Users\manul\AppData\Local\Programs\Paquete_Latex\tex/latex/amsfonts\amsfonts.sty
Package: amsfonts 2013/01/14 v3.01 Basic AMSFonts support
\symAMSa=\mathgroup6
\symAMSb=\mathgroup7
LaTeX Font Info:    Overwriting math alphabet `\mathfrak' in version `bold'
(Font)                  U/euf/m/n --> U/euf/b/n on input line 106.
) (C:\Users\manul\AppData\Local\Programs\Paquete_Latex\tex/latex/mhchem\mhchem.sty
Package: mhchem 2024/01/29 v4.10 for typesetting chemical formulae
 (C:\Users\manul\AppData\Local\Programs\Paquete_Latex\tex/latex/l3kernel\expl3.sty
Package: expl3 2024-01-04 L3 programming layer (loader) 
 (C:\Users\manul\AppData\Local\Programs\Paquete_Latex\tex/latex/l3backend\l3backend-pdftex.def
File: l3backend-pdftex.def 2024-01-04 L3 backend support: PDF output (pdfTeX)
\l__color_backend_stack_int=\count334
\l__pdf_internal_box=\box79
)) (C:\Users\manul\AppData\Local\Programs\Paquete_Latex\tex/latex/l3packages/l3keys2e\l3keys2e.sty
Package: l3keys2e 2023-10-10 LaTeX2e option processing using LaTeX3 keys
) (C:\Users\manul\AppData\Local\Programs\Paquete_Latex\tex/latex/chemgreek\chemgreek.sty (C:\Users\manul\AppData\Local\Programs\Paquete_Latex\tex/latex/l3packages/xparse\xparse.sty
Package: xparse 2023-10-10 L3 Experimental document command parser
)
Package: chemgreek 2020/01/16 v1.1a interface for upright Greek letters for use in chemistry (CN)
\l__chemgreek_tmpa_int=\count335
\g__chemgreek_tmpa_int=\count336
)
\l__mhchem_ce_distanceFromLastComma_int=\count337
\__mhchem_arrow_extPgfLength_skip=\skip74
\mhchem@minispace@tmp=\skip75
\mhchem@minibackspace@tmp=\skip76
\mhchem@bondwidth=\skip77
\mhchem@bondheight=\skip78
\mhchem@smallbondwidth@tmpA=\skip79
\mhchem@smallbondwidth@tmpB=\skip80
\mhchem@smallbondwidth=\skip81
\mhchem@bondtmp@minussidebearingleft=\skip82
\mhchem@bondtmp@minussidebearingright=\skip83
\l__mhchem_option_version_int=\count338
\mhchem@option@minusmathsidebearingleft=\dimen322
\mhchem@option@minusmathsidebearingright=\dimen323
\mhchem@option@minustextsidebearingleft=\dimen324
\mhchem@option@minustextsidebearingright=\dimen325
) (C:\Users\manul\AppData\Local\Programs\Paquete_Latex\tex/latex/float\float.sty
Package: float 2001/11/08 v1.3d Float enhancements (AL)
\c@float@type=\count339
\float@exts=\toks43
\float@box=\box80
\@float@everytoks=\toks44
\@floatcapt=\box81
) (C:\Users\manul\AppData\Local\Programs\Paquete_Latex\tex/latex/circuitikz\circuitikz.sty
Package: circuitikz 2025/03/21{} The CircuiTikz circuit drawing package version 1.7.2
 (C:\Users\manul\AppData\Local\Programs\Paquete_Latex\tex/generic/pgf/frontendlayer/tikz/libraries\tikzlibrarycalc.code.tex
File: tikzlibrarycalc.code.tex 2023-01-15 v3.1.10 (3.1.10)
) (C:\Users\manul\AppData\Local\Programs\Paquete_Latex\tex/generic/pgf/libraries\pgflibraryarrows.meta.code.tex
File: pgflibraryarrows.meta.code.tex 2023-01-15 v3.1.10 (3.1.10)
\pgfarrowinset=\dimen326
\pgfarrowlength=\dimen327
\pgfarrowwidth=\dimen328
\pgfarrowlinewidth=\dimen329
) (C:\Users\manul\AppData\Local\Programs\Paquete_Latex\tex/generic/pgf/frontendlayer/tikz/libraries\tikzlibrarybending.code.tex
File: tikzlibrarybending.code.tex 2023-01-15 v3.1.10 (3.1.10)
 (C:\Users\manul\AppData\Local\Programs\Paquete_Latex\tex/generic/pgf/modules\pgfmodulebending.code.tex
File: pgfmodulebending.code.tex 2023-01-15 v3.1.10 (3.1.10)
 (C:\Users\manul\AppData\Local\Programs\Paquete_Latex\tex/generic/pgf/modules\pgfmodulenonlineartransformations.code.tex
File: pgfmodulenonlineartransformations.code.tex 2023-01-15 v3.1.10 (3.1.10)
\pgftransformnonlinearflatness=\dimen330
) (C:\Users\manul\AppData\Local\Programs\Paquete_Latex\tex/generic/pgf/libraries\pgflibrarycurvilinear.code.tex
File: pgflibrarycurvilinear.code.tex 2023-01-15 v3.1.10 (3.1.10)
\pgf@curvilinear@time@a=\dimen331
\pgf@curvilinear@length@a=\dimen332
\pgf@curvilinear@length@b=\dimen333
\pgf@curvilinear@length@c=\dimen334
\pgf@curvilinear@length@d=\dimen335
)
\pgf@arrows@the@rigidity=\dimen336
)) (C:\Users\manul\AppData\Local\Programs\Paquete_Latex\tex/generic/pgf/frontendlayer/tikz/libraries\tikzlibraryfpu.code.tex (C:\Users\manul\AppData\Local\Programs\Paquete_Latex\tex/generic/pgf/libraries\pgflibraryfpu.code.tex)) (C:\Users\manul\AppData\Local\Programs\Paquete_Latex\tex/generic/circuitikz\pgfcirc.defines.tex
\pgf@circ@count@a=\count340
\pgf@circ@count@b=\count341
\pgf@circ@count@c=\count342
\pgf@circ@res@up=\dimen337
\pgf@circ@res@down=\dimen338
\pgf@circ@res@zero=\dimen339
\pgf@circ@res@left=\dimen340
\pgf@circ@res@right=\dimen341
\pgf@circ@res@other=\dimen342
\pgf@circ@res@step=\dimen343
\pgf@circ@res@temp=\dimen344
\pgf@circ@Rlen=\dimen345
\pgf@circ@scaled@Rlen=\dimen346
\pgfstartlinewidth=\dimen347
) (C:\Users\manul\AppData\Local\Programs\Paquete_Latex\tex/generic/circuitikz\pgfcircutils.tex
\ctikz@scratchbox=\box82
) (C:\Users\manul\AppData\Local\Programs\Paquete_Latex\tex/generic/circuitikz\pgfcircpath.tex) (C:\Users\manul\AppData\Local\Programs\Paquete_Latex\tex/generic/circuitikz\pgfcircshapes.tex) (C:\Users\manul\AppData\Local\Programs\Paquete_Latex\tex/generic/circuitikz\pgfcircmonopoles.tex) (C:\Users\manul\AppData\Local\Programs\Paquete_Latex\tex/generic/circuitikz\pgfcircbipoles.tex) (C:\Users\manul\AppData\Local\Programs\Paquete_Latex\tex/generic/circuitikz\pgfcirctripoles.tex
\pgf@circ@res@count=\count343
) (C:\Users\manul\AppData\Local\Programs\Paquete_Latex\tex/generic/circuitikz\pgfcircquadpoles.tex) (C:\Users\manul\AppData\Local\Programs\Paquete_Latex\tex/generic/circuitikz\pgfcircmultipoles.tex) (C:\Users\manul\AppData\Local\Programs\Paquete_Latex\tex/generic/circuitikz\pgfcirclabel.tex) (C:\Users\manul\AppData\Local\Programs\Paquete_Latex\tex/generic/circuitikz\pgfcircvoltage.tex
\pgfcirc@labelshift=\dimen348
) (C:\Users\manul\AppData\Local\Programs\Paquete_Latex\tex/generic/circuitikz\pgfcirccurrent.tex) (C:\Users\manul\AppData\Local\Programs\Paquete_Latex\tex/generic/circuitikz\pgfcircflow.tex)) (C:\Users\manul\AppData\Local\Programs\Paquete_Latex\tex/latex/caption\subcaption.sty
Package: subcaption 2023/07/28 v1.6b Sub-captions (AR)
Package caption Info: New subtype `subfigure' on input line 238.
\c@subfigure=\count344
Package caption Info: New subtype `subtable' on input line 238.
\c@subtable=\count345
) (C:\Users\manul\AppData\Local\Programs\Paquete_Latex\tex/latex/changepage\changepage.sty
Package: changepage 2009/10/20 v1.0c check page and change page layout
\c@cp@cntr=\count346
\cp@tempcnt=\count347
) (C:\Users\manul\AppData\Local\Programs\Paquete_Latex\tex/latex/eso-pic\eso-pic.sty
Package: eso-pic 2023/05/03 v3.0c eso-pic (RN)
\ESO@tempdima=\dimen349
\ESO@tempdimb=\dimen350
) (C:\Users\manul\AppData\Local\Programs\Paquete_Latex\tex/latex/pythontex\pythontex.sty
Package: pythontex 2021/06/06 v0.18 execute and typeset Python code and other languages
 (C:\Users\manul\AppData\Local\Programs\Paquete_Latex\tex/latex/fvextra\fvextra.sty
Package: fvextra 2025/05/29 v1.13.2 fvextra - extensions and patches for fancyvrb
 (C:\Users\manul\AppData\Local\Programs\Paquete_Latex\tex/latex/fancyvrb\fancyvrb.sty
Package: fancyvrb 2024/01/20 4.5c verbatim text (tvz,hv)
\FV@CodeLineNo=\count348
\FV@InFile=\read4
\FV@TabBox=\box83
\c@FancyVerbLine=\count349
\FV@StepNumber=\count350
\FV@OutFile=\write4
) (C:\Users\manul\AppData\Local\Programs\Paquete_Latex\tex/latex/upquote\upquote.sty
Package: upquote 2012/04/19 v1.3 upright-quote and grave-accent glyphs in verbatim
 (C:\Users\manul\AppData\Local\Programs\Paquete_Latex\tex/latex/base\textcomp.sty
Package: textcomp 2020/02/02 v2.0n Standard LaTeX package
)) (C:\Users\manul\AppData\Local\Programs\Paquete_Latex\tex/latex/lineno\lineno.sty
Package: lineno 2025/05/13 line numbers on paragraphs v5.5
 (C:\Users\manul\AppData\Local\Programs\Paquete_Latex\tex/latex/kvoptions\kvoptions.sty
Package: kvoptions 2022-06-15 v3.15 Key value format for package options (HO)
 (C:\Users\manul\AppData\Local\Programs\Paquete_Latex\tex/latex/kvsetkeys\kvsetkeys.sty
Package: kvsetkeys 2022-10-05 v1.19 Key value parser (HO)
))
\linenopenalty=\count351
\output=\toks45
\linenoprevgraf=\count352
\linenumbersep=\dimen351
\linenumberwidth=\dimen352
\c@linenumber=\count353
\c@pagewiselinenumber=\count354
\c@LN@truepage=\count355
\c@internallinenumber=\count356
\c@internallinenumbers=\count357
\quotelinenumbersep=\dimen353
\bframerule=\dimen354
\bframesep=\dimen355
\bframebox=\box84
\@LN@amsmath@ams@eqpen=\count358
)
\c@FancyVerbWriteLine=\count359
\c@FancyVerbBufferLine=\count360
\c@FV@TrueTabGroupLevel=\count361
\c@FV@TrueTabCounter=\count362
\FV@TabBox@Group=\box85
\FV@bgcolorstructbox=\box86
\FV@TmpLength=\skip84
\c@FV@HighlightLinesStart=\count363
\c@FV@HighlightLinesStop=\count364
\FV@LoopCount=\count365
\FV@NCharsBox=\box87
\FV@BreakIndent=\dimen356
\FV@BreakIndentNChars=\count366
\FV@BreakSymbolSepLeft=\dimen357
\FV@BreakSymbolSepLeftNChars=\count367
\FV@BreakSymbolSepRight=\dimen358
\FV@BreakSymbolSepRightNChars=\count368
\FV@BreakSymbolIndentLeft=\dimen359
\FV@BreakSymbolIndentLeftNChars=\count369
\FV@BreakSymbolIndentRight=\dimen360
\FV@BreakSymbolIndentRightNChars=\count370
\c@FancyVerbLineBreakLast=\count371
\FV@LineBox=\box88
\FV@LineIndentBox=\box89
\c@FV@BreakBufferDepth=\count372
\FV@LineWidth=\dimen361
) (C:\Users\manul\AppData\Local\Programs\Paquete_Latex\tex/latex/xstring\xstring.sty (C:\Users\manul\AppData\Local\Programs\Paquete_Latex\tex/generic/xstring\xstring.tex
\xs_counta=\count373
\xs_countb=\count374
)
Package: xstring 2023/08/22 v1.86 String manipulations (CT)
) (C:\Users\manul\AppData\Local\Programs\Paquete_Latex\tex/latex/pgfopts\pgfopts.sty
Package: pgfopts 2014/07/10 v2.1a LaTeX package options with pgfkeys
\pgfopts@list@add@a@toks=\toks46
\pgfopts@list@add@b@toks=\toks47
) (C:\Users\manul\AppData\Local\Programs\Paquete_Latex\tex/latex/newfloat\newfloat.sty
Package: newfloat 2023/10/01 v1.2 Defining new floating environments (AR)
) (C:\Users\manul\AppData\Local\Programs\Paquete_Latex\tex/latex/currfile\currfile.sty
Package: currfile 2024/03/14 v1.0 Provides the file path elements of the current input file
 (C:\Users\manul\AppData\Local\Programs\Paquete_Latex\tex/latex/filehook\filehook.sty
Package: filehook 2022/10/25 v0.8b Hooks for input files
 (C:\Users\manul\AppData\Local\Programs\Paquete_Latex\tex/latex/filehook\filehook-2020.sty
Package: filehook-2020 2022/10/25 v0.8b Hooks for input files
))
\c@currfiledepth=\count375
)
\pytx@codefile=\write5
\openout5 = `main.pytxcode'.

\c@pytx@FancyVerbLineTemp=\count376
\c@pytx@py@default@default=\count377
\c@pytx@pycon@default@default=\count378
\c@pytx@sympy@default@default=\count379
\c@pytx@sympycon@default@default=\count380
\c@pytx@pylab@default@default=\count381
\c@pytx@pylabcon@default@default=\count382
) (C:\Users\manul\AppData\Local\Programs\Paquete_Latex\tex/latex/tools\multicol.sty
Package: multicol 2023/03/30 v1.9f multicolumn formatting (FMi)
\c@tracingmulticols=\count383
\mult@box=\box90
\multicol@leftmargin=\dimen362
\c@unbalance=\count384
\c@collectmore=\count385
\doublecol@number=\count386
\multicoltolerance=\count387
\multicolpretolerance=\count388
\full@width=\dimen363
\page@free=\dimen364
\premulticols=\dimen365
\postmulticols=\dimen366
\multicolsep=\skip85
\multicolbaselineskip=\skip86
\partial@page=\box91
\last@line=\box92
\mc@boxedresult=\box93
\maxbalancingoverflow=\dimen367
\mult@rightbox=\box94
\mult@grightbox=\box95
\mult@firstbox=\box96
\mult@gfirstbox=\box97
\@tempa=\box98
\@tempa=\box99
\@tempa=\box100
\@tempa=\box101
\@tempa=\box102
\@tempa=\box103
\@tempa=\box104
\@tempa=\box105
\@tempa=\box106
\@tempa=\box107
\@tempa=\box108
\@tempa=\box109
\@tempa=\box110
\@tempa=\box111
\@tempa=\box112
\@tempa=\box113
\@tempa=\box114
\@tempa=\box115
\@tempa=\box116
\@tempa=\box117
\@tempa=\box118
\@tempa=\box119
\@tempa=\box120
\@tempa=\box121
\@tempa=\box122
\@tempa=\box123
\@tempa=\box124
\@tempa=\box125
\@tempa=\box126
\@tempa=\box127
\@tempa=\box128
\@tempa=\box129
\@tempa=\box130
\@tempa=\box131
\@tempa=\box132
\@tempa=\box133
\c@minrows=\count389
\c@columnbadness=\count390
\c@finalcolumnbadness=\count391
\last@try=\dimen368
\multicolovershoot=\dimen369
\multicolundershoot=\dimen370
\mult@nat@firstbox=\box134
\colbreak@box=\box135
\mc@col@check@num=\count392
))

LaTeX Warning: Package "xcolor" has already been loaded: ignoring load-time
(LaTeX)        option "xcdraw".

(comandos.tex)
LaTeX Font Info:    Trying to load font information for OT1+ptm on input line 13.
 (C:\Users\manul\AppData\Local\Programs\Paquete_Latex\tex/latex/psnfss\ot1ptm.fd
File: ot1ptm.fd 2001/06/04 font definitions for OT1/ptm.
) (c:\Users\manul\OneDrive\Escritorio\electronicaAplicada\I\trabajosPracticos\tp3\templateLaTeX\build\main.aux
LaTeX Info: Redefining \. on input line 8.
LaTeX Info: Redefining \% on input line 8.


LaTeX Warning: Label `fig:6cm' multiply defined.


LaTeX Warning: Label `fig:8cm' multiply defined.


LaTeX Warning: Label `fig:8cm' multiply defined.


LaTeX Warning: Label `fig:8cm' multiply defined.


LaTeX Warning: Label `fig:8cm' multiply defined.

)
\openout1 = `main.aux'.

LaTeX Font Info:    Checking defaults for OML/cmm/m/it on input line 13.
LaTeX Font Info:    ... okay on input line 13.
LaTeX Font Info:    Checking defaults for OMS/cmsy/m/n on input line 13.
LaTeX Font Info:    ... okay on input line 13.
LaTeX Font Info:    Checking defaults for OT1/cmr/m/n on input line 13.
LaTeX Font Info:    ... okay on input line 13.
LaTeX Font Info:    Checking defaults for T1/cmr/m/n on input line 13.
LaTeX Font Info:    ... okay on input line 13.
LaTeX Font Info:    Checking defaults for TS1/cmr/m/n on input line 13.
LaTeX Font Info:    ... okay on input line 13.
LaTeX Font Info:    Checking defaults for OMX/cmex/m/n on input line 13.
LaTeX Font Info:    ... okay on input line 13.
LaTeX Font Info:    Checking defaults for U/cmr/m/n on input line 13.
LaTeX Font Info:    ... okay on input line 13.
 (C:\Users\manul\AppData\Local\Programs\Paquete_Latex\tex/context/base/mkii\supp-pdf.mkii
[Loading MPS to PDF converter (version 2006.09.02).]
\scratchcounter=\count393
\scratchdimen=\dimen371
\scratchbox=\box136
\nofMPsegments=\count394
\nofMParguments=\count395
\everyMPshowfont=\toks48
\MPscratchCnt=\count396
\MPscratchDim=\dimen372
\MPnumerator=\count397
\makeMPintoPDFobject=\count398
\everyMPtoPDFconversion=\toks49
) (C:\Users\manul\AppData\Local\Programs\Paquete_Latex\tex/latex/epstopdf-pkg\epstopdf-base.sty
Package: epstopdf-base 2020-01-24 v2.11 Base part for package epstopdf
Package epstopdf-base Info: Redefining graphics rule for `.eps' on input line 485.
 (C:\Users\manul\AppData\Local\Programs\Paquete_Latex\tex/latex/00miktex\epstopdf-sys.cfg
File: epstopdf-sys.cfg 2021/03/18 v2.0 Configuration of epstopdf for MiKTeX
))
\Hy@linkcounter=\count399
 (C:\Users\manul\AppData\Local\Programs\Paquete_Latex\tex/latex/translations/dicts\translations-basic-dictionary-spanish.trsl
File: translations-basic-dictionary-spanish.trsl (spanish translation file `translations-basic-dictionary')
)
Package translations Info: loading dictionary `translations-basic-dictionary' for `spanish'. on input line 13.

*geometry* driver: auto-detecting
*geometry* detected driver: pdftex
*geometry* verbose mode - [ preamble ] result:
* driver: pdftex
* paper: a4paper
* layout: <same size as paper>
* layoutoffset:(h,v)=(0.0pt,0.0pt)
* modes: 
* h-part:(L,W,R)=(54.2025pt, 489.10287pt, 54.2025pt)
* v-part:(T,H,B)=(54.2025pt, 718.57436pt, 72.26999pt)
* \paperwidth=597.50787pt
* \paperheight=845.04684pt
* \textwidth=489.10287pt
* \textheight=718.57436pt
* \oddsidemargin=-18.06749pt
* \evensidemargin=-18.06749pt
* \topmargin=-65.06749pt
* \headheight=45.0pt
* \headsep=2.0pt
* \topskip=10.0pt
* \footskip=14.22636pt
* \marginparwidth=57.0pt
* \marginparsep=11.0pt
* \columnsep=10.0pt
* \skip\footins=9.0pt plus 4.0pt minus 2.0pt
* \hoffset=0.0pt
* \voffset=0.0pt
* \mag=1000
* \@twocolumnfalse
* \@twosidefalse
* \@mparswitchfalse
* \@reversemarginfalse
* (1in=72.27pt=25.4mm, 1cm=28.453pt)

LaTeX Info: Redefining \. on input line 13.
LaTeX Info: Redefining \% on input line 13.
Package caption Info: Begin \AtBeginDocument code.
Package caption Info: changepage package is loaded.
\caption@adjustwidth@hsize=\dimen373
\caption@adjustwidth@linewidth=\dimen374
Package caption Info: float package is loaded.
Package caption Info: End \AtBeginDocument code.

Package chemgreek Info: Activating mapping `default' on line 13.

Package newfloat Info: `float' package detected.
No file pythontex-files-main/main.pytxmcr.
Run PythonTeX to create it.
Package newfloat Info: New float `listing' with options `fileext=lopytx' on input line 13.
\c@listing=\count400
Package newfloat Info: float type `listing'=4 on input line 13.
Package caption Info: New subtype `sublisting' on input line 13.
\c@sublisting=\count401
(caratula.tex
*geometry* verbose mode - [ newgeometry ] result:
* driver: pdftex
* paper: a4paper
* layout: <same size as paper>
* layoutoffset:(h,v)=(0.0pt,0.0pt)
* modes: 
* h-part:(L,W,R)=(0.0pt, 597.50787pt, 0.0pt)
* v-part:(T,H,B)=(0.0pt, 845.04684pt, 0.0pt)
* \paperwidth=597.50787pt
* \paperheight=845.04684pt
* \textwidth=597.50787pt
* \textheight=845.04684pt
* \oddsidemargin=-72.26999pt
* \evensidemargin=-72.26999pt
* \topmargin=-119.26999pt
* \headheight=45.0pt
* \headsep=2.0pt
* \topskip=10.0pt
* \footskip=14.22636pt
* \marginparwidth=57.0pt
* \marginparsep=11.0pt
* \columnsep=10.0pt
* \skip\footins=9.0pt plus 4.0pt minus 2.0pt
* \hoffset=0.0pt
* \voffset=0.0pt
* \mag=1000
* \@twocolumnfalse
* \@twosidefalse
* \@mparswitchfalse
* \@reversemarginfalse
* (1in=72.27pt=25.4mm, 1cm=28.453pt)

<./imagenes/utn.png, id=4, 216.81pt x 234.8775pt>
File: ./imagenes/utn.png Graphic file (type png)
<use ./imagenes/utn.png>
Package pdftex.def Info: ./imagenes/utn.png  used on input line 15.
(pdftex.def)             Requested size: 85.35826pt x 92.47275pt.
<./imagenes/caratula.png, id=5, 919.435pt x 1489.565pt>
File: ./imagenes/caratula.png Graphic file (type png)
<use ./imagenes/caratula.png>
Package pdftex.def Info: ./imagenes/caratula.png  used on input line 16.
(pdftex.def)             Requested size: 119.49974pt x 193.58206pt.
LaTeX Font Info:    Trying to load font information for TS1+ptm on input line 32.
 (C:\Users\manul\AppData\Local\Programs\Paquete_Latex\tex/latex/psnfss\ts1ptm.fd
File: ts1ptm.fd 2001/06/04 font definitions for TS1/ptm.
)
LaTeX Font Info:    Trying to load font information for OT1+ztmcm on input line 40.
 (C:\Users\manul\AppData\Local\Programs\Paquete_Latex\tex/latex/psnfss\ot1ztmcm.fd
File: ot1ztmcm.fd 2000/01/03 Fontinst v1.801 font definitions for OT1/ztmcm.
)
LaTeX Font Info:    Trying to load font information for OML+ztmcm on input line 40.
 (C:\Users\manul\AppData\Local\Programs\Paquete_Latex\tex/latex/psnfss\omlztmcm.fd
File: omlztmcm.fd 2000/01/03 Fontinst v1.801 font definitions for OML/ztmcm.
)
LaTeX Font Info:    Trying to load font information for OMS+ztmcm on input line 40.
 (C:\Users\manul\AppData\Local\Programs\Paquete_Latex\tex/latex/psnfss\omsztmcm.fd
File: omsztmcm.fd 2000/01/03 Fontinst v1.801 font definitions for OMS/ztmcm.
)
LaTeX Font Info:    Trying to load font information for OMX+ztmcm on input line 40.
 (C:\Users\manul\AppData\Local\Programs\Paquete_Latex\tex/latex/psnfss\omxztmcm.fd
File: omxztmcm.fd 2000/01/03 Fontinst v1.801 font definitions for OMX/ztmcm.
)
LaTeX Font Info:    Font shape `OT1/ptm/bx/n' in size <10> not available
(Font)              Font shape `OT1/ptm/b/n' tried instead on input line 40.
LaTeX Font Info:    Font shape `OT1/ptm/bx/n' in size <7.4> not available
(Font)              Font shape `OT1/ptm/b/n' tried instead on input line 40.
LaTeX Font Info:    Font shape `OT1/ptm/bx/n' in size <6> not available
(Font)              Font shape `OT1/ptm/b/n' tried instead on input line 40.
 [1


{C:/Users/manul/AppData/Local/MiKTeX/fonts/map/pdftex/pdftex.map}{C:/Users/manul/AppData/Local/Programs/Paquete_Latex/fonts/enc/dvips/base/8r.enc} <./imagenes/utn.png> <./imagenes/caratula.png>]) (fancyConfig.tex) (indiceConfig.tex [0

] (c:\Users\manul\OneDrive\Escritorio\electronicaAplicada\I\trabajosPracticos\tp3\templateLaTeX\build\main.toc
LaTeX Info: Redefining \. on input line 1.
LaTeX Info: Redefining \% on input line 1.
)
\tf@toc=\write6
\openout6 = `main.toc'.

 [1

] [0

]) (disenarMaximaExcursionSimetrica.tex
<./imagenes/maximaExcusionSimetrica.png, id=23, 616.3025pt x 561.09625pt>
File: ./imagenes/maximaExcusionSimetrica.png Graphic file (type png)
<use ./imagenes/maximaExcusionSimetrica.png>
Package pdftex.def Info: ./imagenes/maximaExcusionSimetrica.png  used on input line 8.
(pdftex.def)             Requested size: 170.71652pt x 155.41924pt.
<./imagenes/logoDepartamentoElectronica.png, id=25, 1027.84pt x 1027.84pt>
File: ./imagenes/logoDepartamentoElectronica.png Graphic file (type png)
<use ./imagenes/logoDepartamentoElectronica.png>
Package pdftex.def Info: ./imagenes/logoDepartamentoElectronica.png  used on input line 115.
(pdftex.def)             Requested size: 43.34933pt x 43.36243pt.
 [1 <./imagenes/logoDepartamentoElectronica.png (PNG copy)> <./imagenes/maximaExcusionSimetrica.png>]
<./imagenes/simulacion_ideal.png, id=35, 771.88374pt x 487.8225pt>
File: ./imagenes/simulacion_ideal.png Graphic file (type png)
<use ./imagenes/simulacion_ideal.png>
Package pdftex.def Info: ./imagenes/simulacion_ideal.png  used on input line 148.
(pdftex.def)             Requested size: 199.16928pt x 125.87064pt.
<./imagenes/simulacion_norm.png, id=36, 871.255pt x 646.415pt>
File: ./imagenes/simulacion_norm.png Graphic file (type png)
<use ./imagenes/simulacion_norm.png>
Package pdftex.def Info: ./imagenes/simulacion_norm.png  used on input line 159.
(pdftex.def)             Requested size: 170.71652pt x 126.65701pt.

Underfull \hbox (badness 10000) in paragraph at lines 178--179

 []

File: ./imagenes/logoDepartamentoElectronica.png Graphic file (type png)
<use ./imagenes/logoDepartamentoElectronica.png>
Package pdftex.def Info: ./imagenes/logoDepartamentoElectronica.png  used on input line 230.
(pdftex.def)             Requested size: 43.34933pt x 43.36243pt.
[2 <./imagenes/simulacion_ideal.png> <./imagenes/simulacion_norm.png>]

LaTeX Warning: No positions in optional float specifier.
               Default added (so using `tbp') on input line 273.

) (analisisYTrazadoDeRectasDeCarga.tex
Overfull \hbox (5.72337pt too wide) in paragraph at lines 2--2
|[]$[]$| 
 []


Overfull \hbox (20.4073pt too wide) detected at line 23
\OML/ztmcm/m/it/10 i[] \OT1/ztmcm/m/n/10 = \OMS/ztmcm/m/n/10 ^^@\OT1/ztmcm/m/n/10 ([])\OML/ztmcm/m/it/10 v[] \OT1/ztmcm/m/n/10 + (\OML/ztmcm/m/it/10 V[] \OT1/ztmcm/m/n/10 + \OML/ztmcm/m/it/10 I[]\OT1/ztmcm/m/n/10 ([]) \OMS/ztmcm/m/n/10 ^^A \OT1/ztmcm/m/n/10 ([]))
 []

<./imagenes/rectaDeCarga.png, id=42, 728.12025pt x 567.86153pt>
File: ./imagenes/rectaDeCarga.png Graphic file (type png)
<use ./imagenes/rectaDeCarga.png>
Package pdftex.def Info: ./imagenes/rectaDeCarga.png  used on input line 34.
(pdftex.def)             Requested size: 227.62204pt x 177.51694pt.
File: ./imagenes/logoDepartamentoElectronica.png Graphic file (type png)
<use ./imagenes/logoDepartamentoElectronica.png>
Package pdftex.def Info: ./imagenes/logoDepartamentoElectronica.png  used on input line 34.
(pdftex.def)             Requested size: 43.34933pt x 43.36243pt.
[3]) (medicionesEnPequenaSenal.tex
File: ./imagenes/logoDepartamentoElectronica.png Graphic file (type png)
<use ./imagenes/logoDepartamentoElectronica.png>
Package pdftex.def Info: ./imagenes/logoDepartamentoElectronica.png  used on input line 1.
(pdftex.def)             Requested size: 43.34933pt x 43.36243pt.
 [4 <./imagenes/rectaDeCarga.png>]
<./imagenes/circuitoEquivalenteTrans.png, id=51, 1781.65625pt x 423.5825pt>
File: ./imagenes/circuitoEquivalenteTrans.png Graphic file (type png)
<use ./imagenes/circuitoEquivalenteTrans.png>
Package pdftex.def Info: ./imagenes/circuitoEquivalenteTrans.png  used on input line 5.
(pdftex.def)             Requested size: 455.24408pt x 108.22862pt.
<./imagenes/osciloscopioViPunto3.jpg, id=52, 4175.6pt x 3123.67pt>
File: ./imagenes/osciloscopioViPunto3.jpg Graphic file (type jpg)
<use ./imagenes/osciloscopioViPunto3.jpg>
Package pdftex.def Info: ./imagenes/osciloscopioViPunto3.jpg  used on input line 47.
(pdftex.def)             Requested size: 227.62204pt x 170.25333pt.
<./imagenes/conexionPlacaViPunto3.jpg, id=53, 4175.6pt x 3123.67pt>
File: ./imagenes/conexionPlacaViPunto3.jpg Graphic file (type jpg)
<use ./imagenes/conexionPlacaViPunto3.jpg>
Package pdftex.def Info: ./imagenes/conexionPlacaViPunto3.jpg  used on input line 48.
(pdftex.def)             Requested size: 227.62204pt x 170.25333pt.
File: ./imagenes/logoDepartamentoElectronica.png Graphic file (type png)
<use ./imagenes/logoDepartamentoElectronica.png>
Package pdftex.def Info: ./imagenes/logoDepartamentoElectronica.png  used on input line 48.
(pdftex.def)             Requested size: 43.34933pt x 43.36243pt.
 [5 <./imagenes/circuitoEquivalenteTrans.png>]
<./imagenes/osciloscopioVoPunto3.jpg, id=58, 4175.6pt x 3123.67pt>
File: ./imagenes/osciloscopioVoPunto3.jpg Graphic file (type jpg)
<use ./imagenes/osciloscopioVoPunto3.jpg>
Package pdftex.def Info: ./imagenes/osciloscopioVoPunto3.jpg  used on input line 59.
(pdftex.def)             Requested size: 227.62204pt x 170.25333pt.
<./imagenes/conexionPlacaVoPunto3.jpg, id=59, 4175.6pt x 3123.67pt>
File: ./imagenes/conexionPlacaVoPunto3.jpg Graphic file (type jpg)
<use ./imagenes/conexionPlacaVoPunto3.jpg>
Package pdftex.def Info: ./imagenes/conexionPlacaVoPunto3.jpg  used on input line 60.
(pdftex.def)             Requested size: 227.62204pt x 170.25333pt.
)
File: ./imagenes/logoDepartamentoElectronica.png Graphic file (type png)
<use ./imagenes/logoDepartamentoElectronica.png>
Package pdftex.def Info: ./imagenes/logoDepartamentoElectronica.png  used on input line 21.
(pdftex.def)             Requested size: 43.34933pt x 43.36243pt.
 [6 <./imagenes/osciloscopioViPunto3.jpg> <./imagenes/conexionPlacaViPunto3.jpg> <./imagenes/osciloscopioVoPunto3.jpg> <./imagenes/conexionPlacaVoPunto3.jpg>] 
enddocument/afterlastpage: lastpage setting LastPage.
(c:\Users\manul\OneDrive\Escritorio\electronicaAplicada\I\trabajosPracticos\tp3\templateLaTeX\build\main.aux
LaTeX Info: Redefining \. on input line 8.
LaTeX Info: Redefining \% on input line 8.
)
 ***********
LaTeX2e <2023-11-01> patch level 1
L3 programming layer <2024-01-04>
 ***********


LaTeX Warning: There were multiply-defined labels.

 ) 
Here is how much of TeX's memory you used:
 45810 strings out of 474486
 1149837 string characters out of 5740472
 1954542 words of memory out of 5000000
 67525 multiletter control sequences out of 15000+600000
 583713 words of font info for 87 fonts, out of 8000000 for 9000
 1141 hyphenation exceptions out of 8191
 107i,27n,110p,592b,868s stack positions out of 10000i,1000n,20000p,200000b,200000s
<C:/Users/manul/AppData/Local/Programs/Paquete_Latex/fonts/type1/public/amsfonts/cm/cmmi10.pfb><C:/Users/manul/AppData/Local/Programs/Paquete_Latex/fonts/type1/public/amsfonts/cm/cmr10.pfb><C:/Users/manul/AppData/Local/Programs/Paquete_Latex/fonts/type1/public/amsfonts/cm/cmsy10.pfb><C:/Users/manul/AppData/Local/Programs/Paquete_Latex/fonts/type1/urw/symbol/usyr.pfb><C:/Users/manul/AppData/Local/Programs/Paquete_Latex/fonts/type1/urw/symbol/usyr.pfb><C:/Users/manul/AppData/Local/Programs/Paquete_Latex/fonts/type1/urw/times/utmb8a.pfb><C:/Users/manul/AppData/Local/Programs/Paquete_Latex/fonts/type1/urw/times/utmr8a.pfb><C:/Users/manul/AppData/Local/Programs/Paquete_Latex/fonts/type1/urw/times/utmri8a.pfb>
Output written on c:\Users\manul\OneDrive\Escritorio\electronicaAplicada\I\trabajosPracticos\tp3\templateLaTeX\build\main.pdf (10 pages, 5653210 bytes).
PDF statistics:
 98 PDF objects out of 1000 (max. 8388607)
 0 named destinations out of 1000 (max. 500000)
 73 words of extra memory for PDF output out of 10000 (max. 10000000)

