This is pdfTeX, Version 3.141592653-2.6-1.40.26 (MiKTeX 24.4) (preloaded format=pdflatex 2025.4.15)  19 MAY 2025 21:46
entering extended mode
 restricted \write18 enabled.
 %&-line parsing enabled.
**./main.tex
(main.tex
LaTeX2e <2024-11-01> patch level 2
L3 programming layer <2025-03-26>
(/home/valentino/.miktex/texmfs/install/tex/latex/base/article.cls
Document Class: article 2024/06/29 v1.4n Standard LaTeX document class
(/home/valentino/.miktex/texmfs/install/tex/latex/base/size10.clo
File: size10.clo 2024/06/29 v1.4n Standard LaTeX file (size option)
)
\c@part=\count197
\c@section=\count198
\c@subsection=\count199
\c@subsubsection=\count266
\c@paragraph=\count267
\c@subparagraph=\count268
\c@figure=\count269
\c@table=\count270
\abovecaptionskip=\skip49
\belowcaptionskip=\skip50
\bibindent=\dimen146
)
(/home/valentino/.miktex/texmfs/install/tex/latex/l3packages/xparse/xparse.sty
(/home/valentino/.miktex/texmfs/install/tex/latex/l3kernel/expl3.sty
Package: expl3 2025-03-26 L3 programming layer (loader) 

(/home/valentino/.miktex/texmfs/install/tex/latex/l3backend/l3backend-pdftex.de
f
File: l3backend-pdftex.def 2025-03-14 L3 backend support: PDF output (pdfTeX)
\l__color_backend_stack_int=\count271
))
Package: xparse 2024-08-16 L3 Experimental document command parser
) (/home/valentino/.miktex/texmfs/install/tex/latex/colortbl/colortbl.sty
Package: colortbl 2024/07/06 v1.0i Color table columns (DPC)

(/home/valentino/.miktex/texmfs/install/tex/latex/tools/array.sty
Package: array 2024/10/17 v2.6g Tabular extension package (FMi)
\col@sep=\dimen147
\ar@mcellbox=\box53
\extrarowheight=\dimen148
\NC@list=\toks17
\extratabsurround=\skip51
\backup@length=\skip52
\ar@cellbox=\box54
)
(/home/valentino/.miktex/texmfs/install/tex/latex/graphics/color.sty
Package: color 2024/06/23 v1.3e Standard LaTeX Color (DPC)

(/home/valentino/.miktex/texmfs/install/tex/latex/graphics-cfg/color.cfg
File: color.cfg 2016/01/02 v1.6 sample color configuration
)
Package color Info: Driver file: pdftex.def on input line 149.

(/home/valentino/.miktex/texmfs/install/tex/latex/graphics-def/pdftex.def
File: pdftex.def 2024/04/13 v1.2c Graphics/color driver for pdftex
)
(/home/valentino/.miktex/texmfs/install/tex/latex/graphics/mathcolor.ltx))
\everycr=\toks18
\minrowclearance=\skip53
\rownum=\count272
)
(/home/valentino/.miktex/texmfs/install/tex/latex/circuitikz/circuitikz.sty
Package: circuitikz 2025/03/21{} The CircuiTikz circuit drawing package version
 1.7.2

(/home/valentino/.miktex/texmfs/install/tex/latex/pgf/frontendlayer/tikz.sty
(/home/valentino/.miktex/texmfs/install/tex/latex/pgf/basiclayer/pgf.sty
(/home/valentino/.miktex/texmfs/install/tex/latex/pgf/utilities/pgfrcs.sty
(/home/valentino/.miktex/texmfs/install/tex/generic/pgf/utilities/pgfutil-commo
n.tex
\pgfutil@everybye=\toks19
\pgfutil@tempdima=\dimen149
\pgfutil@tempdimb=\dimen150
)
(/home/valentino/.miktex/texmfs/install/tex/generic/pgf/utilities/pgfutil-latex
.def
\pgfutil@abb=\box55
)
(/home/valentino/.miktex/texmfs/install/tex/generic/pgf/utilities/pgfrcs.code.t
ex (/home/valentino/.miktex/texmfs/install/tex/generic/pgf/pgf.revision.tex)
Package: pgfrcs 2023-01-15 v3.1.10 (3.1.10)
))
Package: pgf 2023-01-15 v3.1.10 (3.1.10)

(/home/valentino/.miktex/texmfs/install/tex/latex/pgf/basiclayer/pgfcore.sty
(/home/valentino/.miktex/texmfs/install/tex/latex/graphics/graphicx.sty
Package: graphicx 2021/09/16 v1.2d Enhanced LaTeX Graphics (DPC,SPQR)

(/home/valentino/.miktex/texmfs/install/tex/latex/graphics/keyval.sty
Package: keyval 2022/05/29 v1.15 key=value parser (DPC)
\KV@toks@=\toks20
)
(/home/valentino/.miktex/texmfs/install/tex/latex/graphics/graphics.sty
Package: graphics 2024/08/06 v1.4g Standard LaTeX Graphics (DPC,SPQR)

(/home/valentino/.miktex/texmfs/install/tex/latex/graphics/trig.sty
Package: trig 2023/12/02 v1.11 sin cos tan (DPC)
)
(/home/valentino/.miktex/texmfs/install/tex/latex/graphics-cfg/graphics.cfg
File: graphics.cfg 2016/06/04 v1.11 sample graphics configuration
)
Package graphics Info: Driver file: pdftex.def on input line 106.
)
\Gin@req@height=\dimen151
\Gin@req@width=\dimen152
)
(/home/valentino/.miktex/texmfs/install/tex/latex/pgf/systemlayer/pgfsys.sty
(/home/valentino/.miktex/texmfs/install/tex/generic/pgf/systemlayer/pgfsys.code
.tex
Package: pgfsys 2023-01-15 v3.1.10 (3.1.10)

(/home/valentino/.miktex/texmfs/install/tex/generic/pgf/utilities/pgfkeys.code.
tex
\pgfkeys@pathtoks=\toks21
\pgfkeys@temptoks=\toks22

(/home/valentino/.miktex/texmfs/install/tex/generic/pgf/utilities/pgfkeyslibrar
yfiltered.code.tex
\pgfkeys@tmptoks=\toks23
))
\pgf@x=\dimen153
\pgf@y=\dimen154
\pgf@xa=\dimen155
\pgf@ya=\dimen156
\pgf@xb=\dimen157
\pgf@yb=\dimen158
\pgf@xc=\dimen159
\pgf@yc=\dimen160
\pgf@xd=\dimen161
\pgf@yd=\dimen162
\w@pgf@writea=\write3
\r@pgf@reada=\read2
\c@pgf@counta=\count273
\c@pgf@countb=\count274
\c@pgf@countc=\count275
\c@pgf@countd=\count276
\t@pgf@toka=\toks24
\t@pgf@tokb=\toks25
\t@pgf@tokc=\toks26
\pgf@sys@id@count=\count277

(/home/valentino/.miktex/texmfs/install/tex/generic/pgf/systemlayer/pgf.cfg
File: pgf.cfg 2023-01-15 v3.1.10 (3.1.10)
)
Driver file for pgf: pgfsys-pdftex.def

(/home/valentino/.miktex/texmfs/install/tex/generic/pgf/systemlayer/pgfsys-pdft
ex.def
File: pgfsys-pdftex.def 2023-01-15 v3.1.10 (3.1.10)

(/home/valentino/.miktex/texmfs/install/tex/generic/pgf/systemlayer/pgfsys-comm
on-pdf.def
File: pgfsys-common-pdf.def 2023-01-15 v3.1.10 (3.1.10)
)))
(/home/valentino/.miktex/texmfs/install/tex/generic/pgf/systemlayer/pgfsyssoftp
ath.code.tex
File: pgfsyssoftpath.code.tex 2023-01-15 v3.1.10 (3.1.10)
\pgfsyssoftpath@smallbuffer@items=\count278
\pgfsyssoftpath@bigbuffer@items=\count279
)
(/home/valentino/.miktex/texmfs/install/tex/generic/pgf/systemlayer/pgfsysproto
col.code.tex
File: pgfsysprotocol.code.tex 2023-01-15 v3.1.10 (3.1.10)
))
(/home/valentino/.miktex/texmfs/install/tex/latex/xcolor/xcolor.sty
Package: xcolor 2024/09/29 v3.02 LaTeX color extensions (UK)

(/home/valentino/.miktex/texmfs/install/tex/latex/graphics-cfg/color.cfg
File: color.cfg 2016/01/02 v1.6 sample color configuration
)
Package xcolor Info: Driver file: pdftex.def on input line 274.
LaTeX Info: Redefining \color on input line 762.

(/home/valentino/.miktex/texmfs/install/tex/latex/graphics/mathcolor.ltx)
Package xcolor Info: Model `cmy' substituted by `cmy0' on input line 1349.
Package xcolor Info: Model `hsb' substituted by `rgb' on input line 1353.
Package xcolor Info: Model `RGB' extended on input line 1365.
Package xcolor Info: Model `HTML' substituted by `rgb' on input line 1367.
Package xcolor Info: Model `Hsb' substituted by `hsb' on input line 1368.
Package xcolor Info: Model `tHsb' substituted by `hsb' on input line 1369.
Package xcolor Info: Model `HSB' substituted by `hsb' on input line 1370.
Package xcolor Info: Model `Gray' substituted by `gray' on input line 1371.
Package xcolor Info: Model `wave' substituted by `hsb' on input line 1372.
)
(/home/valentino/.miktex/texmfs/install/tex/generic/pgf/basiclayer/pgfcore.code
.tex
Package: pgfcore 2023-01-15 v3.1.10 (3.1.10)

(/home/valentino/.miktex/texmfs/install/tex/generic/pgf/math/pgfmath.code.tex
(/home/valentino/.miktex/texmfs/install/tex/generic/pgf/math/pgfmathutil.code.t
ex)
(/home/valentino/.miktex/texmfs/install/tex/generic/pgf/math/pgfmathparser.code
.tex
\pgfmath@dimen=\dimen163
\pgfmath@count=\count280
\pgfmath@box=\box56
\pgfmath@toks=\toks27
\pgfmath@stack@operand=\toks28
\pgfmath@stack@operation=\toks29
)
(/home/valentino/.miktex/texmfs/install/tex/generic/pgf/math/pgfmathfunctions.c
ode.tex)
(/home/valentino/.miktex/texmfs/install/tex/generic/pgf/math/pgfmathfunctions.b
asic.code.tex)
(/home/valentino/.miktex/texmfs/install/tex/generic/pgf/math/pgfmathfunctions.t
rigonometric.code.tex)
(/home/valentino/.miktex/texmfs/install/tex/generic/pgf/math/pgfmathfunctions.r
andom.code.tex)
(/home/valentino/.miktex/texmfs/install/tex/generic/pgf/math/pgfmathfunctions.c
omparison.code.tex)
(/home/valentino/.miktex/texmfs/install/tex/generic/pgf/math/pgfmathfunctions.b
ase.code.tex)
(/home/valentino/.miktex/texmfs/install/tex/generic/pgf/math/pgfmathfunctions.r
ound.code.tex)
(/home/valentino/.miktex/texmfs/install/tex/generic/pgf/math/pgfmathfunctions.m
isc.code.tex)
(/home/valentino/.miktex/texmfs/install/tex/generic/pgf/math/pgfmathfunctions.i
ntegerarithmetics.code.tex)
(/home/valentino/.miktex/texmfs/install/tex/generic/pgf/math/pgfmathcalc.code.t
ex)
(/home/valentino/.miktex/texmfs/install/tex/generic/pgf/math/pgfmathfloat.code.
tex
\c@pgfmathroundto@lastzeros=\count281
))
(/home/valentino/.miktex/texmfs/install/tex/generic/pgf/math/pgfint.code.tex)
(/home/valentino/.miktex/texmfs/install/tex/generic/pgf/basiclayer/pgfcorepoint
s.code.tex
File: pgfcorepoints.code.tex 2023-01-15 v3.1.10 (3.1.10)
\pgf@picminx=\dimen164
\pgf@picmaxx=\dimen165
\pgf@picminy=\dimen166
\pgf@picmaxy=\dimen167
\pgf@pathminx=\dimen168
\pgf@pathmaxx=\dimen169
\pgf@pathminy=\dimen170
\pgf@pathmaxy=\dimen171
\pgf@xx=\dimen172
\pgf@xy=\dimen173
\pgf@yx=\dimen174
\pgf@yy=\dimen175
\pgf@zx=\dimen176
\pgf@zy=\dimen177
)
(/home/valentino/.miktex/texmfs/install/tex/generic/pgf/basiclayer/pgfcorepathc
onstruct.code.tex
File: pgfcorepathconstruct.code.tex 2023-01-15 v3.1.10 (3.1.10)
\pgf@path@lastx=\dimen178
\pgf@path@lasty=\dimen179
)
(/home/valentino/.miktex/texmfs/install/tex/generic/pgf/basiclayer/pgfcorepathu
sage.code.tex
File: pgfcorepathusage.code.tex 2023-01-15 v3.1.10 (3.1.10)
\pgf@shorten@end@additional=\dimen180
\pgf@shorten@start@additional=\dimen181
)
(/home/valentino/.miktex/texmfs/install/tex/generic/pgf/basiclayer/pgfcorescope
s.code.tex
File: pgfcorescopes.code.tex 2023-01-15 v3.1.10 (3.1.10)
\pgfpic=\box57
\pgf@hbox=\box58
\pgf@layerbox@main=\box59
\pgf@picture@serial@count=\count282
)
(/home/valentino/.miktex/texmfs/install/tex/generic/pgf/basiclayer/pgfcoregraph
icstate.code.tex
File: pgfcoregraphicstate.code.tex 2023-01-15 v3.1.10 (3.1.10)
\pgflinewidth=\dimen182
)
(/home/valentino/.miktex/texmfs/install/tex/generic/pgf/basiclayer/pgfcoretrans
formations.code.tex
File: pgfcoretransformations.code.tex 2023-01-15 v3.1.10 (3.1.10)
\pgf@pt@x=\dimen183
\pgf@pt@y=\dimen184
\pgf@pt@temp=\dimen185
)
(/home/valentino/.miktex/texmfs/install/tex/generic/pgf/basiclayer/pgfcorequick
.code.tex
File: pgfcorequick.code.tex 2023-01-15 v3.1.10 (3.1.10)
)
(/home/valentino/.miktex/texmfs/install/tex/generic/pgf/basiclayer/pgfcoreobjec
ts.code.tex
File: pgfcoreobjects.code.tex 2023-01-15 v3.1.10 (3.1.10)
)
(/home/valentino/.miktex/texmfs/install/tex/generic/pgf/basiclayer/pgfcorepathp
rocessing.code.tex
File: pgfcorepathprocessing.code.tex 2023-01-15 v3.1.10 (3.1.10)
)
(/home/valentino/.miktex/texmfs/install/tex/generic/pgf/basiclayer/pgfcorearrow
s.code.tex
File: pgfcorearrows.code.tex 2023-01-15 v3.1.10 (3.1.10)
\pgfarrowsep=\dimen186
)
(/home/valentino/.miktex/texmfs/install/tex/generic/pgf/basiclayer/pgfcoreshade
.code.tex
File: pgfcoreshade.code.tex 2023-01-15 v3.1.10 (3.1.10)
\pgf@max=\dimen187
\pgf@sys@shading@range@num=\count283
\pgf@shadingcount=\count284
)
(/home/valentino/.miktex/texmfs/install/tex/generic/pgf/basiclayer/pgfcoreimage
.code.tex
File: pgfcoreimage.code.tex 2023-01-15 v3.1.10 (3.1.10)
)
(/home/valentino/.miktex/texmfs/install/tex/generic/pgf/basiclayer/pgfcoreexter
nal.code.tex
File: pgfcoreexternal.code.tex 2023-01-15 v3.1.10 (3.1.10)
\pgfexternal@startupbox=\box60
)
(/home/valentino/.miktex/texmfs/install/tex/generic/pgf/basiclayer/pgfcorelayer
s.code.tex
File: pgfcorelayers.code.tex 2023-01-15 v3.1.10 (3.1.10)
)
(/home/valentino/.miktex/texmfs/install/tex/generic/pgf/basiclayer/pgfcoretrans
parency.code.tex
File: pgfcoretransparency.code.tex 2023-01-15 v3.1.10 (3.1.10)
)
(/home/valentino/.miktex/texmfs/install/tex/generic/pgf/basiclayer/pgfcorepatte
rns.code.tex
File: pgfcorepatterns.code.tex 2023-01-15 v3.1.10 (3.1.10)
)
(/home/valentino/.miktex/texmfs/install/tex/generic/pgf/basiclayer/pgfcorerdf.c
ode.tex
File: pgfcorerdf.code.tex 2023-01-15 v3.1.10 (3.1.10)
)))
(/home/valentino/.miktex/texmfs/install/tex/generic/pgf/modules/pgfmoduleshapes
.code.tex
File: pgfmoduleshapes.code.tex 2023-01-15 v3.1.10 (3.1.10)
\pgfnodeparttextbox=\box61
)
(/home/valentino/.miktex/texmfs/install/tex/generic/pgf/modules/pgfmoduleplot.c
ode.tex
File: pgfmoduleplot.code.tex 2023-01-15 v3.1.10 (3.1.10)
)
(/home/valentino/.miktex/texmfs/install/tex/latex/pgf/compatibility/pgfcomp-ver
sion-0-65.sty
Package: pgfcomp-version-0-65 2023-01-15 v3.1.10 (3.1.10)
\pgf@nodesepstart=\dimen188
\pgf@nodesepend=\dimen189
)
(/home/valentino/.miktex/texmfs/install/tex/latex/pgf/compatibility/pgfcomp-ver
sion-1-18.sty
Package: pgfcomp-version-1-18 2023-01-15 v3.1.10 (3.1.10)
))
(/home/valentino/.miktex/texmfs/install/tex/latex/pgf/utilities/pgffor.sty
(/home/valentino/.miktex/texmfs/install/tex/latex/pgf/utilities/pgfkeys.sty
(/home/valentino/.miktex/texmfs/install/tex/generic/pgf/utilities/pgfkeys.code.
tex)) (/home/valentino/.miktex/texmfs/install/tex/latex/pgf/math/pgfmath.sty
(/home/valentino/.miktex/texmfs/install/tex/generic/pgf/math/pgfmath.code.tex))

(/home/valentino/.miktex/texmfs/install/tex/generic/pgf/utilities/pgffor.code.t
ex
Package: pgffor 2023-01-15 v3.1.10 (3.1.10)
\pgffor@iter=\dimen190
\pgffor@skip=\dimen191
\pgffor@stack=\toks30
\pgffor@toks=\toks31
))
(/home/valentino/.miktex/texmfs/install/tex/generic/pgf/frontendlayer/tikz/tikz
.code.tex
Package: tikz 2023-01-15 v3.1.10 (3.1.10)

(/home/valentino/.miktex/texmfs/install/tex/generic/pgf/libraries/pgflibraryplo
thandlers.code.tex
File: pgflibraryplothandlers.code.tex 2023-01-15 v3.1.10 (3.1.10)
\pgf@plot@mark@count=\count285
\pgfplotmarksize=\dimen192
)
\tikz@lastx=\dimen193
\tikz@lasty=\dimen194
\tikz@lastxsaved=\dimen195
\tikz@lastysaved=\dimen196
\tikz@lastmovetox=\dimen197
\tikz@lastmovetoy=\dimen198
\tikzleveldistance=\dimen199
\tikzsiblingdistance=\dimen256
\tikz@figbox=\box62
\tikz@figbox@bg=\box63
\tikz@tempbox=\box64
\tikz@tempbox@bg=\box65
\tikztreelevel=\count286
\tikznumberofchildren=\count287
\tikznumberofcurrentchild=\count288
\tikz@fig@count=\count289

(/home/valentino/.miktex/texmfs/install/tex/generic/pgf/modules/pgfmodulematrix
.code.tex
File: pgfmodulematrix.code.tex 2023-01-15 v3.1.10 (3.1.10)
\pgfmatrixcurrentrow=\count290
\pgfmatrixcurrentcolumn=\count291
\pgf@matrix@numberofcolumns=\count292
)
\tikz@expandcount=\count293

(/home/valentino/.miktex/texmfs/install/tex/generic/pgf/frontendlayer/tikz/libr
aries/tikzlibrarytopaths.code.tex
File: tikzlibrarytopaths.code.tex 2023-01-15 v3.1.10 (3.1.10)
)))
(/home/valentino/.miktex/texmfs/install/tex/generic/pgf/frontendlayer/tikz/libr
aries/tikzlibrarycalc.code.tex
File: tikzlibrarycalc.code.tex 2023-01-15 v3.1.10 (3.1.10)
)
(/home/valentino/.miktex/texmfs/install/tex/generic/pgf/libraries/pgflibraryarr
ows.meta.code.tex
File: pgflibraryarrows.meta.code.tex 2023-01-15 v3.1.10 (3.1.10)
\pgfarrowinset=\dimen257
\pgfarrowlength=\dimen258
\pgfarrowwidth=\dimen259
\pgfarrowlinewidth=\dimen260
)
(/home/valentino/.miktex/texmfs/install/tex/generic/pgf/frontendlayer/tikz/libr
aries/tikzlibrarybending.code.tex
File: tikzlibrarybending.code.tex 2023-01-15 v3.1.10 (3.1.10)

(/home/valentino/.miktex/texmfs/install/tex/generic/pgf/modules/pgfmodulebendin
g.code.tex
File: pgfmodulebending.code.tex 2023-01-15 v3.1.10 (3.1.10)

(/home/valentino/.miktex/texmfs/install/tex/generic/pgf/modules/pgfmodulenonlin
eartransformations.code.tex
File: pgfmodulenonlineartransformations.code.tex 2023-01-15 v3.1.10 (3.1.10)
\pgftransformnonlinearflatness=\dimen261
)
(/home/valentino/.miktex/texmfs/install/tex/generic/pgf/libraries/pgflibrarycur
vilinear.code.tex
File: pgflibrarycurvilinear.code.tex 2023-01-15 v3.1.10 (3.1.10)
\pgf@curvilinear@time@a=\dimen262
\pgf@curvilinear@length@a=\dimen263
\pgf@curvilinear@length@b=\dimen264
\pgf@curvilinear@length@c=\dimen265
\pgf@curvilinear@length@d=\dimen266
)
\pgf@arrows@the@rigidity=\dimen267
))
(/home/valentino/.miktex/texmfs/install/tex/generic/pgf/frontendlayer/tikz/libr
aries/tikzlibraryfpu.code.tex
(/home/valentino/.miktex/texmfs/install/tex/generic/pgf/libraries/pgflibraryfpu
.code.tex))
(/home/valentino/.miktex/texmfs/install/tex/generic/circuitikz/pgfcirc.defines.
tex
\pgf@circ@count@a=\count294
\pgf@circ@count@b=\count295
\pgf@circ@count@c=\count296
\pgf@circ@res@up=\dimen268
\pgf@circ@res@down=\dimen269
\pgf@circ@res@zero=\dimen270
\pgf@circ@res@left=\dimen271
\pgf@circ@res@right=\dimen272
\pgf@circ@res@other=\dimen273
\pgf@circ@res@step=\dimen274
\pgf@circ@res@temp=\dimen275
\pgf@circ@Rlen=\dimen276
\pgf@circ@scaled@Rlen=\dimen277
\pgfstartlinewidth=\dimen278
)
(/home/valentino/.miktex/texmfs/install/tex/generic/circuitikz/pgfcircutils.tex
\ctikz@scratchbox=\box66
)
(/home/valentino/.miktex/texmfs/install/tex/generic/circuitikz/pgfcircpath.tex)

(/home/valentino/.miktex/texmfs/install/tex/generic/circuitikz/pgfcircshapes.te
x)
(/home/valentino/.miktex/texmfs/install/tex/generic/circuitikz/pgfcircmonopoles
.tex)
(/home/valentino/.miktex/texmfs/install/tex/generic/circuitikz/pgfcircbipoles.t
ex)
(/home/valentino/.miktex/texmfs/install/tex/generic/circuitikz/pgfcirctripoles.
tex
\pgf@circ@res@count=\count297
)
(/home/valentino/.miktex/texmfs/install/tex/generic/circuitikz/pgfcircquadpoles
.tex)
(/home/valentino/.miktex/texmfs/install/tex/generic/circuitikz/pgfcircmultipole
s.tex)
(/home/valentino/.miktex/texmfs/install/tex/generic/circuitikz/pgfcirclabel.tex
)
(/home/valentino/.miktex/texmfs/install/tex/generic/circuitikz/pgfcircvoltage.t
ex
\pgfcirc@labelshift=\dimen279
)
(/home/valentino/.miktex/texmfs/install/tex/generic/circuitikz/pgfcirccurrent.t
ex)
(/home/valentino/.miktex/texmfs/install/tex/generic/circuitikz/pgfcircflow.tex)
) (/home/valentino/.miktex/texmfs/install/tex/latex/cancel/cancel.sty
Package: cancel 2013/04/12 v2.2 Cancel math terms
)
(/home/valentino/.miktex/texmfs/install/tex/latex/siunitx/siunitx.sty
Package: siunitx 2025-03-26 v3.4.8 A comprehensive (SI) units package
\l__siunitx_number_uncert_offset_int=\count298
\l__siunitx_number_exponent_fixed_int=\count299
\l__siunitx_number_min_decimal_int=\count300
\l__siunitx_number_min_integer_int=\count301
\l__siunitx_number_round_precision_int=\count302
\l__siunitx_number_lower_threshold_int=\count303
\l__siunitx_number_upper_threshold_int=\count304
\l__siunitx_number_group_first_int=\count305
\l__siunitx_number_group_size_int=\count306
\l__siunitx_number_group_minimum_int=\count307
\l__siunitx_angle_tmp_dim=\dimen280
\l__siunitx_angle_marker_box=\box67
\l__siunitx_angle_unit_box=\box68
\l__siunitx_compound_count_int=\count308

(/home/valentino/.miktex/texmfs/install/tex/latex/translations/translations.sty
Package: translations 2022/02/05 v1.12 internationalization of LaTeX2e packages
 (CN)
(/home/valentino/.miktex/texmfs/install/tex/latex/etoolbox/etoolbox.sty
Package: etoolbox 2025/02/11 v2.5l e-TeX tools for LaTeX (JAW)
\etb@tempcnta=\count309
)
(/home/valentino/.miktex/texmfs/install/tex/generic/pdftexcmds/pdftexcmds.sty
Package: pdftexcmds 2020-06-27 v0.33 Utility functions of pdfTeX for LuaTeX (HO
)

(/home/valentino/.miktex/texmfs/install/tex/generic/infwarerr/infwarerr.sty
Package: infwarerr 2019/12/03 v1.5 Providing info/warning/error messages (HO)
)
(/home/valentino/.miktex/texmfs/install/tex/generic/iftex/iftex.sty
Package: iftex 2024/12/12 v1.0g TeX engine tests
)
(/home/valentino/.miktex/texmfs/install/tex/generic/ltxcmds/ltxcmds.sty
Package: ltxcmds 2023-12-04 v1.26 LaTeX kernel commands for general use (HO)
)
Package pdftexcmds Info: \pdf@primitive is available.
Package pdftexcmds Info: \pdf@ifprimitive is available.
Package pdftexcmds Info: \pdfdraftmode found.
))
(/home/valentino/.miktex/texmfs/install/tex/latex/amsmath/amstext.sty
Package: amstext 2021/08/26 v2.01 AMS text

(/home/valentino/.miktex/texmfs/install/tex/latex/amsmath/amsgen.sty
File: amsgen.sty 1999/11/30 v2.0 generic functions
\@emptytoks=\toks32
\ex@=\dimen281
))
\l__siunitx_table_tmp_box=\box69
\l__siunitx_table_tmp_dim=\dimen282
\l__siunitx_table_column_width_dim=\dimen283
\l__siunitx_table_integer_box=\box70
\l__siunitx_table_decimal_box=\box71
\l__siunitx_table_uncert_box=\box72
\l__siunitx_table_before_box=\box73
\l__siunitx_table_after_box=\box74
\l__siunitx_table_before_dim=\dimen284
\l__siunitx_table_carry_dim=\dimen285
\l__siunitx_unit_tmp_int=\count310
\l__siunitx_unit_position_int=\count311
\l__siunitx_unit_total_int=\count312
)
(/home/valentino/.miktex/texmfs/install/tex/latex/multirow/multirow.sty
Package: multirow 2024/11/12 v2.9 Span multiple rows of a table
\multirow@colwidth=\skip54
\multirow@cntb=\count313
\multirow@dima=\skip55
\bigstrutjot=\dimen286
)

LaTeX Warning: Package "xcolor" has already been loaded: ignoring load-time
(LaTeX)        option "xcdraw".

(/home/valentino/.miktex/texmfs/install/tex/latex/psnfss/times.sty
Package: times 2020/03/25 PSNFSS-v9.3 (SPQR) 
)
(/home/valentino/.miktex/texmfs/install/tex/latex/geometry/geometry.sty
Package: geometry 2020/01/02 v5.9 Page Geometry

(/home/valentino/.miktex/texmfs/install/tex/generic/iftex/ifvtex.sty
Package: ifvtex 2019/10/25 v1.7 ifvtex legacy package. Use iftex instead.
)
\Gm@cnth=\count314
\Gm@cntv=\count315
\c@Gm@tempcnt=\count316
\Gm@bindingoffset=\dimen287
\Gm@wd@mp=\dimen288
\Gm@odd@mp=\dimen289
\Gm@even@mp=\dimen290
\Gm@layoutwidth=\dimen291
\Gm@layoutheight=\dimen292
\Gm@layouthoffset=\dimen293
\Gm@layoutvoffset=\dimen294
\Gm@dimlist=\toks33

(/home/valentino/.miktex/texmfs/install/tex/latex/geometry/geometry.cfg))
(/home/valentino/.miktex/texmfs/install/tex/latex/anyfontsize/anyfontsize.sty
Package: anyfontsize 2007/11/22 anyfontsize.sty by pts
)
(/home/valentino/.miktex/texmfs/install/tex/latex/fancyhdr/fancyhdr.sty
Package: fancyhdr 2025/02/07 v5.2 Extensive control of page headers and footers

\f@nch@headwidth=\skip56
\f@nch@offset@elh=\skip57
\f@nch@offset@erh=\skip58
\f@nch@offset@olh=\skip59
\f@nch@offset@orh=\skip60
\f@nch@offset@elf=\skip61
\f@nch@offset@erf=\skip62
\f@nch@offset@olf=\skip63
\f@nch@offset@orf=\skip64
\f@nch@height=\skip65
\f@nch@footalignment=\skip66
\f@nch@widthL=\skip67
\f@nch@widthC=\skip68
\f@nch@widthR=\skip69
\@temptokenb=\toks34
)
(/home/valentino/.miktex/texmfs/install/tex/latex/tools/indentfirst.sty
Package: indentfirst 2023/07/02 v1.03 Indent first paragraph (DPC)
)
(/home/valentino/.miktex/texmfs/install/tex/latex/amsmath/amsmath.sty
Package: amsmath 2024/11/05 v2.17t AMS math features
\@mathmargin=\skip70

For additional information on amsmath, use the `?' option.
(/home/valentino/.miktex/texmfs/install/tex/latex/amsmath/amsbsy.sty
Package: amsbsy 1999/11/29 v1.2d Bold Symbols
\pmbraise@=\dimen295
)
(/home/valentino/.miktex/texmfs/install/tex/latex/amsmath/amsopn.sty
Package: amsopn 2022/04/08 v2.04 operator names
)
\inf@bad=\count317
LaTeX Info: Redefining \frac on input line 233.
\uproot@=\count318
\leftroot@=\count319
LaTeX Info: Redefining \overline on input line 398.
LaTeX Info: Redefining \colon on input line 409.
\classnum@=\count320
\DOTSCASE@=\count321
LaTeX Info: Redefining \ldots on input line 495.
LaTeX Info: Redefining \dots on input line 498.
LaTeX Info: Redefining \cdots on input line 619.
\Mathstrutbox@=\box75
\strutbox@=\box76
LaTeX Info: Redefining \big on input line 721.
LaTeX Info: Redefining \Big on input line 722.
LaTeX Info: Redefining \bigg on input line 723.
LaTeX Info: Redefining \Bigg on input line 724.
\big@size=\dimen296
LaTeX Font Info:    Redeclaring font encoding OML on input line 742.
LaTeX Font Info:    Redeclaring font encoding OMS on input line 743.
\macc@depth=\count322
LaTeX Info: Redefining \bmod on input line 904.
LaTeX Info: Redefining \pmod on input line 909.
LaTeX Info: Redefining \smash on input line 939.
LaTeX Info: Redefining \relbar on input line 969.
LaTeX Info: Redefining \Relbar on input line 970.
\c@MaxMatrixCols=\count323
\dotsspace@=\muskip17
\c@parentequation=\count324
\dspbrk@lvl=\count325
\tag@help=\toks35
\row@=\count326
\column@=\count327
\maxfields@=\count328
\andhelp@=\toks36
\eqnshift@=\dimen297
\alignsep@=\dimen298
\tagshift@=\dimen299
\tagwidth@=\dimen300
\totwidth@=\dimen301
\lineht@=\dimen302
\@envbody=\toks37
\multlinegap=\skip71
\multlinetaggap=\skip72
\mathdisplay@stack=\toks38
LaTeX Info: Redefining \[ on input line 2953.
LaTeX Info: Redefining \] on input line 2954.
)
(/home/valentino/.miktex/texmfs/install/tex/generic/babel/babel.sty
Package: babel 2025/03/27 v25.6 The multilingual framework for pdfLaTeX, LuaLaT
eX and XeLaTeX
\babel@savecnt=\count329
\U@D=\dimen303
\l@unhyphenated=\language1

(/home/valentino/.miktex/texmfs/install/tex/generic/babel/txtbabel.def)
\bbl@readstream=\read3
\bbl@dirlevel=\count330

*************************************
* Local config file bblopts.cfg used
*
(/home/valentino/.miktex/texmfs/install/tex/latex/arabi/bblopts.cfg
File: bblopts.cfg 2005/09/08 v0.1 add Arabic and Farsi to "declared" options of
 babel
)
(/home/valentino/.miktex/texmfs/install/tex/latex/babel-spanish/spanish.ldf
Language: spanish.ldf 2021/05/27 v5.0q Spanish support from the babel system


Package babel Warning: No hyphenation patterns were preloaded for
(babel)                the language 'Spanish' into the format.
(babel)                Please, configure your TeX system to add them and
(babel)                rebuild the format. Now I will use the patterns
(babel)                preloaded for \language=0 instead on input line 51.

\es@quottoks=\toks39
\es@quotdepth=\count331
Package babel Info: Making " an active character on input line 570.
Package babel Info: Making . an active character on input line 675.
Package babel Info: Making < an active character on input line 722.
Package babel Info: Making > an active character on input line 722.
))
(/home/valentino/.miktex/texmfs/install/tex/generic/babel/locale/es/babel-spani
sh.tex
Package babel Info: Importing font and identification data for spanish
(babel)             from babel-es.ini. Reported on input line 11.
) (/home/valentino/.miktex/texmfs/install/tex/latex/base/inputenc.sty
Package: inputenc 2024/02/08 v1.3d Input encoding file
\inpenc@prehook=\toks40
\inpenc@posthook=\toks41
)
(/home/valentino/.miktex/texmfs/install/tex/latex/titlesec/titlesec.sty
Package: titlesec 2025/01/04 v2.17 Sectioning titles
\ttl@box=\box77
\beforetitleunit=\skip73
\aftertitleunit=\skip74
\ttl@plus=\dimen304
\ttl@minus=\dimen305
\ttl@toksa=\toks42
\titlewidth=\dimen306
\titlewidthlast=\dimen307
\titlewidthfirst=\dimen308
)
(/home/valentino/.miktex/texmfs/install/tex/latex/tools/multicol.sty
Package: multicol 2024/09/14 v1.9i multicolumn formatting (FMi)
\c@tracingmulticols=\count332
\mult@box=\box78
\multicol@leftmargin=\dimen309
\c@unbalance=\count333
\c@collectmore=\count334
\doublecol@number=\count335
\multicoltolerance=\count336
\multicolpretolerance=\count337
\full@width=\dimen310
\page@free=\dimen311
\premulticols=\dimen312
\postmulticols=\dimen313
\multicolsep=\skip75
\multicolbaselineskip=\skip76
\partial@page=\box79
\last@line=\box80
\mc@boxedresult=\box81
\maxbalancingoverflow=\dimen314
\mult@rightbox=\box82
\mult@grightbox=\box83
\mult@firstbox=\box84
\mult@gfirstbox=\box85
\@tempa=\box86
\@tempa=\box87
\@tempa=\box88
\@tempa=\box89
\@tempa=\box90
\@tempa=\box91
\@tempa=\box92
\@tempa=\box93
\@tempa=\box94
\@tempa=\box95
\@tempa=\box96
\@tempa=\box97
\@tempa=\box98
\@tempa=\box99
\@tempa=\box100
\@tempa=\box101
\@tempa=\box102
\@tempa=\box103
\@tempa=\box104
\@tempa=\box105
\@tempa=\box106
\@tempa=\box107
\@tempa=\box108
\@tempa=\box109
\@tempa=\box110
\@tempa=\box111
\@tempa=\box112
\@tempa=\box113
\@tempa=\box114
\@tempa=\box115
\@tempa=\box116
\@tempa=\box117
\@tempa=\box118
\@tempa=\box119
\@tempa=\box120
\@tempa=\box121
\c@minrows=\count338
\c@columnbadness=\count339
\c@finalcolumnbadness=\count340
\last@try=\dimen315
\multicolovershoot=\dimen316
\multicolundershoot=\dimen317
\mult@nat@firstbox=\box122
\colbreak@box=\box123
\mc@col@check@num=\count341
)
(/home/valentino/.miktex/texmfs/install/tex/latex/enumitem/enumitem.sty
Package: enumitem 2025/02/06 v3.11 Customized lists
\labelindent=\skip77
\enit@outerparindent=\dimen318
\enit@toks=\toks43
\enit@inbox=\box124
\enit@count@id=\count342
\enitdp@description=\count343
)
(/home/valentino/.miktex/texmfs/install/tex/latex/caption/caption.sty
Package: caption 2023/08/05 v3.6o Customizing captions (AR)

(/home/valentino/.miktex/texmfs/install/tex/latex/caption/caption3.sty
Package: caption3 2023/07/31 v2.4d caption3 kernel (AR)
\caption@tempdima=\dimen319
\captionmargin=\dimen320
\caption@leftmargin=\dimen321
\caption@rightmargin=\dimen322
\caption@width=\dimen323
\caption@indent=\dimen324
\caption@parindent=\dimen325
\caption@hangindent=\dimen326
Package caption Info: Standard document class detected.
)
\c@caption@flags=\count344
\c@continuedfloat=\count345
)
(/home/valentino/.miktex/texmfs/install/tex/latex/booktabs/booktabs.sty
Package: booktabs 2020/01/12 v1.61803398 Publication quality tables
\heavyrulewidth=\dimen327
\lightrulewidth=\dimen328
\cmidrulewidth=\dimen329
\belowrulesep=\dimen330
\belowbottomsep=\dimen331
\aboverulesep=\dimen332
\abovetopsep=\dimen333
\cmidrulesep=\dimen334
\cmidrulekern=\dimen335
\defaultaddspace=\dimen336
\@cmidla=\count346
\@cmidlb=\count347
\@aboverulesep=\dimen337
\@belowrulesep=\dimen338
\@thisruleclass=\count348
\@lastruleclass=\count349
\@thisrulewidth=\dimen339
)
(/home/valentino/.miktex/texmfs/install/tex/latex/amsfonts/amsfonts.sty
Package: amsfonts 2013/01/14 v3.01 Basic AMSFonts support
\symAMSa=\mathgroup4
\symAMSb=\mathgroup5
LaTeX Font Info:    Redeclaring math symbol \hbar on input line 98.
LaTeX Font Info:    Overwriting math alphabet `\mathfrak' in version `bold'
(Font)                  U/euf/m/n --> U/euf/b/n on input line 106.
)
(/home/valentino/.miktex/texmfs/install/tex/latex/mhchem/mhchem.sty
Package: mhchem 2024/01/29 v4.10 for typesetting chemical formulae

(/home/valentino/.miktex/texmfs/install/tex/latex/l3packages/l3keys2e/l3keys2e.
sty
Package: l3keys2e 2024-08-16 LaTeX2e option processing using LaTeX3 keys
) (/home/valentino/.miktex/texmfs/install/tex/latex/tools/calc.sty
Package: calc 2023/07/08 v4.3 Infix arithmetic (KKT,FJ)
\calc@Acount=\count350
\calc@Bcount=\count351
\calc@Adimen=\dimen340
\calc@Bdimen=\dimen341
\calc@Askip=\skip78
\calc@Bskip=\skip79
LaTeX Info: Redefining \setlength on input line 80.
LaTeX Info: Redefining \addtolength on input line 81.
\calc@Ccount=\count352
\calc@Cskip=\skip80
)
(/home/valentino/.miktex/texmfs/install/tex/latex/chemgreek/chemgreek.sty
Package: chemgreek 2020/01/16 v1.1a interface for upright Greek letters for use
 in chemistry (CN)
\l__chemgreek_tmpa_int=\count353
\g__chemgreek_tmpa_int=\count354
)
\l__mhchem_ce_distanceFromLastComma_int=\count355
\__mhchem_arrow_extPgfLength_skip=\skip81
\mhchem@minispace@tmp=\skip82
\mhchem@minibackspace@tmp=\skip83
\mhchem@bondwidth=\skip84
\mhchem@bondheight=\skip85
\mhchem@smallbondwidth@tmpA=\skip86
\mhchem@smallbondwidth@tmpB=\skip87
\mhchem@smallbondwidth=\skip88
\mhchem@bondtmp@minussidebearingleft=\skip89
\mhchem@bondtmp@minussidebearingright=\skip90
\l__mhchem_option_version_int=\count356
\mhchem@option@minusmathsidebearingleft=\dimen342
\mhchem@option@minusmathsidebearingright=\dimen343
\mhchem@option@minustextsidebearingleft=\dimen344
\mhchem@option@minustextsidebearingright=\dimen345
)

LaTeX Warning: Package "xcolor" has already been loaded: ignoring load-time
(LaTeX)        option "xcdraw".

(/home/valentino/.miktex/texmfs/install/tex/latex/graphics/dvipsnam.def
File: dvipsnam.def 2016/06/17 v3.0m Driver-dependent file (DPC,SPQR)
)
(/home/valentino/.miktex/texmfs/install/tex/latex/lastpage/lastpage.sty
Package: lastpage 2025/01/27 v2.1e lastpage: 2.09 or 2e? (HMM)

(/home/valentino/.miktex/texmfs/install/tex/latex/lastpage/lastpage2e.sty
Package: lastpage2e 2025/01/27 v2.1e Decide which 2e lastpage version to use (H
MM)

(/home/valentino/.miktex/texmfs/install/tex/latex/lastpage/lastpagemodern.sty
Package: lastpagemodern 2025-01-27 v2.1e Refers to last page's name (HMM; JPG)
\c@lastpagecount=\count357
)

)) (/home/valentino/.miktex/texmfs/install/tex/latex/hyperref/hyperref.sty
Package: hyperref 2024-11-05 v7.01l Hypertext links for LaTeX

(/home/valentino/.miktex/texmfs/install/tex/latex/kvsetkeys/kvsetkeys.sty
Package: kvsetkeys 2022-10-05 v1.19 Key value parser (HO)
)
(/home/valentino/.miktex/texmfs/install/tex/generic/kvdefinekeys/kvdefinekeys.s
ty
Package: kvdefinekeys 2019-12-19 v1.6 Define keys (HO)
) (/home/valentino/.miktex/texmfs/install/tex/generic/pdfescape/pdfescape.sty
Package: pdfescape 2019/12/09 v1.15 Implements pdfTeX's escape features (HO)
) (/home/valentino/.miktex/texmfs/install/tex/latex/hycolor/hycolor.sty
Package: hycolor 2020-01-27 v1.10 Color options for hyperref/bookmark (HO)
)
(/home/valentino/.miktex/texmfs/install/tex/latex/hyperref/nameref.sty
Package: nameref 2023-11-26 v2.56 Cross-referencing by name of section

(/home/valentino/.miktex/texmfs/install/tex/latex/refcount/refcount.sty
Package: refcount 2019/12/15 v3.6 Data extraction from label references (HO)
)
(/home/valentino/.miktex/texmfs/install/tex/generic/gettitlestring/gettitlestri
ng.sty
Package: gettitlestring 2019/12/15 v1.6 Cleanup title references (HO)

(/home/valentino/.miktex/texmfs/install/tex/latex/kvoptions/kvoptions.sty
Package: kvoptions 2022-06-15 v3.15 Key value format for package options (HO)
))
\c@section@level=\count358
)
(/home/valentino/.miktex/texmfs/install/tex/generic/stringenc/stringenc.sty
Package: stringenc 2019/11/29 v1.12 Convert strings between diff. encodings (HO
)
)
\@linkdim=\dimen346
\Hy@linkcounter=\count359
\Hy@pagecounter=\count360

(/home/valentino/.miktex/texmfs/install/tex/latex/hyperref/pd1enc.def
File: pd1enc.def 2024-11-05 v7.01l Hyperref: PDFDocEncoding definition (HO)
Now handling font encoding PD1 ...
... no UTF-8 mapping file for font encoding PD1
)
(/home/valentino/.miktex/texmfs/install/tex/generic/intcalc/intcalc.sty
Package: intcalc 2019/12/15 v1.3 Expandable calculations with integers (HO)
)
\Hy@SavedSpaceFactor=\count361

(/home/valentino/.miktex/texmfs/install/tex/latex/hyperref/puenc.def
File: puenc.def 2024-11-05 v7.01l Hyperref: PDF Unicode definition (HO)
Now handling font encoding PU ...
... no UTF-8 mapping file for font encoding PU
)
Package hyperref Info: Hyper figures OFF on input line 4157.
Package hyperref Info: Link nesting OFF on input line 4162.
Package hyperref Info: Hyper index ON on input line 4165.
Package hyperref Info: Plain pages OFF on input line 4172.
Package hyperref Info: Backreferencing OFF on input line 4177.
Package hyperref Info: Implicit mode ON; LaTeX internals redefined.
Package hyperref Info: Bookmarks ON on input line 4424.
\c@Hy@tempcnt=\count362

(/home/valentino/.miktex/texmfs/install/tex/latex/url/url.sty
\Urlmuskip=\muskip18
Package: url 2013/09/16  ver 3.4  Verb mode for urls, etc.
)
LaTeX Info: Redefining \url on input line 4763.
\XeTeXLinkMargin=\dimen347

(/home/valentino/.miktex/texmfs/install/tex/generic/bitset/bitset.sty
Package: bitset 2019/12/09 v1.3 Handle bit-vector datatype (HO)

(/home/valentino/.miktex/texmfs/install/tex/generic/bigintcalc/bigintcalc.sty
Package: bigintcalc 2019/12/15 v1.5 Expandable calculations on big integers (HO
)
))
\Fld@menulength=\count363
\Field@Width=\dimen348
\Fld@charsize=\dimen349
Package hyperref Info: Hyper figures OFF on input line 6042.
Package hyperref Info: Link nesting OFF on input line 6047.
Package hyperref Info: Hyper index ON on input line 6050.
Package hyperref Info: backreferencing OFF on input line 6057.
Package hyperref Info: Link coloring OFF on input line 6062.
Package hyperref Info: Link coloring with OCG OFF on input line 6067.
Package hyperref Info: PDF/A mode OFF on input line 6072.
(/home/valentino/.miktex/texmfs/install/tex/latex/base/atbegshi-ltx.sty
Package: atbegshi-ltx 2021/01/10 v1.0c Emulation of the original atbegshi
package with kernel methods
)
\Hy@abspage=\count364
\c@Item=\count365
\c@Hfootnote=\count366
)
Package hyperref Info: Driver (autodetected): hpdftex.

(/home/valentino/.miktex/texmfs/install/tex/latex/hyperref/hpdftex.def
File: hpdftex.def 2024-11-05 v7.01l Hyperref driver for pdfTeX

(/home/valentino/.miktex/texmfs/install/tex/latex/base/atveryend-ltx.sty
Package: atveryend-ltx 2020/08/19 v1.0a Emulation of the original atveryend pac
kage
with kernel methods
)
\Fld@listcount=\count367
\c@bookmark@seq@number=\count368

(/home/valentino/.miktex/texmfs/install/tex/latex/rerunfilecheck/rerunfilecheck
.sty
Package: rerunfilecheck 2022-07-10 v1.10 Rerun checks for auxiliary files (HO)

(/home/valentino/.miktex/texmfs/install/tex/generic/uniquecounter/uniquecounter
.sty
Package: uniquecounter 2019/12/15 v1.4 Provide unlimited unique counter (HO)
)
Package uniquecounter Info: New unique counter `rerunfilecheck' on input line 2
85.
)
\Hy@SectionHShift=\skip91
) (/home/valentino/.miktex/texmfs/install/tex/latex/capt-of/capt-of.sty
Package: capt-of 2009/12/29 v0.2 standard captions outside of floats
)

LaTeX Warning: \include should only be used after \begin{document} on input lin
e 36.

(newCommands.tex)
LaTeX Font Info:    Trying to load font information for OT1+ptm on input line 3
8.

(/home/valentino/.miktex/texmfs/install/tex/latex/psnfss/ot1ptm.fd
File: ot1ptm.fd 2001/06/04 font definitions for OT1/ptm.
) (main.aux
(caratula.aux)
LaTeX Info: Redefining \. on input line 12.
LaTeX Info: Redefining \% on input line 12.
Package babel Info: 'spanish' activates 'spanish' shorthands.
(babel)             Reported  on input line 12.
 (configContenido.aux) (indice.aux))
\openout1 = `main.aux'.

LaTeX Font Info:    Checking defaults for OML/cmm/m/it on input line 38.
LaTeX Font Info:    ... okay on input line 38.
LaTeX Font Info:    Checking defaults for OMS/cmsy/m/n on input line 38.
LaTeX Font Info:    ... okay on input line 38.
LaTeX Font Info:    Checking defaults for OT1/cmr/m/n on input line 38.
LaTeX Font Info:    ... okay on input line 38.
LaTeX Font Info:    Checking defaults for T1/cmr/m/n on input line 38.
LaTeX Font Info:    ... okay on input line 38.
LaTeX Font Info:    Checking defaults for TS1/cmr/m/n on input line 38.
LaTeX Font Info:    ... okay on input line 38.
LaTeX Font Info:    Checking defaults for OMX/cmex/m/n on input line 38.
LaTeX Font Info:    ... okay on input line 38.
LaTeX Font Info:    Checking defaults for U/cmr/m/n on input line 38.
LaTeX Font Info:    ... okay on input line 38.
LaTeX Font Info:    Checking defaults for PD1/pdf/m/n on input line 38.
LaTeX Font Info:    ... okay on input line 38.
LaTeX Font Info:    Checking defaults for PU/pdf/m/n on input line 38.
LaTeX Font Info:    ... okay on input line 38.

(/home/valentino/.miktex/texmfs/install/tex/context/base/mkii/supp-pdf.mkii
[Loading MPS to PDF converter (version 2006.09.02).]
\scratchcounter=\count369
\scratchdimen=\dimen350
\scratchbox=\box125
\nofMPsegments=\count370
\nofMParguments=\count371
\everyMPshowfont=\toks44
\MPscratchCnt=\count372
\MPscratchDim=\dimen351
\MPnumerator=\count373
\makeMPintoPDFobject=\count374
\everyMPtoPDFconversion=\toks45
)
(/home/valentino/.miktex/texmfs/install/tex/latex/epstopdf-pkg/epstopdf-base.st
y
Package: epstopdf-base 2020-01-24 v2.11 Base part for package epstopdf
Package epstopdf-base Info: Redefining graphics rule for `.eps' on input line 4
85.
 (/home/valentino/.miktex/texmfs/install/tex/latex/00miktex/epstopdf-sys.cfg
File: epstopdf-sys.cfg 2021/03/18 v2.0 Configuration of epstopdf for MiKTeX
))
(/home/valentino/.miktex/texmfs/install/tex/latex/translations/dicts/translatio
ns-basic-dictionary-spanish.trsl
File: translations-basic-dictionary-spanish.trsl (spanish translation file `tra
nslations-basic-dictionary')
)
Package translations Info: loading dictionary `translations-basic-dictionary' f
or `spanish'. on input line 38.

*geometry* driver: auto-detecting
*geometry* detected driver: pdftex
*geometry* verbose mode - [ preamble ] result:
* driver: pdftex
* paper: a4paper
* layout: <same size as paper>
* layoutoffset:(h,v)=(0.0pt,0.0pt)
* modes: 
* h-part:(L,W,R)=(0.0pt, 597.50787pt, 0.0pt)
* v-part:(T,H,B)=(0.0pt, 845.04684pt, 0.0pt)
* \paperwidth=597.50787pt
* \paperheight=845.04684pt
* \textwidth=597.50787pt
* \textheight=845.04684pt
* \oddsidemargin=-72.26999pt
* \evensidemargin=-72.26999pt
* \topmargin=-109.26999pt
* \headheight=12.0pt
* \headsep=25.0pt
* \topskip=10.0pt
* \footskip=30.0pt
* \marginparwidth=57.0pt
* \marginparsep=11.0pt
* \columnsep=10.0pt
* \skip\footins=9.0pt plus 4.0pt minus 2.0pt
* \hoffset=0.0pt
* \voffset=0.0pt
* \mag=1000
* \@twocolumnfalse
* \@twosidefalse
* \@mparswitchfalse
* \@reversemarginfalse
* (1in=72.27pt=25.4mm, 1cm=28.453pt)

LaTeX Info: Redefining \. on input line 38.
LaTeX Info: Redefining \% on input line 38.
Package caption Info: Begin \AtBeginDocument code.
Package caption Info: hyperref package is loaded.
Package caption Info: End \AtBeginDocument code.

Package chemgreek Info: Activating mapping `default' on line 38.

Package hyperref Info: Link coloring OFF on input line 38.
(main.out) (main.out)
\@outlinefile=\write4
\openout4 = `main.out'.

\openout2 = `caratula.aux'.

 (caratula.tex
<./imagenes/utn.png, id=58, 216.81pt x 234.8775pt>
File: ./imagenes/utn.png Graphic file (type png)
<use ./imagenes/utn.png>
Package pdftex.def Info: ./imagenes/utn.png  used on input line 7.
(pdftex.def)             Requested size: 85.35826pt x 92.47275pt.
<./imagenes/portada.jpg, id=59, 4015.0pt x 3011.25pt>
File: ./imagenes/portada.jpg Graphic file (type jpg)
<use ./imagenes/portada.jpg>
Package pdftex.def Info: ./imagenes/portada.jpg  used on input line 8.
(pdftex.def)             Requested size: 227.62204pt x 170.6965pt.
LaTeX Font Info:    Trying to load font information for TS1+ptm on input line 2
3.

(/home/valentino/.miktex/texmfs/install/tex/latex/psnfss/ts1ptm.fd
File: ts1ptm.fd 2001/06/04 font definitions for TS1/ptm.
)
LaTeX Font Info:    Trying to load font information for U+msa on input line 28.


(/home/valentino/.miktex/texmfs/install/tex/latex/amsfonts/umsa.fd
File: umsa.fd 2013/01/14 v3.01 AMS symbols A
)
LaTeX Font Info:    Trying to load font information for U+msb on input line 28.


(/home/valentino/.miktex/texmfs/install/tex/latex/amsfonts/umsb.fd
File: umsb.fd 2013/01/14 v3.01 AMS symbols B
))

[1


{/home/valentino/.miktex/texmfs/data/fonts/map/pdftex/pdftex.map}{/home/valenti
no/.miktex/texmfs/install/fonts/enc/dvips/base/8r.enc} <./imagenes/utn.png> <./
imagenes/portada.jpg>]
\openout2 = `configContenido.aux'.

 (configContenido.tex
*geometry* verbose mode - [ newgeometry ] result:
* driver: pdftex
* paper: a4paper
* layout: <same size as paper>
* layoutoffset:(h,v)=(0.0pt,0.0pt)
* modes: 
* h-part:(L,W,R)=(71.13188pt, 483.69687pt, 42.67912pt)
* v-part:(T,H,B)=(42.67912pt, 759.6886pt, 42.67912pt)
* \paperwidth=597.50787pt
* \paperheight=845.04684pt
* \textwidth=483.69687pt
* \textheight=759.6886pt
* \oddsidemargin=-1.1381pt
* \evensidemargin=-1.1381pt
* \topmargin=-66.59087pt
* \headheight=12.0pt
* \headsep=25.0pt
* \topskip=10.0pt
* \footskip=30.0pt
* \marginparwidth=57.0pt
* \marginparsep=11.0pt
* \columnsep=10.0pt
* \skip\footins=9.0pt plus 4.0pt minus 2.0pt
* \hoffset=0.0pt
* \voffset=0.0pt
* \mag=1000
* \@twocolumnfalse
* \@twosidefalse
* \@mparswitchfalse
* \@reversemarginfalse
* (1in=72.27pt=25.4mm, 1cm=28.453pt)

)
\openout2 = `indice.aux'.

 (indice.tex

[2







] (main.toc
LaTeX Info: Redefining \. on input line 1.
LaTeX Info: Redefining \% on input line 1.
)
\tf@toc=\write5
\openout5 = `main.toc'.



[0])


pdfTeX warning (ext4): destination with the same identifier (name{page.0}) has 
been already used, duplicate ignored
<to be read again> 
                   \relax 
l.41     \include{indice}
                          [0] (teorico1.tex
<./imagenes/Diagra.png, id=92, 956.57375pt x 208.78pt>
File: ./imagenes/Diagra.png Graphic file (type png)
<use ./imagenes/Diagra.png>
Package pdftex.def Info: ./imagenes/Diagra.png  used on input line 2.
(pdftex.def)             Requested size: 221.93158pt x 48.4357pt.

Overfull \hbox (9.30952pt too wide) in paragraph at lines 2--3
[][] 
 []

<./imagenes/transfo.png, id=94, 295.1025pt x 142.5325pt>
File: ./imagenes/transfo.png Graphic file (type png)
<use ./imagenes/transfo.png>
Package pdftex.def Info: ./imagenes/transfo.png  used on input line 15.
(pdftex.def)             Requested size: 170.71652pt x 82.45575pt.
<./imagenes/puent.png, id=95, 273.02pt x 222.8325pt>
File: ./imagenes/puent.png Graphic file (type png)
<use ./imagenes/puent.png>
Package pdftex.def Info: ./imagenes/puent.png  used on input line 23.
(pdftex.def)             Requested size: 170.71652pt x 139.33456pt.
<./imagenes/Alte.png, id=96, 234.8775pt x 211.79124pt>
File: ./imagenes/Alte.png Graphic file (type png)
<use ./imagenes/Alte.png>
Package pdftex.def Info: ./imagenes/Alte.png  used on input line 31.
(pdftex.def)             Requested size: 170.71652pt x 153.93736pt.
<./imagenes/semic.png, id=97, 504.88625pt x 217.81375pt>
File: ./imagenes/semic.png Graphic file (type png)
<use ./imagenes/semic.png>
Package pdftex.def Info: ./imagenes/semic.png  used on input line 36.
(pdftex.def)             Requested size: 170.71652pt x 73.6502pt.
<./imagenes/semisic2.png, id=98, 565.11125pt x 221.82875pt>
File: ./imagenes/semisic2.png Graphic file (type png)
<use ./imagenes/semisic2.png>
Package pdftex.def Info: ./imagenes/semisic2.png  used on input line 40.
(pdftex.def)             Requested size: 170.71652pt x 67.01285pt.
<./imagenes/puentesal.png, id=99, 197.73875pt x 171.64125pt>
File: ./imagenes/puentesal.png Graphic file (type png)
<use ./imagenes/puentesal.png>
Package pdftex.def Info: ./imagenes/puentesal.png  used on input line 46.
(pdftex.def)             Requested size: 170.71652pt x 148.18738pt.

pdfTeX warning (ext4): destination with the same identifier (name{page.1}) has 
been already used, duplicate ignored
<to be read again> 
                   \relax 
l.55 \saltoPag
              {} [1


 <./imagenes/Diagra.png> <./imagenes/transfo.png> <./imagenes/puent.png> <./ima
genes/Alte.png> <./imagenes/semic.png> <./imagenes/semisic2.png> <./imagenes/pu
entesal.png>]
<./imagenes/VPI.png, id=115, 302.12875pt x 235.88126pt>
File: ./imagenes/VPI.png Graphic file (type png)
<use ./imagenes/VPI.png>
Package pdftex.def Info: ./imagenes/VPI.png  used on input line 60.
(pdftex.def)             Requested size: 142.26378pt x 111.06935pt.
<./imagenes/Dyc.png, id=116, 283.0575pt x 363.3575pt>
File: ./imagenes/Dyc.png Graphic file (type png)
<use ./imagenes/Dyc.png>
Package pdftex.def Info: ./imagenes/Dyc.png  used on input line 93.
(pdftex.def)             Requested size: 142.26378pt x 182.62637pt.
<./imagenes/Dyc1.png, id=117, 283.0575pt x 363.3575pt>
File: ./imagenes/Dyc1.png Graphic file (type png)
<use ./imagenes/Dyc1.png>
Package pdftex.def Info: ./imagenes/Dyc1.png  used on input line 94.
(pdftex.def)             Requested size: 142.26378pt x 182.62637pt.
<./imagenes/rplrg.png, id=118, 414.54875pt x 240.9pt>
File: ./imagenes/rplrg.png Graphic file (type png)
<use ./imagenes/rplrg.png>
Package pdftex.def Info: ./imagenes/rplrg.png  used on input line 105.
(pdftex.def)             Requested size: 142.26378pt x 82.66948pt.

pdfTeX warning (ext4): destination with the same identifier (name{page.2}) has 
been already used, duplicate ignored
<to be read again> 
                   \relax 
l.116 \saltoPag
               {} [2 <./imagenes/VPI.png> <./imagenes/Dyc.png> <./imagenes/Dyc1
.png> <./imagenes/rplrg.png>]
<./imagenes/Diagrama317.png, id=131, 427.5975pt x 282.05376pt>
File: ./imagenes/Diagrama317.png Graphic file (type png)
<use ./imagenes/Diagrama317.png>
Package pdftex.def Info: ./imagenes/Diagrama317.png  used on input line 121.
(pdftex.def)             Requested size: 170.71652pt x 112.60861pt.

Underfull \hbox (badness 6978) in paragraph at lines 135--136
[]\OT1/ptm/m/n/10 LM317 encapsulado TO-220 disipa 15W y
 []

) [3 <./imagenes/Diagrama317.png>] (punto2.tex [4]
Underfull \hbox (badness 10000) in paragraph at lines 124--126
[]\OT1/ptm/m/n/10 En este trabajo pr[]actico se analizaron las
 []

) [5] (anexo.tex
<./imagenes/banco_prueba_frente.jpg, id=158, 1284.8pt x 963.6pt>
File: ./imagenes/banco_prueba_frente.jpg Graphic file (type jpg)
<use ./imagenes/banco_prueba_frente.jpg>
Package pdftex.def Info: ./imagenes/banco_prueba_frente.jpg  used on input line
 6.
(pdftex.def)             Requested size: 204.85846pt x 153.63512pt.


Package caption Warning: The option `hypcap=true' will be ignored for this
(caption)                particular \caption on input line 7.
See the caption package documentation for explanation.

<./imagenes/fuente_completa.jpg, id=159, 722.7pt x 1284.8pt>
File: ./imagenes/fuente_completa.jpg Graphic file (type jpg)
<use ./imagenes/fuente_completa.jpg>
Package pdftex.def Info: ./imagenes/fuente_completa.jpg  used on input line 12.

(pdftex.def)             Requested size: 204.85846pt x 364.19176pt.

Package caption Warning: The option `hypcap=true' will be ignored for this
(caption)                particular \caption on input line 13.
See the caption package documentation for explanation.

<./imagenes/fuente_sin_LM317.jpg, id=160, 1284.8pt x 722.7pt>
File: ./imagenes/fuente_sin_LM317.jpg Graphic file (type jpg)
<use ./imagenes/fuente_sin_LM317.jpg>
Package pdftex.def Info: ./imagenes/fuente_sin_LM317.jpg  used on input line 18
.
(pdftex.def)             Requested size: 204.85846pt x 115.22633pt.

Package caption Warning: The option `hypcap=true' will be ignored for this
(caption)                particular \caption on input line 19.
See the caption package documentation for explanation.

<./imagenes/reostato.jpg, id=161, 722.7pt x 1284.8pt>
File: ./imagenes/reostato.jpg Graphic file (type jpg)
<use ./imagenes/reostato.jpg>
Package pdftex.def Info: ./imagenes/reostato.jpg  used on input line 24.
(pdftex.def)             Requested size: 204.85846pt x 364.19176pt.

Package caption Warning: The option `hypcap=true' will be ignored for this
(caption)                particular \caption on input line 25.
See the caption package documentation for explanation.

[6 <./imagenes/banco_prueba_frente.jpg> <./imagenes/fuente_completa.jpg> <./ima
genes/fuente_sin_LM317.jpg> <./imagenes/reostato.jpg>]
<./imagenes/placa_completa.jpg, id=171, 1284.8pt x 963.6pt>
File: ./imagenes/placa_completa.jpg Graphic file (type jpg)
<use ./imagenes/placa_completa.jpg>
Package pdftex.def Info: ./imagenes/placa_completa.jpg  used on input line 33.
(pdftex.def)             Requested size: 204.85846pt x 153.63512pt.


Package caption Warning: The option `hypcap=true' will be ignored for this
(caption)                particular \caption on input line 34.
See the caption package documentation for explanation.

<./imagenes/tension_baja_vacio.jpg, id=172, 1284.8pt x 722.7pt>
File: ./imagenes/tension_baja_vacio.jpg Graphic file (type jpg)
<use ./imagenes/tension_baja_vacio.jpg>
Package pdftex.def Info: ./imagenes/tension_baja_vacio.jpg  used on input line 
41.
(pdftex.def)             Requested size: 204.85846pt x 115.22633pt.

Package caption Warning: The option `hypcap=true' will be ignored for this
(caption)                particular \caption on input line 42.
See the caption package documentation for explanation.

<./imagenes/tension_baja_050.jpg, id=173, 1284.8pt x 722.7pt>
File: ./imagenes/tension_baja_050.jpg Graphic file (type jpg)
<use ./imagenes/tension_baja_050.jpg>
Package pdftex.def Info: ./imagenes/tension_baja_050.jpg  used on input line 48
.
(pdftex.def)             Requested size: 204.85846pt x 115.22633pt.

Package caption Warning: The option `hypcap=true' will be ignored for this
(caption)                particular \caption on input line 49.
See the caption package documentation for explanation.

<./imagenes/tension_baja_075.jpg, id=174, 1284.8pt x 722.7pt>
File: ./imagenes/tension_baja_075.jpg Graphic file (type jpg)
<use ./imagenes/tension_baja_075.jpg>
Package pdftex.def Info: ./imagenes/tension_baja_075.jpg  used on input line 54
.
(pdftex.def)             Requested size: 204.85846pt x 115.22633pt.

Package caption Warning: The option `hypcap=true' will be ignored for this
(caption)                particular \caption on input line 55.
See the caption package documentation for explanation.

<./imagenes/tension_baja_1,25.jpg, id=175, 1284.8pt x 722.7pt>
File: ./imagenes/tension_baja_1,25.jpg Graphic file (type jpg)
<use ./imagenes/tension_baja_1,25.jpg>
Package pdftex.def Info: ./imagenes/tension_baja_1,25.jpg  used on input line 6
0.
(pdftex.def)             Requested size: 204.85846pt x 115.22633pt.

Package caption Warning: The option `hypcap=true' will be ignored for this
(caption)                particular \caption on input line 61.
See the caption package documentation for explanation.

<./imagenes/tension_baja_1,50.jpg, id=176, 1284.8pt x 722.7pt>
File: ./imagenes/tension_baja_1,50.jpg Graphic file (type jpg)
<use ./imagenes/tension_baja_1,50.jpg>
Package pdftex.def Info: ./imagenes/tension_baja_1,50.jpg  used on input line 6
6.
(pdftex.def)             Requested size: 204.85846pt x 115.22633pt.

Package caption Warning: The option `hypcap=true' will be ignored for this
(caption)                particular \caption on input line 67.
See the caption package documentation for explanation.

<./imagenes/corriente_baja_0,25.jpg, id=177, 1284.8pt x 722.7pt>
File: ./imagenes/corriente_baja_0,25.jpg Graphic file (type jpg)
<use ./imagenes/corriente_baja_0,25.jpg>
Package pdftex.def Info: ./imagenes/corriente_baja_0,25.jpg  used on input line
 74.
(pdftex.def)             Requested size: 204.85846pt x 115.22633pt.

Package caption Warning: The option `hypcap=true' will be ignored for this
(caption)                particular \caption on input line 75.
See the caption package documentation for explanation.

<./imagenes/corriente_baja_050.jpg, id=178, 1284.8pt x 722.7pt>
File: ./imagenes/corriente_baja_050.jpg Graphic file (type jpg)
<use ./imagenes/corriente_baja_050.jpg>
Package pdftex.def Info: ./imagenes/corriente_baja_050.jpg  used on input line 
80.
(pdftex.def)             Requested size: 204.85846pt x 115.22633pt.

Package caption Warning: The option `hypcap=true' will be ignored for this
(caption)                particular \caption on input line 81.
See the caption package documentation for explanation.

<./imagenes/corriente_baja_075.jpg, id=179, 1284.8pt x 722.7pt>
File: ./imagenes/corriente_baja_075.jpg Graphic file (type jpg)
<use ./imagenes/corriente_baja_075.jpg>
Package pdftex.def Info: ./imagenes/corriente_baja_075.jpg  used on input line 
86.
(pdftex.def)             Requested size: 204.85846pt x 115.22633pt.

Package caption Warning: The option `hypcap=true' will be ignored for this
(caption)                particular \caption on input line 87.
See the caption package documentation for explanation.

[7 <./imagenes/placa_completa.jpg> <./imagenes/tension_baja_vacio.jpg> <./image
nes/tension_baja_050.jpg> <./imagenes/tension_baja_075.jpg> <./imagenes/tension
_baja_1,25.jpg> <./imagenes/tension_baja_1,50.jpg> <./imagenes/corriente_baja_0
,25.jpg> <./imagenes/corriente_baja_050.jpg> <./imagenes/corriente_baja_075.jpg
>]
<./imagenes/corriente_baja_1,25.jpg, id=194, 1284.8pt x 722.7pt>
File: ./imagenes/corriente_baja_1,25.jpg Graphic file (type jpg)
<use ./imagenes/corriente_baja_1,25.jpg>
Package pdftex.def Info: ./imagenes/corriente_baja_1,25.jpg  used on input line
 94.
(pdftex.def)             Requested size: 204.85846pt x 115.22633pt.


Package caption Warning: The option `hypcap=true' will be ignored for this
(caption)                particular \caption on input line 95.
See the caption package documentation for explanation.

<./imagenes/corriente_baja_1,5.jpg, id=195, 1284.8pt x 722.7pt>
File: ./imagenes/corriente_baja_1,5.jpg Graphic file (type jpg)
<use ./imagenes/corriente_baja_1,5.jpg>
Package pdftex.def Info: ./imagenes/corriente_baja_1,5.jpg  used on input line 
100.
(pdftex.def)             Requested size: 204.85846pt x 115.22633pt.

Package caption Warning: The option `hypcap=true' will be ignored for this
(caption)                particular \caption on input line 101.
See the caption package documentation for explanation.

<./imagenes/riplle_baja_osc_mult.jpg, id=196, 1284.8pt x 722.7pt>
File: ./imagenes/riplle_baja_osc_mult.jpg Graphic file (type jpg)
<use ./imagenes/riplle_baja_osc_mult.jpg>
Package pdftex.def Info: ./imagenes/riplle_baja_osc_mult.jpg  used on input lin
e 107.
(pdftex.def)             Requested size: 204.85846pt x 115.22633pt.

Package caption Warning: The option `hypcap=true' will be ignored for this
(caption)                particular \caption on input line 108.
See the caption package documentation for explanation.

<./imagenes/tension_alta_vacio_rao.jpg, id=197, 722.7pt x 1284.8pt>
File: ./imagenes/tension_alta_vacio_rao.jpg Graphic file (type jpg)
<use ./imagenes/tension_alta_vacio_rao.jpg>
Package pdftex.def Info: ./imagenes/tension_alta_vacio_rao.jpg  used on input l
ine 115.
(pdftex.def)             Requested size: 204.85846pt x 364.19176pt.

Package caption Warning: The option `hypcap=true' will be ignored for this
(caption)                particular \caption on input line 116.
See the caption package documentation for explanation.

<./imagenes/tension_alta_0,50.jpg, id=198, 4657.4pt x 3485.02pt>
File: ./imagenes/tension_alta_0,50.jpg Graphic file (type jpg)
<use ./imagenes/tension_alta_0,50.jpg>
Package pdftex.def Info: ./imagenes/tension_alta_0,50.jpg  used on input line 1
22.
(pdftex.def)             Requested size: 204.85846pt x 153.25627pt.

Package caption Warning: The option `hypcap=true' will be ignored for this
(caption)                particular \caption on input line 123.
See the caption package documentation for explanation.

[8 <./imagenes/corriente_baja_1,25.jpg> <./imagenes/corriente_baja_1,5.jpg> <./
imagenes/riplle_baja_osc_mult.jpg> <./imagenes/tension_alta_vacio_rao.jpg> <./i
magenes/tension_alta_0,50.jpg>]
<./imagenes/tension_alta_0,75.jpg, id=209, 4657.4pt x 3485.02pt>
File: ./imagenes/tension_alta_0,75.jpg Graphic file (type jpg)
<use ./imagenes/tension_alta_0,75.jpg>
Package pdftex.def Info: ./imagenes/tension_alta_0,75.jpg  used on input line 1
30.
(pdftex.def)             Requested size: 204.85846pt x 153.25627pt.


Package caption Warning: The option `hypcap=true' will be ignored for this
(caption)                particular \caption on input line 131.
See the caption package documentation for explanation.

<./imagenes/tension_alta_1,25.jpg, id=210, 4657.4pt x 3485.02pt>
File: ./imagenes/tension_alta_1,25.jpg Graphic file (type jpg)
<use ./imagenes/tension_alta_1,25.jpg>
Package pdftex.def Info: ./imagenes/tension_alta_1,25.jpg  used on input line 1
36.
(pdftex.def)             Requested size: 204.85846pt x 153.25627pt.

Package caption Warning: The option `hypcap=true' will be ignored for this
(caption)                particular \caption on input line 137.
See the caption package documentation for explanation.

<./imagenes/tension_alta_1.jpg, id=211, 4657.4pt x 3485.02pt>
File: ./imagenes/tension_alta_1.jpg Graphic file (type jpg)
<use ./imagenes/tension_alta_1.jpg>
Package pdftex.def Info: ./imagenes/tension_alta_1.jpg  used on input line 142.

(pdftex.def)             Requested size: 204.85846pt x 153.25627pt.

Package caption Warning: The option `hypcap=true' will be ignored for this
(caption)                particular \caption on input line 143.
See the caption package documentation for explanation.

<./imagenes/tension_alta_1,5.jpg, id=212, 4657.4pt x 3485.02pt>
File: ./imagenes/tension_alta_1,5.jpg Graphic file (type jpg)
<use ./imagenes/tension_alta_1,5.jpg>
Package pdftex.def Info: ./imagenes/tension_alta_1,5.jpg  used on input line 15
0.
(pdftex.def)             Requested size: 204.85846pt x 153.25627pt.

Package caption Warning: The option `hypcap=true' will be ignored for this
(caption)                particular \caption on input line 151.
See the caption package documentation for explanation.

<./imagenes/temperatura_capsula.jpg, id=213, 4657.4pt x 3485.02pt>
File: ./imagenes/temperatura_capsula.jpg Graphic file (type jpg)
<use ./imagenes/temperatura_capsula.jpg>
Package pdftex.def Info: ./imagenes/temperatura_capsula.jpg  used on input line
 156.
(pdftex.def)             Requested size: 204.85846pt x 153.25627pt.

Package caption Warning: The option `hypcap=true' will be ignored for this
(caption)                particular \caption on input line 157.
See the caption package documentation for explanation.

<./imagenes/tension_corriente_alta_vacio.jpg, id=214, 722.7pt x 1284.8pt>
File: ./imagenes/tension_corriente_alta_vacio.jpg Graphic file (type jpg)
<use ./imagenes/tension_corriente_alta_vacio.jpg>
Package pdftex.def Info: ./imagenes/tension_corriente_alta_vacio.jpg  used on i
nput line 164.
(pdftex.def)             Requested size: 204.85846pt x 364.19176pt.

Package caption Warning: The option `hypcap=true' will be ignored for this
(caption)                particular \caption on input line 165.
See the caption package documentation for explanation.

[9 <./imagenes/tension_alta_0,75.jpg> <./imagenes/tension_alta_1,25.jpg> <./ima
genes/tension_alta_1.jpg> <./imagenes/tension_alta_1,5.jpg> <./imagenes/tempera
tura_capsula.jpg> <./imagenes/tension_corriente_alta_vacio.jpg>]
<./imagenes/riplle_alta_multimetro.jpg, id=227, 4657.4pt x 3485.02pt>
File: ./imagenes/riplle_alta_multimetro.jpg Graphic file (type jpg)
<use ./imagenes/riplle_alta_multimetro.jpg>
Package pdftex.def Info: ./imagenes/riplle_alta_multimetro.jpg  used on input l
ine 173.
(pdftex.def)             Requested size: 204.85846pt x 153.25627pt.


Package caption Warning: The option `hypcap=true' will be ignored for this
(caption)                particular \caption on input line 174.
See the caption package documentation for explanation.

<./imagenes/riplle_alta_osc.jpg, id=228, 4657.4pt x 3485.02pt>
File: ./imagenes/riplle_alta_osc.jpg Graphic file (type jpg)
<use ./imagenes/riplle_alta_osc.jpg>
Package pdftex.def Info: ./imagenes/riplle_alta_osc.jpg  used on input line 179
.
(pdftex.def)             Requested size: 204.85846pt x 153.25627pt.

Package caption Warning: The option `hypcap=true' will be ignored for this
(caption)                particular \caption on input line 180.
See the caption package documentation for explanation.

)

[10 <./imagenes/riplle_alta_multimetro.jpg> <./imagenes/riplle_alta_osc.jpg>]

enddocument/afterlastpage (AED): lastpage setting LastPage.
(main.aux (caratula.aux)
LaTeX Info: Redefining \. on input line 12.
LaTeX Info: Redefining \% on input line 12.
 (configContenido.aux) (indice.aux))
 ***********
LaTeX2e <2024-11-01> patch level 2
L3 programming layer <2025-03-26>
 ***********
Package rerunfilecheck Info: File `main.out' has not changed.
(rerunfilecheck)             Checksum: DEF1091573B516EF7F13EA9C7B28D1CB;2196.
 ) 
Here is how much of TeX's memory you used:
 48269 strings out of 471901
 1167547 string characters out of 5521638
 1786259 words of memory out of 5000000
 74193 multiletter control sequences out of 15000+600000
 641997 words of font info for 78 fonts, out of 8000000 for 9000
 0 hyphenation exceptions out of 8191
 117i,11n,121p,674b,1396s stack positions out of 10000i,1000n,20000p,200000b,200000s
</home/valentino/.miktex/texmfs/install/fonts/type1/public/amsfonts/cm/cmmi10
.pfb></home/valentino/.miktex/texmfs/install/fonts/type1/public/amsfonts/cm/cmm
i5.pfb></home/valentino/.miktex/texmfs/install/fonts/type1/public/amsfonts/cm/c
mmi7.pfb></home/valentino/.miktex/texmfs/install/fonts/type1/public/amsfonts/cm
/cmr10.pfb></home/valentino/.miktex/texmfs/install/fonts/type1/public/amsfonts/
cm/cmr5.pfb></home/valentino/.miktex/texmfs/install/fonts/type1/public/amsfonts
/cm/cmr7.pfb></home/valentino/.miktex/texmfs/install/fonts/type1/public/amsfont
s/cm/cmsy10.pfb></home/valentino/.miktex/texmfs/install/fonts/type1/public/amsf
onts/cm/cmsy5.pfb></home/valentino/.miktex/texmfs/install/fonts/type1/public/am
sfonts/cm/cmsy7.pfb></home/valentino/.miktex/texmfs/install/fonts/type1/urw/tim
es/utmb8a.pfb></home/valentino/.miktex/texmfs/install/fonts/type1/urw/times/utm
r8a.pfb>
Output written on main.pdf (14 pages, 46354132 bytes).
PDF statistics:
 297 PDF objects out of 1000 (max. 8388607)
 58 named destinations out of 1000 (max. 500000)
 317 words of extra memory for PDF output out of 10000 (max. 10000000)

