This is pdfTeX, Version 3.141592653-2.6-1.40.25 (MiKTeX 24.1) (preloaded format=pdflatex 2024.10.3)  26 MAY 2025 00:01
entering extended mode
 restricted \write18 enabled.
 file:line:error style messages enabled.
 %&-line parsing enabled.
**c:/Users/manul/OneDrive/Escritorio/electronicaAplicada/trabajosPracticos/tp2-Fuente/templateLaTeX/main.tex
(c:/Users/manul/OneDrive/Escritorio/electronicaAplicada/trabajosPracticos/tp2-Fuente/templateLaTeX/main.tex
LaTeX2e <2023-11-01> patch level 1
L3 programming layer <2024-01-04>
(C:\Users\manul\AppData\Local\Programs\Paquete_Latex\tex/latex/base\article.cls
Document Class: article 2023/05/17 v1.4n Standard LaTeX document class
(C:\Users\manul\AppData\Local\Programs\Paquete_Latex\tex/latex/base\size10.clo
File: size10.clo 2023/05/17 v1.4n Standard LaTeX file (size option)
)
\c@part=\count187
\c@section=\count188
\c@subsection=\count189
\c@subsubsection=\count190
\c@paragraph=\count191
\c@subparagraph=\count192
\c@figure=\count193
\c@table=\count194
\abovecaptionskip=\skip48
\belowcaptionskip=\skip49
\bibindent=\dimen140
) (C:\Users\manul\AppData\Local\Programs\Paquete_Latex\tex/latex/l3packages/xparse\xparse.sty (C:\Users\manul\AppData\Local\Programs\Paquete_Latex\tex/latex/l3kernel\expl3.sty
Package: expl3 2024-01-04 L3 programming layer (loader) 
 (C:\Users\manul\AppData\Local\Programs\Paquete_Latex\tex/latex/l3backend\l3backend-pdftex.def
File: l3backend-pdftex.def 2024-01-04 L3 backend support: PDF output (pdfTeX)
\l__color_backend_stack_int=\count195
\l__pdf_internal_box=\box51
))
Package: xparse 2023-10-10 L3 Experimental document command parser
) (C:\Users\manul\AppData\Local\Programs\Paquete_Latex\tex/latex/colortbl\colortbl.sty
Package: colortbl 2024/07/06 v1.0i Color table columns (DPC)
 (C:\Users\manul\AppData\Local\Programs\Paquete_Latex\tex/latex/tools\array.sty
Package: array 2023/10/16 v2.5g Tabular extension package (FMi)
\col@sep=\dimen141
\ar@mcellbox=\box52
\extrarowheight=\dimen142
\NC@list=\toks17
\extratabsurround=\skip50
\backup@length=\skip51
\ar@cellbox=\box53
) (C:\Users\manul\AppData\Local\Programs\Paquete_Latex\tex/latex/graphics\color.sty
Package: color 2022/01/06 v1.3d Standard LaTeX Color (DPC)
 (C:\Users\manul\AppData\Local\Programs\Paquete_Latex\tex/latex/graphics-cfg\color.cfg
File: color.cfg 2016/01/02 v1.6 sample color configuration
)
Package color Info: Driver file: pdftex.def on input line 149.
 (C:\Users\manul\AppData\Local\Programs\Paquete_Latex\tex/latex/graphics-def\pdftex.def
File: pdftex.def 2022/09/22 v1.2b Graphics/color driver for pdftex
) (C:\Users\manul\AppData\Local\Programs\Paquete_Latex\tex/latex/graphics\mathcolor.ltx))
\everycr=\toks18
\minrowclearance=\skip52
\rownum=\count196
) (C:\Users\manul\AppData\Local\Programs\Paquete_Latex\tex/latex/circuitikz\circuitikz.sty
Package: circuitikz 2025/03/21{} The CircuiTikz circuit drawing package version 1.7.2
 (C:\Users\manul\AppData\Local\Programs\Paquete_Latex\tex/latex/pgf/frontendlayer\tikz.sty (C:\Users\manul\AppData\Local\Programs\Paquete_Latex\tex/latex/pgf/basiclayer\pgf.sty (C:\Users\manul\AppData\Local\Programs\Paquete_Latex\tex/latex/pgf/utilities\pgfrcs.sty (C:\Users\manul\AppData\Local\Programs\Paquete_Latex\tex/generic/pgf/utilities\pgfutil-common.tex
\pgfutil@everybye=\toks19
\pgfutil@tempdima=\dimen143
\pgfutil@tempdimb=\dimen144
) (C:\Users\manul\AppData\Local\Programs\Paquete_Latex\tex/generic/pgf/utilities\pgfutil-latex.def
\pgfutil@abb=\box54
) (C:\Users\manul\AppData\Local\Programs\Paquete_Latex\tex/generic/pgf/utilities\pgfrcs.code.tex (C:\Users\manul\AppData\Local\Programs\Paquete_Latex\tex/generic/pgf\pgf.revision.tex)
Package: pgfrcs 2023-01-15 v3.1.10 (3.1.10)
))
Package: pgf 2023-01-15 v3.1.10 (3.1.10)
 (C:\Users\manul\AppData\Local\Programs\Paquete_Latex\tex/latex/pgf/basiclayer\pgfcore.sty (C:\Users\manul\AppData\Local\Programs\Paquete_Latex\tex/latex/graphics\graphicx.sty
Package: graphicx 2021/09/16 v1.2d Enhanced LaTeX Graphics (DPC,SPQR)
 (C:\Users\manul\AppData\Local\Programs\Paquete_Latex\tex/latex/graphics\keyval.sty
Package: keyval 2022/05/29 v1.15 key=value parser (DPC)
\KV@toks@=\toks20
) (C:\Users\manul\AppData\Local\Programs\Paquete_Latex\tex/latex/graphics\graphics.sty
Package: graphics 2022/03/10 v1.4e Standard LaTeX Graphics (DPC,SPQR)
 (C:\Users\manul\AppData\Local\Programs\Paquete_Latex\tex/latex/graphics\trig.sty
Package: trig 2021/08/11 v1.11 sin cos tan (DPC)
) (C:\Users\manul\AppData\Local\Programs\Paquete_Latex\tex/latex/graphics-cfg\graphics.cfg
File: graphics.cfg 2016/06/04 v1.11 sample graphics configuration
)
Package graphics Info: Driver file: pdftex.def on input line 107.
)
\Gin@req@height=\dimen145
\Gin@req@width=\dimen146
) (C:\Users\manul\AppData\Local\Programs\Paquete_Latex\tex/latex/pgf/systemlayer\pgfsys.sty (C:\Users\manul\AppData\Local\Programs\Paquete_Latex\tex/generic/pgf/systemlayer\pgfsys.code.tex
Package: pgfsys 2023-01-15 v3.1.10 (3.1.10)
 (C:\Users\manul\AppData\Local\Programs\Paquete_Latex\tex/generic/pgf/utilities\pgfkeys.code.tex
\pgfkeys@pathtoks=\toks21
\pgfkeys@temptoks=\toks22
 (C:\Users\manul\AppData\Local\Programs\Paquete_Latex\tex/generic/pgf/utilities\pgfkeyslibraryfiltered.code.tex
\pgfkeys@tmptoks=\toks23
))
\pgf@x=\dimen147
\pgf@y=\dimen148
\pgf@xa=\dimen149
\pgf@ya=\dimen150
\pgf@xb=\dimen151
\pgf@yb=\dimen152
\pgf@xc=\dimen153
\pgf@yc=\dimen154
\pgf@xd=\dimen155
\pgf@yd=\dimen156
\w@pgf@writea=\write3
\r@pgf@reada=\read2
\c@pgf@counta=\count197
\c@pgf@countb=\count198
\c@pgf@countc=\count199
\c@pgf@countd=\count266
\t@pgf@toka=\toks24
\t@pgf@tokb=\toks25
\t@pgf@tokc=\toks26
\pgf@sys@id@count=\count267
 (C:\Users\manul\AppData\Local\Programs\Paquete_Latex\tex/generic/pgf/systemlayer\pgf.cfg
File: pgf.cfg 2023-01-15 v3.1.10 (3.1.10)
)
Driver file for pgf: pgfsys-pdftex.def
 (C:\Users\manul\AppData\Local\Programs\Paquete_Latex\tex/generic/pgf/systemlayer\pgfsys-pdftex.def
File: pgfsys-pdftex.def 2023-01-15 v3.1.10 (3.1.10)
 (C:\Users\manul\AppData\Local\Programs\Paquete_Latex\tex/generic/pgf/systemlayer\pgfsys-common-pdf.def
File: pgfsys-common-pdf.def 2023-01-15 v3.1.10 (3.1.10)
))) (C:\Users\manul\AppData\Local\Programs\Paquete_Latex\tex/generic/pgf/systemlayer\pgfsyssoftpath.code.tex
File: pgfsyssoftpath.code.tex 2023-01-15 v3.1.10 (3.1.10)
\pgfsyssoftpath@smallbuffer@items=\count268
\pgfsyssoftpath@bigbuffer@items=\count269
) (C:\Users\manul\AppData\Local\Programs\Paquete_Latex\tex/generic/pgf/systemlayer\pgfsysprotocol.code.tex
File: pgfsysprotocol.code.tex 2023-01-15 v3.1.10 (3.1.10)
)) (C:\Users\manul\AppData\Local\Programs\Paquete_Latex\tex/latex/xcolor\xcolor.sty
Package: xcolor 2023/11/15 v3.01 LaTeX color extensions (UK)
 (C:\Users\manul\AppData\Local\Programs\Paquete_Latex\tex/latex/graphics-cfg\color.cfg
File: color.cfg 2016/01/02 v1.6 sample color configuration
)
Package xcolor Info: Driver file: pdftex.def on input line 274.
LaTeX Info: Redefining \color on input line 758.
 (C:\Users\manul\AppData\Local\Programs\Paquete_Latex\tex/latex/graphics\mathcolor.ltx)
Package xcolor Info: Model `cmy' substituted by `cmy0' on input line 1350.
Package xcolor Info: Model `hsb' substituted by `rgb' on input line 1354.
Package xcolor Info: Model `RGB' extended on input line 1366.
Package xcolor Info: Model `HTML' substituted by `rgb' on input line 1368.
Package xcolor Info: Model `Hsb' substituted by `hsb' on input line 1369.
Package xcolor Info: Model `tHsb' substituted by `hsb' on input line 1370.
Package xcolor Info: Model `HSB' substituted by `hsb' on input line 1371.
Package xcolor Info: Model `Gray' substituted by `gray' on input line 1372.
Package xcolor Info: Model `wave' substituted by `hsb' on input line 1373.
) (C:\Users\manul\AppData\Local\Programs\Paquete_Latex\tex/generic/pgf/basiclayer\pgfcore.code.tex
Package: pgfcore 2023-01-15 v3.1.10 (3.1.10)
 (C:\Users\manul\AppData\Local\Programs\Paquete_Latex\tex/generic/pgf/math\pgfmath.code.tex (C:\Users\manul\AppData\Local\Programs\Paquete_Latex\tex/generic/pgf/math\pgfmathutil.code.tex) (C:\Users\manul\AppData\Local\Programs\Paquete_Latex\tex/generic/pgf/math\pgfmathparser.code.tex
\pgfmath@dimen=\dimen157
\pgfmath@count=\count270
\pgfmath@box=\box55
\pgfmath@toks=\toks27
\pgfmath@stack@operand=\toks28
\pgfmath@stack@operation=\toks29
) (C:\Users\manul\AppData\Local\Programs\Paquete_Latex\tex/generic/pgf/math\pgfmathfunctions.code.tex) (C:\Users\manul\AppData\Local\Programs\Paquete_Latex\tex/generic/pgf/math\pgfmathfunctions.basic.code.tex) (C:\Users\manul\AppData\Local\Programs\Paquete_Latex\tex/generic/pgf/math\pgfmathfunctions.trigonometric.code.tex) (C:\Users\manul\AppData\Local\Programs\Paquete_Latex\tex/generic/pgf/math\pgfmathfunctions.random.code.tex) (C:\Users\manul\AppData\Local\Programs\Paquete_Latex\tex/generic/pgf/math\pgfmathfunctions.comparison.code.tex) (C:\Users\manul\AppData\Local\Programs\Paquete_Latex\tex/generic/pgf/math\pgfmathfunctions.base.code.tex) (C:\Users\manul\AppData\Local\Programs\Paquete_Latex\tex/generic/pgf/math\pgfmathfunctions.round.code.tex) (C:\Users\manul\AppData\Local\Programs\Paquete_Latex\tex/generic/pgf/math\pgfmathfunctions.misc.code.tex) (C:\Users\manul\AppData\Local\Programs\Paquete_Latex\tex/generic/pgf/math\pgfmathfunctions.integerarithmetics.code.tex) (C:\Users\manul\AppData\Local\Programs\Paquete_Latex\tex/generic/pgf/math\pgfmathcalc.code.tex) (C:\Users\manul\AppData\Local\Programs\Paquete_Latex\tex/generic/pgf/math\pgfmathfloat.code.tex
\c@pgfmathroundto@lastzeros=\count271
)) (C:\Users\manul\AppData\Local\Programs\Paquete_Latex\tex/generic/pgf/math\pgfint.code.tex) (C:\Users\manul\AppData\Local\Programs\Paquete_Latex\tex/generic/pgf/basiclayer\pgfcorepoints.code.tex
File: pgfcorepoints.code.tex 2023-01-15 v3.1.10 (3.1.10)
\pgf@picminx=\dimen158
\pgf@picmaxx=\dimen159
\pgf@picminy=\dimen160
\pgf@picmaxy=\dimen161
\pgf@pathminx=\dimen162
\pgf@pathmaxx=\dimen163
\pgf@pathminy=\dimen164
\pgf@pathmaxy=\dimen165
\pgf@xx=\dimen166
\pgf@xy=\dimen167
\pgf@yx=\dimen168
\pgf@yy=\dimen169
\pgf@zx=\dimen170
\pgf@zy=\dimen171
) (C:\Users\manul\AppData\Local\Programs\Paquete_Latex\tex/generic/pgf/basiclayer\pgfcorepathconstruct.code.tex
File: pgfcorepathconstruct.code.tex 2023-01-15 v3.1.10 (3.1.10)
\pgf@path@lastx=\dimen172
\pgf@path@lasty=\dimen173
) (C:\Users\manul\AppData\Local\Programs\Paquete_Latex\tex/generic/pgf/basiclayer\pgfcorepathusage.code.tex
File: pgfcorepathusage.code.tex 2023-01-15 v3.1.10 (3.1.10)
\pgf@shorten@end@additional=\dimen174
\pgf@shorten@start@additional=\dimen175
) (C:\Users\manul\AppData\Local\Programs\Paquete_Latex\tex/generic/pgf/basiclayer\pgfcorescopes.code.tex
File: pgfcorescopes.code.tex 2023-01-15 v3.1.10 (3.1.10)
\pgfpic=\box56
\pgf@hbox=\box57
\pgf@layerbox@main=\box58
\pgf@picture@serial@count=\count272
) (C:\Users\manul\AppData\Local\Programs\Paquete_Latex\tex/generic/pgf/basiclayer\pgfcoregraphicstate.code.tex
File: pgfcoregraphicstate.code.tex 2023-01-15 v3.1.10 (3.1.10)
\pgflinewidth=\dimen176
) (C:\Users\manul\AppData\Local\Programs\Paquete_Latex\tex/generic/pgf/basiclayer\pgfcoretransformations.code.tex
File: pgfcoretransformations.code.tex 2023-01-15 v3.1.10 (3.1.10)
\pgf@pt@x=\dimen177
\pgf@pt@y=\dimen178
\pgf@pt@temp=\dimen179
) (C:\Users\manul\AppData\Local\Programs\Paquete_Latex\tex/generic/pgf/basiclayer\pgfcorequick.code.tex
File: pgfcorequick.code.tex 2023-01-15 v3.1.10 (3.1.10)
) (C:\Users\manul\AppData\Local\Programs\Paquete_Latex\tex/generic/pgf/basiclayer\pgfcoreobjects.code.tex
File: pgfcoreobjects.code.tex 2023-01-15 v3.1.10 (3.1.10)
) (C:\Users\manul\AppData\Local\Programs\Paquete_Latex\tex/generic/pgf/basiclayer\pgfcorepathprocessing.code.tex
File: pgfcorepathprocessing.code.tex 2023-01-15 v3.1.10 (3.1.10)
) (C:\Users\manul\AppData\Local\Programs\Paquete_Latex\tex/generic/pgf/basiclayer\pgfcorearrows.code.tex
File: pgfcorearrows.code.tex 2023-01-15 v3.1.10 (3.1.10)
\pgfarrowsep=\dimen180
) (C:\Users\manul\AppData\Local\Programs\Paquete_Latex\tex/generic/pgf/basiclayer\pgfcoreshade.code.tex
File: pgfcoreshade.code.tex 2023-01-15 v3.1.10 (3.1.10)
\pgf@max=\dimen181
\pgf@sys@shading@range@num=\count273
\pgf@shadingcount=\count274
) (C:\Users\manul\AppData\Local\Programs\Paquete_Latex\tex/generic/pgf/basiclayer\pgfcoreimage.code.tex
File: pgfcoreimage.code.tex 2023-01-15 v3.1.10 (3.1.10)
) (C:\Users\manul\AppData\Local\Programs\Paquete_Latex\tex/generic/pgf/basiclayer\pgfcoreexternal.code.tex
File: pgfcoreexternal.code.tex 2023-01-15 v3.1.10 (3.1.10)
\pgfexternal@startupbox=\box59
) (C:\Users\manul\AppData\Local\Programs\Paquete_Latex\tex/generic/pgf/basiclayer\pgfcorelayers.code.tex
File: pgfcorelayers.code.tex 2023-01-15 v3.1.10 (3.1.10)
) (C:\Users\manul\AppData\Local\Programs\Paquete_Latex\tex/generic/pgf/basiclayer\pgfcoretransparency.code.tex
File: pgfcoretransparency.code.tex 2023-01-15 v3.1.10 (3.1.10)
) (C:\Users\manul\AppData\Local\Programs\Paquete_Latex\tex/generic/pgf/basiclayer\pgfcorepatterns.code.tex
File: pgfcorepatterns.code.tex 2023-01-15 v3.1.10 (3.1.10)
) (C:\Users\manul\AppData\Local\Programs\Paquete_Latex\tex/generic/pgf/basiclayer\pgfcorerdf.code.tex
File: pgfcorerdf.code.tex 2023-01-15 v3.1.10 (3.1.10)
))) (C:\Users\manul\AppData\Local\Programs\Paquete_Latex\tex/generic/pgf/modules\pgfmoduleshapes.code.tex
File: pgfmoduleshapes.code.tex 2023-01-15 v3.1.10 (3.1.10)
\pgfnodeparttextbox=\box60
) (C:\Users\manul\AppData\Local\Programs\Paquete_Latex\tex/generic/pgf/modules\pgfmoduleplot.code.tex
File: pgfmoduleplot.code.tex 2023-01-15 v3.1.10 (3.1.10)
) (C:\Users\manul\AppData\Local\Programs\Paquete_Latex\tex/latex/pgf/compatibility\pgfcomp-version-0-65.sty
Package: pgfcomp-version-0-65 2023-01-15 v3.1.10 (3.1.10)
\pgf@nodesepstart=\dimen182
\pgf@nodesepend=\dimen183
) (C:\Users\manul\AppData\Local\Programs\Paquete_Latex\tex/latex/pgf/compatibility\pgfcomp-version-1-18.sty
Package: pgfcomp-version-1-18 2023-01-15 v3.1.10 (3.1.10)
)) (C:\Users\manul\AppData\Local\Programs\Paquete_Latex\tex/latex/pgf/utilities\pgffor.sty (C:\Users\manul\AppData\Local\Programs\Paquete_Latex\tex/latex/pgf/utilities\pgfkeys.sty (C:\Users\manul\AppData\Local\Programs\Paquete_Latex\tex/generic/pgf/utilities\pgfkeys.code.tex)) (C:\Users\manul\AppData\Local\Programs\Paquete_Latex\tex/latex/pgf/math\pgfmath.sty (C:\Users\manul\AppData\Local\Programs\Paquete_Latex\tex/generic/pgf/math\pgfmath.code.tex)) (C:\Users\manul\AppData\Local\Programs\Paquete_Latex\tex/generic/pgf/utilities\pgffor.code.tex
Package: pgffor 2023-01-15 v3.1.10 (3.1.10)
\pgffor@iter=\dimen184
\pgffor@skip=\dimen185
\pgffor@stack=\toks30
\pgffor@toks=\toks31
)) (C:\Users\manul\AppData\Local\Programs\Paquete_Latex\tex/generic/pgf/frontendlayer/tikz\tikz.code.tex
Package: tikz 2023-01-15 v3.1.10 (3.1.10)
 (C:\Users\manul\AppData\Local\Programs\Paquete_Latex\tex/generic/pgf/libraries\pgflibraryplothandlers.code.tex
File: pgflibraryplothandlers.code.tex 2023-01-15 v3.1.10 (3.1.10)
\pgf@plot@mark@count=\count275
\pgfplotmarksize=\dimen186
)
\tikz@lastx=\dimen187
\tikz@lasty=\dimen188
\tikz@lastxsaved=\dimen189
\tikz@lastysaved=\dimen190
\tikz@lastmovetox=\dimen191
\tikz@lastmovetoy=\dimen192
\tikzleveldistance=\dimen193
\tikzsiblingdistance=\dimen194
\tikz@figbox=\box61
\tikz@figbox@bg=\box62
\tikz@tempbox=\box63
\tikz@tempbox@bg=\box64
\tikztreelevel=\count276
\tikznumberofchildren=\count277
\tikznumberofcurrentchild=\count278
\tikz@fig@count=\count279
 (C:\Users\manul\AppData\Local\Programs\Paquete_Latex\tex/generic/pgf/modules\pgfmodulematrix.code.tex
File: pgfmodulematrix.code.tex 2023-01-15 v3.1.10 (3.1.10)
\pgfmatrixcurrentrow=\count280
\pgfmatrixcurrentcolumn=\count281
\pgf@matrix@numberofcolumns=\count282
)
\tikz@expandcount=\count283
 (C:\Users\manul\AppData\Local\Programs\Paquete_Latex\tex/generic/pgf/frontendlayer/tikz/libraries\tikzlibrarytopaths.code.tex
File: tikzlibrarytopaths.code.tex 2023-01-15 v3.1.10 (3.1.10)
))) (C:\Users\manul\AppData\Local\Programs\Paquete_Latex\tex/generic/pgf/frontendlayer/tikz/libraries\tikzlibrarycalc.code.tex
File: tikzlibrarycalc.code.tex 2023-01-15 v3.1.10 (3.1.10)
) (C:\Users\manul\AppData\Local\Programs\Paquete_Latex\tex/generic/pgf/libraries\pgflibraryarrows.meta.code.tex
File: pgflibraryarrows.meta.code.tex 2023-01-15 v3.1.10 (3.1.10)
\pgfarrowinset=\dimen195
\pgfarrowlength=\dimen196
\pgfarrowwidth=\dimen197
\pgfarrowlinewidth=\dimen198
) (C:\Users\manul\AppData\Local\Programs\Paquete_Latex\tex/generic/pgf/frontendlayer/tikz/libraries\tikzlibrarybending.code.tex
File: tikzlibrarybending.code.tex 2023-01-15 v3.1.10 (3.1.10)
 (C:\Users\manul\AppData\Local\Programs\Paquete_Latex\tex/generic/pgf/modules\pgfmodulebending.code.tex
File: pgfmodulebending.code.tex 2023-01-15 v3.1.10 (3.1.10)
 (C:\Users\manul\AppData\Local\Programs\Paquete_Latex\tex/generic/pgf/modules\pgfmodulenonlineartransformations.code.tex
File: pgfmodulenonlineartransformations.code.tex 2023-01-15 v3.1.10 (3.1.10)
\pgftransformnonlinearflatness=\dimen199
) (C:\Users\manul\AppData\Local\Programs\Paquete_Latex\tex/generic/pgf/libraries\pgflibrarycurvilinear.code.tex
File: pgflibrarycurvilinear.code.tex 2023-01-15 v3.1.10 (3.1.10)
\pgf@curvilinear@time@a=\dimen256
\pgf@curvilinear@length@a=\dimen257
\pgf@curvilinear@length@b=\dimen258
\pgf@curvilinear@length@c=\dimen259
\pgf@curvilinear@length@d=\dimen260
)
\pgf@arrows@the@rigidity=\dimen261
)) (C:\Users\manul\AppData\Local\Programs\Paquete_Latex\tex/generic/pgf/frontendlayer/tikz/libraries\tikzlibraryfpu.code.tex (C:\Users\manul\AppData\Local\Programs\Paquete_Latex\tex/generic/pgf/libraries\pgflibraryfpu.code.tex)) (C:\Users\manul\AppData\Local\Programs\Paquete_Latex\tex/generic/circuitikz\pgfcirc.defines.tex
\pgf@circ@count@a=\count284
\pgf@circ@count@b=\count285
\pgf@circ@count@c=\count286
\pgf@circ@res@up=\dimen262
\pgf@circ@res@down=\dimen263
\pgf@circ@res@zero=\dimen264
\pgf@circ@res@left=\dimen265
\pgf@circ@res@right=\dimen266
\pgf@circ@res@other=\dimen267
\pgf@circ@res@step=\dimen268
\pgf@circ@res@temp=\dimen269
\pgf@circ@Rlen=\dimen270
\pgf@circ@scaled@Rlen=\dimen271
\pgfstartlinewidth=\dimen272
) (C:\Users\manul\AppData\Local\Programs\Paquete_Latex\tex/generic/circuitikz\pgfcircutils.tex
\ctikz@scratchbox=\box65
) (C:\Users\manul\AppData\Local\Programs\Paquete_Latex\tex/generic/circuitikz\pgfcircpath.tex) (C:\Users\manul\AppData\Local\Programs\Paquete_Latex\tex/generic/circuitikz\pgfcircshapes.tex) (C:\Users\manul\AppData\Local\Programs\Paquete_Latex\tex/generic/circuitikz\pgfcircmonopoles.tex) (C:\Users\manul\AppData\Local\Programs\Paquete_Latex\tex/generic/circuitikz\pgfcircbipoles.tex) (C:\Users\manul\AppData\Local\Programs\Paquete_Latex\tex/generic/circuitikz\pgfcirctripoles.tex
\pgf@circ@res@count=\count287
) (C:\Users\manul\AppData\Local\Programs\Paquete_Latex\tex/generic/circuitikz\pgfcircquadpoles.tex) (C:\Users\manul\AppData\Local\Programs\Paquete_Latex\tex/generic/circuitikz\pgfcircmultipoles.tex)
(C:\Users\manul\AppData\Local\Programs\Paquete_Latex\tex/generic/circuitikz\pgfcirclabel.tex) (C:\Users\manul\AppData\Local\Programs\Paquete_Latex\tex/generic/circuitikz\pgfcircvoltage.tex
\pgfcirc@labelshift=\dimen273
) (C:\Users\manul\AppData\Local\Programs\Paquete_Latex\tex/generic/circuitikz\pgfcirccurrent.tex) (C:\Users\manul\AppData\Local\Programs\Paquete_Latex\tex/generic/circuitikz\pgfcircflow.tex)) (C:\Users\manul\AppData\Local\Programs\Paquete_Latex\tex/latex/cancel\cancel.sty
Package: cancel 2013/04/12 v2.2 Cancel math terms
) (C:\Users\manul\AppData\Local\Programs\Paquete_Latex\tex/latex/siunitx\siunitx.sty
Package: siunitx 2025-03-26 v3.4.8 A comprehensive (SI) units package
\l__siunitx_number_uncert_offset_int=\count288
\l__siunitx_number_exponent_fixed_int=\count289
\l__siunitx_number_min_decimal_int=\count290
\l__siunitx_number_min_integer_int=\count291
\l__siunitx_number_round_precision_int=\count292
\l__siunitx_number_lower_threshold_int=\count293
\l__siunitx_number_upper_threshold_int=\count294
\l__siunitx_number_group_first_int=\count295
\l__siunitx_number_group_size_int=\count296
\l__siunitx_number_group_minimum_int=\count297
\l__siunitx_angle_tmp_dim=\dimen274
\l__siunitx_angle_marker_box=\box66
\l__siunitx_angle_unit_box=\box67
\l__siunitx_compound_count_int=\count298
 (C:\Users\manul\AppData\Local\Programs\Paquete_Latex\tex/latex/translations\translations.sty
Package: translations 2022/02/05 v1.12 internationalization of LaTeX2e packages (CN)
 (C:\Users\manul\AppData\Local\Programs\Paquete_Latex\tex/latex/etoolbox\etoolbox.sty
Package: etoolbox 2020/10/05 v2.5k e-TeX tools for LaTeX (JAW)
\etb@tempcnta=\count299
) (C:\Users\manul\AppData\Local\Programs\Paquete_Latex\tex/generic/pdftexcmds\pdftexcmds.sty
Package: pdftexcmds 2020-06-27 v0.33 Utility functions of pdfTeX for LuaTeX (HO)
 (C:\Users\manul\AppData\Local\Programs\Paquete_Latex\tex/generic/infwarerr\infwarerr.sty
Package: infwarerr 2019/12/03 v1.5 Providing info/warning/error messages (HO)
) (C:\Users\manul\AppData\Local\Programs\Paquete_Latex\tex/generic/iftex\iftex.sty
Package: iftex 2022/02/03 v1.0f TeX engine tests
) (C:\Users\manul\AppData\Local\Programs\Paquete_Latex\tex/generic/ltxcmds\ltxcmds.sty
Package: ltxcmds 2023-12-04 v1.26 LaTeX kernel commands for general use (HO)
)
Package pdftexcmds Info: \pdf@primitive is available.
Package pdftexcmds Info: \pdf@ifprimitive is available.
Package pdftexcmds Info: \pdfdraftmode found.
)) (C:\Users\manul\AppData\Local\Programs\Paquete_Latex\tex/latex/amsmath\amstext.sty
Package: amstext 2021/08/26 v2.01 AMS text
 (C:\Users\manul\AppData\Local\Programs\Paquete_Latex\tex/latex/amsmath\amsgen.sty
File: amsgen.sty 1999/11/30 v2.0 generic functions
\@emptytoks=\toks32
\ex@=\dimen275
))
\l__siunitx_table_tmp_box=\box68
\l__siunitx_table_tmp_dim=\dimen276
\l__siunitx_table_column_width_dim=\dimen277
\l__siunitx_table_integer_box=\box69
\l__siunitx_table_decimal_box=\box70
\l__siunitx_table_uncert_box=\box71
\l__siunitx_table_before_box=\box72
\l__siunitx_table_after_box=\box73
\l__siunitx_table_before_dim=\dimen278
\l__siunitx_table_carry_dim=\dimen279
\l__siunitx_unit_tmp_int=\count300
\l__siunitx_unit_position_int=\count301
\l__siunitx_unit_total_int=\count302
) (C:\Users\manul\AppData\Local\Programs\Paquete_Latex\tex/latex/multirow\multirow.sty
Package: multirow 2024/11/12 v2.9 Span multiple rows of a table
\multirow@colwidth=\skip53
\multirow@cntb=\count303
\multirow@dima=\skip54
\bigstrutjot=\dimen280
)

LaTeX Warning: Package "xcolor" has already been loaded: ignoring load-time
(LaTeX)        option "xcdraw".

(C:\Users\manul\AppData\Local\Programs\Paquete_Latex\tex/latex/graphics\dvipsnam.def
File: dvipsnam.def 2016/06/17 v3.0m Driver-dependent file (DPC,SPQR)
) (C:\Users\manul\AppData\Local\Programs\Paquete_Latex\tex/latex/psnfss\times.sty
Package: times 2020/03/25 PSNFSS-v9.3 (SPQR) 
) (C:\Users\manul\AppData\Local\Programs\Paquete_Latex\tex/latex/geometry\geometry.sty
Package: geometry 2020/01/02 v5.9 Page Geometry
 (C:\Users\manul\AppData\Local\Programs\Paquete_Latex\tex/generic/iftex\ifvtex.sty
Package: ifvtex 2019/10/25 v1.7 ifvtex legacy package. Use iftex instead.
)
\Gm@cnth=\count304
\Gm@cntv=\count305
\c@Gm@tempcnt=\count306
\Gm@bindingoffset=\dimen281
\Gm@wd@mp=\dimen282
\Gm@odd@mp=\dimen283
\Gm@even@mp=\dimen284
\Gm@layoutwidth=\dimen285
\Gm@layoutheight=\dimen286
\Gm@layouthoffset=\dimen287
\Gm@layoutvoffset=\dimen288
\Gm@dimlist=\toks33
 (C:\Users\manul\AppData\Local\Programs\Paquete_Latex\tex/latex/geometry\geometry.cfg)) (C:\Users\manul\AppData\Local\Programs\Paquete_Latex\tex/latex/anyfontsize\anyfontsize.sty
Package: anyfontsize 2007/11/22 anyfontsize.sty by pts
) (C:\Users\manul\AppData\Local\Programs\Paquete_Latex\tex/latex/fancyhdr\fancyhdr.sty
Package: fancyhdr 2024/07/23 v4.3.1 Extensive control of page headers and footers
\f@nch@headwidth=\skip55
\f@nch@O@elh=\skip56
\f@nch@O@erh=\skip57
\f@nch@O@olh=\skip58
\f@nch@O@orh=\skip59
\f@nch@O@elf=\skip60
\f@nch@O@erf=\skip61
\f@nch@O@olf=\skip62
\f@nch@O@orf=\skip63
) (C:\Users\manul\AppData\Local\Programs\Paquete_Latex\tex/latex/tools\indentfirst.sty
Package: indentfirst 2023/07/02 v1.03 Indent first paragraph (DPC)
) (C:\Users\manul\AppData\Local\Programs\Paquete_Latex\tex/latex/amsmath\amsmath.sty
Package: amsmath 2023/05/13 v2.17o AMS math features
\@mathmargin=\skip64

For additional information on amsmath, use the `?' option.
(C:\Users\manul\AppData\Local\Programs\Paquete_Latex\tex/latex/amsmath\amsbsy.sty
Package: amsbsy 1999/11/29 v1.2d Bold Symbols
\pmbraise@=\dimen289
) (C:\Users\manul\AppData\Local\Programs\Paquete_Latex\tex/latex/amsmath\amsopn.sty
Package: amsopn 2022/04/08 v2.04 operator names
)
\inf@bad=\count307
LaTeX Info: Redefining \frac on input line 234.
\uproot@=\count308
\leftroot@=\count309
LaTeX Info: Redefining \overline on input line 399.
LaTeX Info: Redefining \colon on input line 410.
\classnum@=\count310
\DOTSCASE@=\count311
LaTeX Info: Redefining \ldots on input line 496.
LaTeX Info: Redefining \dots on input line 499.
LaTeX Info: Redefining \cdots on input line 620.
\Mathstrutbox@=\box74
\strutbox@=\box75
LaTeX Info: Redefining \big on input line 722.
LaTeX Info: Redefining \Big on input line 723.
LaTeX Info: Redefining \bigg on input line 724.
LaTeX Info: Redefining \Bigg on input line 725.
\big@size=\dimen290
LaTeX Font Info:    Redeclaring font encoding OML on input line 743.
LaTeX Font Info:    Redeclaring font encoding OMS on input line 744.
\macc@depth=\count312
LaTeX Info: Redefining \bmod on input line 905.
LaTeX Info: Redefining \pmod on input line 910.
LaTeX Info: Redefining \smash on input line 940.
LaTeX Info: Redefining \relbar on input line 970.
LaTeX Info: Redefining \Relbar on input line 971.
\c@MaxMatrixCols=\count313
\dotsspace@=\muskip16
\c@parentequation=\count314
\dspbrk@lvl=\count315
\tag@help=\toks34
\row@=\count316
\column@=\count317
\maxfields@=\count318
\andhelp@=\toks35
\eqnshift@=\dimen291
\alignsep@=\dimen292
\tagshift@=\dimen293
\tagwidth@=\dimen294
\totwidth@=\dimen295
\lineht@=\dimen296
\@envbody=\toks36
\multlinegap=\skip65
\multlinetaggap=\skip66
\mathdisplay@stack=\toks37
LaTeX Info: Redefining \[ on input line 2953.
LaTeX Info: Redefining \] on input line 2954.
) (C:\Users\manul\AppData\Local\Programs\Paquete_Latex\tex/generic/babel\babel.sty
Package: babel 2024/01/07 v24.1 The Babel package
\babel@savecnt=\count319
\U@D=\dimen297
\l@unhyphenated=\language79
 (C:\Users\manul\AppData\Local\Programs\Paquete_Latex\tex/generic/babel\txtbabel.def)
\bbl@readstream=\read3
\bbl@dirlevel=\count320

*************************************
* Local config file bblopts.cfg used
*
(C:\Users\manul\AppData\Local\Programs\Paquete_Latex\tex/latex/arabi\bblopts.cfg
File: bblopts.cfg 2005/09/08 v0.1 add Arabic and Farsi to "declared" options of babel
) (C:\Users\manul\AppData\Local\Programs\Paquete_Latex\tex/latex/babel-spanish\spanish.ldf
Language: spanish.ldf 2021/05/27 v5.0q Spanish support from the babel system
\es@quottoks=\toks38
\es@quotdepth=\count321
Package babel Info: Making " an active character on input line 570.
Package babel Info: Making . an active character on input line 675.
Package babel Info: Making < an active character on input line 722.
Package babel Info: Making > an active character on input line 722.
)) (C:\Users\manul\AppData\Local\Programs\Paquete_Latex\tex/generic/babel/locale/es\babel-spanish.tex
Package babel Info: Importing font and identification data for spanish
(babel)             from babel-es.ini. Reported on input line 11.
) (C:\Users\manul\AppData\Local\Programs\Paquete_Latex\tex/latex/base\inputenc.sty
Package: inputenc 2021/02/14 v1.3d Input encoding file
\inpenc@prehook=\toks39
\inpenc@posthook=\toks40
) (C:\Users\manul\AppData\Local\Programs\Paquete_Latex\tex/latex/titlesec\titlesec.sty
Package: titlesec 2023/10/27 v2.16 Sectioning titles
\ttl@box=\box76
\beforetitleunit=\skip67
\aftertitleunit=\skip68
\ttl@plus=\dimen298
\ttl@minus=\dimen299
\ttl@toksa=\toks41
\titlewidth=\dimen300
\titlewidthlast=\dimen301
\titlewidthfirst=\dimen302
) (C:\Users\manul\AppData\Local\Programs\Paquete_Latex\tex/latex/tools\multicol.sty
Package: multicol 2023/03/30 v1.9f multicolumn formatting (FMi)
\c@tracingmulticols=\count322
\mult@box=\box77
\multicol@leftmargin=\dimen303
\c@unbalance=\count323
\c@collectmore=\count324
\doublecol@number=\count325
\multicoltolerance=\count326
\multicolpretolerance=\count327
\full@width=\dimen304
\page@free=\dimen305
\premulticols=\dimen306
\postmulticols=\dimen307
\multicolsep=\skip69
\multicolbaselineskip=\skip70
\partial@page=\box78
\last@line=\box79
\mc@boxedresult=\box80
\maxbalancingoverflow=\dimen308
\mult@rightbox=\box81
\mult@grightbox=\box82
\mult@firstbox=\box83
\mult@gfirstbox=\box84
\@tempa=\box85
\@tempa=\box86
\@tempa=\box87
\@tempa=\box88
\@tempa=\box89
\@tempa=\box90
\@tempa=\box91
\@tempa=\box92
\@tempa=\box93
\@tempa=\box94
\@tempa=\box95
\@tempa=\box96
\@tempa=\box97
\@tempa=\box98
\@tempa=\box99
\@tempa=\box100
\@tempa=\box101
\@tempa=\box102
\@tempa=\box103
\@tempa=\box104
\@tempa=\box105
\@tempa=\box106
\@tempa=\box107
\@tempa=\box108
\@tempa=\box109
\@tempa=\box110
\@tempa=\box111
\@tempa=\box112
\@tempa=\box113
\@tempa=\box114
\@tempa=\box115
\@tempa=\box116
\@tempa=\box117
\@tempa=\box118
\@tempa=\box119
\@tempa=\box120
\c@minrows=\count328
\c@columnbadness=\count329
\c@finalcolumnbadness=\count330
\last@try=\dimen309
\multicolovershoot=\dimen310
\multicolundershoot=\dimen311
\mult@nat@firstbox=\box121
\colbreak@box=\box122
\mc@col@check@num=\count331
) (C:\Users\manul\AppData\Local\Programs\Paquete_Latex\tex/latex/enumitem\enumitem.sty
Package: enumitem 2019/06/20 v3.9 Customized lists
\labelindent=\skip71
\enit@outerparindent=\dimen312
\enit@toks=\toks42
\enit@inbox=\box123
\enit@count@id=\count332
\enitdp@description=\count333
) (C:\Users\manul\AppData\Local\Programs\Paquete_Latex\tex/latex/caption\caption.sty
Package: caption 2023/08/05 v3.6o Customizing captions (AR)
 (C:\Users\manul\AppData\Local\Programs\Paquete_Latex\tex/latex/caption\caption3.sty
Package: caption3 2023/07/31 v2.4d caption3 kernel (AR)
\caption@tempdima=\dimen313
\captionmargin=\dimen314
\caption@leftmargin=\dimen315
\caption@rightmargin=\dimen316
\caption@width=\dimen317
\caption@indent=\dimen318
\caption@parindent=\dimen319
\caption@hangindent=\dimen320
Package caption Info: Standard document class detected.
)
\c@caption@flags=\count334
\c@continuedfloat=\count335
) (C:\Users\manul\AppData\Local\Programs\Paquete_Latex\tex/latex/booktabs\booktabs.sty
Package: booktabs 2020/01/12 v1.61803398 Publication quality tables
\heavyrulewidth=\dimen321
\lightrulewidth=\dimen322
\cmidrulewidth=\dimen323
\belowrulesep=\dimen324
\belowbottomsep=\dimen325
\aboverulesep=\dimen326
\abovetopsep=\dimen327
\cmidrulesep=\dimen328
\cmidrulekern=\dimen329
\defaultaddspace=\dimen330
\@cmidla=\count336
\@cmidlb=\count337
\@aboverulesep=\dimen331
\@belowrulesep=\dimen332
\@thisruleclass=\count338
\@lastruleclass=\count339
\@thisrulewidth=\dimen333
) (C:\Users\manul\AppData\Local\Programs\Paquete_Latex\tex/latex/amsfonts\amsfonts.sty
Package: amsfonts 2013/01/14 v3.01 Basic AMSFonts support
\symAMSa=\mathgroup4
\symAMSb=\mathgroup5
LaTeX Font Info:    Redeclaring math symbol \hbar on input line 98.
LaTeX Font Info:    Overwriting math alphabet `\mathfrak' in version `bold'
(Font)                  U/euf/m/n --> U/euf/b/n on input line 106.
) (C:\Users\manul\AppData\Local\Programs\Paquete_Latex\tex/latex/mhchem\mhchem.sty
Package: mhchem 2024/01/29 v4.10 for typesetting chemical formulae
 (C:\Users\manul\AppData\Local\Programs\Paquete_Latex\tex/latex/l3packages/l3keys2e\l3keys2e.sty
Package: l3keys2e 2023-10-10 LaTeX2e option processing using LaTeX3 keys
) (C:\Users\manul\AppData\Local\Programs\Paquete_Latex\tex/latex/tools\calc.sty
Package: calc 2023/07/08 v4.3 Infix arithmetic (KKT,FJ)
\calc@Acount=\count340
\calc@Bcount=\count341
\calc@Adimen=\dimen334
\calc@Bdimen=\dimen335
\calc@Askip=\skip72
\calc@Bskip=\skip73
LaTeX Info: Redefining \setlength on input line 80.
LaTeX Info: Redefining \addtolength on input line 81.
\calc@Ccount=\count342
\calc@Cskip=\skip74
) (C:\Users\manul\AppData\Local\Programs\Paquete_Latex\tex/latex/chemgreek\chemgreek.sty
Package: chemgreek 2020/01/16 v1.1a interface for upright Greek letters for use in chemistry (CN)
\l__chemgreek_tmpa_int=\count343
\g__chemgreek_tmpa_int=\count344
)
\l__mhchem_ce_distanceFromLastComma_int=\count345
\__mhchem_arrow_extPgfLength_skip=\skip75
\mhchem@minispace@tmp=\skip76
\mhchem@minibackspace@tmp=\skip77
\mhchem@bondwidth=\skip78
\mhchem@bondheight=\skip79
\mhchem@smallbondwidth@tmpA=\skip80
\mhchem@smallbondwidth@tmpB=\skip81
\mhchem@smallbondwidth=\skip82
\mhchem@bondtmp@minussidebearingleft=\skip83
\mhchem@bondtmp@minussidebearingright=\skip84
\l__mhchem_option_version_int=\count346
\mhchem@option@minusmathsidebearingleft=\dimen336
\mhchem@option@minusmathsidebearingright=\dimen337
\mhchem@option@minustextsidebearingleft=\dimen338
\mhchem@option@minustextsidebearingright=\dimen339
) (C:\Users\manul\AppData\Local\Programs\Paquete_Latex\tex/latex/float\float.sty
Package: float 2001/11/08 v1.3d Float enhancements (AL)
\c@float@type=\count347
\float@exts=\toks43
\float@box=\box124
\@float@everytoks=\toks44
\@floatcapt=\box125
) (C:\Users\manul\AppData\Local\Programs\Paquete_Latex\tex/latex/lastpage\lastpage.sty
Package: lastpage 2024/07/07 v2.1c lastpage: 2.09 or 2e? (HMM)
 (C:\Users\manul\AppData\Local\Programs\Paquete_Latex\tex/latex/lastpage\lastpage2e.sty
Package: lastpage2e 2024/07/07 v2.1c Decide which 2e lastpage version to use (HMM)
 (C:\Users\manul\AppData\Local\Programs\Paquete_Latex\tex/latex/lastpage\lastpagemodern.sty
Package: lastpagemodern 2024-07-07 v2.1c Refers to last page's name (HMM; JPG)
\c@lastpagecount=\count348
) 
)) (C:\Users\manul\AppData\Local\Programs\Paquete_Latex\tex/latex/caption\subcaption.sty
Package: subcaption 2023/07/28 v1.6b Sub-captions (AR)
Package caption Info: New subtype `subfigure' on input line 238.
\c@subfigure=\count349
Package caption Info: New subtype `subtable' on input line 238.
\c@subtable=\count350
) (C:\Users\manul\AppData\Local\Programs\Paquete_Latex\tex/latex/hyperref\hyperref.sty
Package: hyperref 2023-11-26 v7.01g Hypertext links for LaTeX
 (C:\Users\manul\AppData\Local\Programs\Paquete_Latex\tex/latex/kvsetkeys\kvsetkeys.sty
Package: kvsetkeys 2022-10-05 v1.19 Key value parser (HO)
) (C:\Users\manul\AppData\Local\Programs\Paquete_Latex\tex/generic/kvdefinekeys\kvdefinekeys.sty
Package: kvdefinekeys 2019-12-19 v1.6 Define keys (HO)
) (C:\Users\manul\AppData\Local\Programs\Paquete_Latex\tex/generic/pdfescape\pdfescape.sty
Package: pdfescape 2019/12/09 v1.15 Implements pdfTeX's escape features (HO)
) (C:\Users\manul\AppData\Local\Programs\Paquete_Latex\tex/latex/hycolor\hycolor.sty
Package: hycolor 2020-01-27 v1.10 Color options for hyperref/bookmark (HO)
) (C:\Users\manul\AppData\Local\Programs\Paquete_Latex\tex/latex/letltxmacro\letltxmacro.sty
Package: letltxmacro 2019/12/03 v1.6 Let assignment for LaTeX macros (HO)
) (C:\Users\manul\AppData\Local\Programs\Paquete_Latex\tex/latex/auxhook\auxhook.sty
Package: auxhook 2019-12-17 v1.6 Hooks for auxiliary files (HO)
) (C:\Users\manul\AppData\Local\Programs\Paquete_Latex\tex/latex/hyperref\nameref.sty
Package: nameref 2023-11-26 v2.56 Cross-referencing by name of section
 (C:\Users\manul\AppData\Local\Programs\Paquete_Latex\tex/latex/refcount\refcount.sty
Package: refcount 2019/12/15 v3.6 Data extraction from label references (HO)
) (C:\Users\manul\AppData\Local\Programs\Paquete_Latex\tex/generic/gettitlestring\gettitlestring.sty
Package: gettitlestring 2019/12/15 v1.6 Cleanup title references (HO)
 (C:\Users\manul\AppData\Local\Programs\Paquete_Latex\tex/latex/kvoptions\kvoptions.sty
Package: kvoptions 2022-06-15 v3.15 Key value format for package options (HO)
))
\c@section@level=\count351
)
\@linkdim=\dimen340
\Hy@linkcounter=\count352
\Hy@pagecounter=\count353
 (C:\Users\manul\AppData\Local\Programs\Paquete_Latex\tex/latex/hyperref\pd1enc.def
File: pd1enc.def 2023-11-26 v7.01g Hyperref: PDFDocEncoding definition (HO)
Now handling font encoding PD1 ...
... no UTF-8 mapping file for font encoding PD1
) (C:\Users\manul\AppData\Local\Programs\Paquete_Latex\tex/generic/intcalc\intcalc.sty
Package: intcalc 2019/12/15 v1.3 Expandable calculations with integers (HO)
)
\Hy@SavedSpaceFactor=\count354
 (C:\Users\manul\AppData\Local\Programs\Paquete_Latex\tex/latex/hyperref\puenc.def
File: puenc.def 2023-11-26 v7.01g Hyperref: PDF Unicode definition (HO)
Now handling font encoding PU ...
... no UTF-8 mapping file for font encoding PU
)
Package hyperref Info: Hyper figures OFF on input line 4181.
Package hyperref Info: Link nesting OFF on input line 4186.
Package hyperref Info: Hyper index ON on input line 4189.
Package hyperref Info: Plain pages OFF on input line 4196.
Package hyperref Info: Backreferencing OFF on input line 4201.
Package hyperref Info: Implicit mode ON; LaTeX internals redefined.
Package hyperref Info: Bookmarks ON on input line 4448.
\c@Hy@tempcnt=\count355
 (C:\Users\manul\AppData\Local\Programs\Paquete_Latex\tex/latex/url\url.sty
\Urlmuskip=\muskip17
Package: url 2013/09/16  ver 3.4  Verb mode for urls, etc.
)
LaTeX Info: Redefining \url on input line 4786.
\XeTeXLinkMargin=\dimen341
 (C:\Users\manul\AppData\Local\Programs\Paquete_Latex\tex/generic/bitset\bitset.sty
Package: bitset 2019/12/09 v1.3 Handle bit-vector datatype (HO)
 (C:\Users\manul\AppData\Local\Programs\Paquete_Latex\tex/generic/bigintcalc\bigintcalc.sty
Package: bigintcalc 2019/12/15 v1.5 Expandable calculations on big integers (HO)
))
\Fld@menulength=\count356
\Field@Width=\dimen342
\Fld@charsize=\dimen343
Package hyperref Info: Hyper figures OFF on input line 6065.
Package hyperref Info: Link nesting OFF on input line 6070.
Package hyperref Info: Hyper index ON on input line 6073.
Package hyperref Info: backreferencing OFF on input line 6080.
Package hyperref Info: Link coloring OFF on input line 6085.
Package hyperref Info: Link coloring with OCG OFF on input line 6090.
Package hyperref Info: PDF/A mode OFF on input line 6095.
 (C:\Users\manul\AppData\Local\Programs\Paquete_Latex\tex/latex/base\atbegshi-ltx.sty
Package: atbegshi-ltx 2021/01/10 v1.0c Emulation of the original atbegshi
package with kernel methods
)
\Hy@abspage=\count357
\c@Item=\count358
\c@Hfootnote=\count359
)
Package hyperref Info: Driver (autodetected): hpdftex.
 (C:\Users\manul\AppData\Local\Programs\Paquete_Latex\tex/latex/hyperref\hpdftex.def
File: hpdftex.def 2023-11-26 v7.01g Hyperref driver for pdfTeX
 (C:\Users\manul\AppData\Local\Programs\Paquete_Latex\tex/latex/base\atveryend-ltx.sty
Package: atveryend-ltx 2020/08/19 v1.0a Emulation of the original atveryend package
with kernel methods
)
\Fld@listcount=\count360
\c@bookmark@seq@number=\count361
 (C:\Users\manul\AppData\Local\Programs\Paquete_Latex\tex/latex/rerunfilecheck\rerunfilecheck.sty
Package: rerunfilecheck 2022-07-10 v1.10 Rerun checks for auxiliary files (HO)
 (C:\Users\manul\AppData\Local\Programs\Paquete_Latex\tex/generic/uniquecounter\uniquecounter.sty
Package: uniquecounter 2019/12/15 v1.4 Provide unlimited unique counter (HO)
)
Package uniquecounter Info: New unique counter `rerunfilecheck' on input line 285.
)
\Hy@SectionHShift=\skip85
) (C:\Users\manul\AppData\Local\Programs\Paquete_Latex\tex/latex/capt-of\capt-of.sty
Package: capt-of 2009/12/29 v0.2 standard captions outside of floats
)

LaTeX Warning: \include should only be used after \begin{document} on input line 37.

(newCommands.tex)
LaTeX Font Info:    Trying to load font information for OT1+ptm on input line 39.
 (C:\Users\manul\AppData\Local\Programs\Paquete_Latex\tex/latex/psnfss\ot1ptm.fd
File: ot1ptm.fd 2001/06/04 font definitions for OT1/ptm.
) (c:\Users\manul\OneDrive\Escritorio\electronicaAplicada\trabajosPracticos\tp2-Fuente\templateLaTeX\build\main.aux (c:\Users\manul\OneDrive\Escritorio\electronicaAplicada\trabajosPracticos\tp2-Fuente\templateLaTeX\build\caratula.aux)
LaTeX Info: Redefining \. on input line 12.
LaTeX Info: Redefining \% on input line 12.
 (c:\Users\manul\OneDrive\Escritorio\electronicaAplicada\trabajosPracticos\tp2-Fuente\templateLaTeX\build\configContenido.aux) (c:\Users\manul\OneDrive\Escritorio\electronicaAplicada\trabajosPracticos\tp2-Fuente\templateLaTeX\build\indice.aux)

LaTeX Warning: Label `fig:6cm' multiply defined.


LaTeX Warning: Label `fig:6cm' multiply defined.


LaTeX Warning: Label `fig:6cm' multiply defined.


LaTeX Warning: Label `fig:6cm' multiply defined.


LaTeX Warning: Label `fig:5cm' multiply defined.


LaTeX Warning: Label `fig:5cm' multiply defined.


LaTeX Warning: Label `fig:5cm' multiply defined.


LaTeX Warning: Label `fig:6cm' multiply defined.


LaTeX Warning: Label `fig:6cm' multiply defined.


LaTeX Warning: Label `fig:6cm' multiply defined.


LaTeX Warning: Label `fig:6cm' multiply defined.


LaTeX Warning: Label `fig:6cm' multiply defined.


LaTeX Warning: Label `fig:6cm' multiply defined.


LaTeX Warning: Label `fig:6cm' multiply defined.


LaTeX Warning: Label `fig:6cm' multiply defined.


LaTeX Warning: Label `fig:6cm' multiply defined.


LaTeX Warning: Label `fig:6cm' multiply defined.


LaTeX Warning: Label `fig:6cm' multiply defined.


LaTeX Warning: Label `fig:6cm' multiply defined.


LaTeX Warning: Label `fig:6cm' multiply defined.


LaTeX Warning: Label `fig:6cm' multiply defined.


LaTeX Warning: Label `fig:6cm' multiply defined.


LaTeX Warning: Label `fig:6cm' multiply defined.


LaTeX Warning: Label `fig:6cm' multiply defined.


LaTeX Warning: Label `fig:6cm' multiply defined.


LaTeX Warning: Label `fig:6cm' multiply defined.


LaTeX Warning: Label `fig:6cm' multiply defined.


LaTeX Warning: Label `fig:6cm' multiply defined.


LaTeX Warning: Label `fig:6cm' multiply defined.


LaTeX Warning: Label `fig:6cm' multiply defined.


LaTeX Warning: Label `fig:6cm' multiply defined.


LaTeX Warning: Label `fig:6cm' multiply defined.


LaTeX Warning: Label `fig:6cm' multiply defined.


LaTeX Warning: Label `fig:6cm' multiply defined.

)
\openout1 = `main.aux'.

LaTeX Font Info:    Checking defaults for OML/cmm/m/it on input line 39.
LaTeX Font Info:    ... okay on input line 39.
LaTeX Font Info:    Checking defaults for OMS/cmsy/m/n on input line 39.
LaTeX Font Info:    ... okay on input line 39.
LaTeX Font Info:    Checking defaults for OT1/cmr/m/n on input line 39.
LaTeX Font Info:    ... okay on input line 39.
LaTeX Font Info:    Checking defaults for T1/cmr/m/n on input line 39.
LaTeX Font Info:    ... okay on input line 39.
LaTeX Font Info:    Checking defaults for TS1/cmr/m/n on input line 39.
LaTeX Font Info:    ... okay on input line 39.
LaTeX Font Info:    Checking defaults for OMX/cmex/m/n on input line 39.
LaTeX Font Info:    ... okay on input line 39.
LaTeX Font Info:    Checking defaults for U/cmr/m/n on input line 39.
LaTeX Font Info:    ... okay on input line 39.
LaTeX Font Info:    Checking defaults for PD1/pdf/m/n on input line 39.
LaTeX Font Info:    ... okay on input line 39.
LaTeX Font Info:    Checking defaults for PU/pdf/m/n on input line 39.
LaTeX Font Info:    ... okay on input line 39.
 (C:\Users\manul\AppData\Local\Programs\Paquete_Latex\tex/context/base/mkii\supp-pdf.mkii
[Loading MPS to PDF converter (version 2006.09.02).]
\scratchcounter=\count362
\scratchdimen=\dimen344
\scratchbox=\box126
\nofMPsegments=\count363
\nofMParguments=\count364
\everyMPshowfont=\toks45
\MPscratchCnt=\count365
\MPscratchDim=\dimen345
\MPnumerator=\count366
\makeMPintoPDFobject=\count367
\everyMPtoPDFconversion=\toks46
) (C:\Users\manul\AppData\Local\Programs\Paquete_Latex\tex/latex/epstopdf-pkg\epstopdf-base.sty
Package: epstopdf-base 2020-01-24 v2.11 Base part for package epstopdf
Package epstopdf-base Info: Redefining graphics rule for `.eps' on input line 485.
 (C:\Users\manul\AppData\Local\Programs\Paquete_Latex\tex/latex/00miktex\epstopdf-sys.cfg
File: epstopdf-sys.cfg 2021/03/18 v2.0 Configuration of epstopdf for MiKTeX
)) (C:\Users\manul\AppData\Local\Programs\Paquete_Latex\tex/latex/translations/dicts\translations-basic-dictionary-spanish.trsl
File: translations-basic-dictionary-spanish.trsl (spanish translation file `translations-basic-dictionary')
)
Package translations Info: loading dictionary `translations-basic-dictionary' for `spanish'. on input line 39.

*geometry* driver: auto-detecting
*geometry* detected driver: pdftex
*geometry* verbose mode - [ preamble ] result:
* driver: pdftex
* paper: a4paper
* layout: <same size as paper>
* layoutoffset:(h,v)=(0.0pt,0.0pt)
* modes: 
* h-part:(L,W,R)=(71.13188pt, 483.69687pt, 42.67912pt)
* v-part:(T,H,B)=(42.67912pt, 759.6886pt, 42.67912pt)
* \paperwidth=597.50787pt
* \paperheight=845.04684pt
* \textwidth=483.69687pt
* \textheight=759.6886pt
* \oddsidemargin=-1.1381pt
* \evensidemargin=-1.1381pt
* \topmargin=-66.59087pt
* \headheight=12.0pt
* \headsep=25.0pt
* \topskip=10.0pt
* \footskip=30.0pt
* \marginparwidth=57.0pt
* \marginparsep=11.0pt
* \columnsep=10.0pt
* \skip\footins=9.0pt plus 4.0pt minus 2.0pt
* \hoffset=0.0pt
* \voffset=0.0pt
* \mag=1000
* \@twocolumnfalse
* \@twosidefalse
* \@mparswitchfalse
* \@reversemarginfalse
* (1in=72.27pt=25.4mm, 1cm=28.453pt)

LaTeX Info: Redefining \. on input line 39.
LaTeX Info: Redefining \% on input line 39.
Package caption Info: Begin \AtBeginDocument code.
Package caption Info: float package is loaded.
Package caption Info: hyperref package is loaded.
Package caption Info: End \AtBeginDocument code.

Package chemgreek Info: Activating mapping `default' on line 39.

Package hyperref Info: Link coloring OFF on input line 39.
(c:\Users\manul\OneDrive\Escritorio\electronicaAplicada\trabajosPracticos\tp2-Fuente\templateLaTeX\build\main.out) (c:\Users\manul\OneDrive\Escritorio\electronicaAplicada\trabajosPracticos\tp2-Fuente\templateLaTeX\build\main.out)
\@outlinefile=\write4
\openout4 = `main.out'.

\openout2 = `caratula.aux'.

 (caratula.tex
*geometry* verbose mode - [ newgeometry ] result:
* driver: pdftex
* paper: a4paper
* layout: <same size as paper>
* layoutoffset:(h,v)=(0.0pt,0.0pt)
* modes: 
* h-part:(L,W,R)=(0.0pt, 597.50787pt, 0.0pt)
* v-part:(T,H,B)=(0.0pt, 845.04684pt, 0.0pt)
* \paperwidth=597.50787pt
* \paperheight=845.04684pt
* \textwidth=597.50787pt
* \textheight=845.04684pt
* \oddsidemargin=-72.26999pt
* \evensidemargin=-72.26999pt
* \topmargin=-109.26999pt
* \headheight=12.0pt
* \headsep=25.0pt
* \topskip=10.0pt
* \footskip=30.0pt
* \marginparwidth=57.0pt
* \marginparsep=11.0pt
* \columnsep=10.0pt
* \skip\footins=9.0pt plus 4.0pt minus 2.0pt
* \hoffset=0.0pt
* \voffset=0.0pt
* \mag=1000
* \@twocolumnfalse
* \@twosidefalse
* \@mparswitchfalse
* \@reversemarginfalse
* (1in=72.27pt=25.4mm, 1cm=28.453pt)

<./imagenes/utn.png, id=58, 216.81pt x 234.8775pt>
File: ./imagenes/utn.png Graphic file (type png)
<use ./imagenes/utn.png>
Package pdftex.def Info: ./imagenes/utn.png  used on input line 8.
(pdftex.def)             Requested size: 85.35826pt x 92.47275pt.
<./imagenes/portada.jpg, id=59, 4015.0pt x 3011.25pt>
File: ./imagenes/portada.jpg Graphic file (type jpg)
<use ./imagenes/portada.jpg>
Package pdftex.def Info: ./imagenes/portada.jpg  used on input line 9.
(pdftex.def)             Requested size: 227.62204pt x 170.6965pt.
LaTeX Font Info:    Trying to load font information for TS1+ptm on input line 24.
 (C:\Users\manul\AppData\Local\Programs\Paquete_Latex\tex/latex/psnfss\ts1ptm.fd
File: ts1ptm.fd 2001/06/04 font definitions for TS1/ptm.
)
LaTeX Font Info:    Trying to load font information for U+msa on input line 29.
 (C:\Users\manul\AppData\Local\Programs\Paquete_Latex\tex/latex/amsfonts\umsa.fd
File: umsa.fd 2013/01/14 v3.01 AMS symbols A
)
LaTeX Font Info:    Trying to load font information for U+msb on input line 29.
 (C:\Users\manul\AppData\Local\Programs\Paquete_Latex\tex/latex/amsfonts\umsb.fd
File: umsb.fd 2013/01/14 v3.01 AMS symbols B
) [1



{C:/Users/manul/AppData/Local/MiKTeX/fonts/map/pdftex/pdftex.map}{C:/Users/manul/AppData/Local/Programs/Paquete_Latex/fonts/enc/dvips/base/8r.enc} <./imagenes/utn.png> <./imagenes/portada.jpg>])
\openout2 = `configContenido.aux'.

 (configContenido.tex)
\openout2 = `indice.aux'.

 (indice.tex [2







] (c:\Users\manul\OneDrive\Escritorio\electronicaAplicada\trabajosPracticos\tp2-Fuente\templateLaTeX\build\main.toc
LaTeX Info: Redefining \. on input line 1.
LaTeX Info: Redefining \% on input line 1.
)
\tf@toc=\write5
\openout5 = `main.toc'.

 [0])
pdfTeX warning (ext4): destination with the same identifier (name{page.0}) has been already used, duplicate ignored
<to be read again> 
                   \relax 
l.42     \include{indice}
                          [0] (teorico1.tex
<./imagenes/Diagra.png, id=92, 956.57375pt x 208.78pt>
File: ./imagenes/Diagra.png Graphic file (type png)
<use ./imagenes/Diagra.png>
Package pdftex.def Info: ./imagenes/Diagra.png  used on input line 3.
(pdftex.def)             Requested size: 221.93158pt x 48.4357pt.


Package caption Warning: The option `hypcap=true' will be ignored for this
(caption)                particular \caption on input line 3.
See the caption package documentation for explanation.

<./imagenes/transfo.png, id=94, 295.1025pt x 142.5325pt>
File: ./imagenes/transfo.png Graphic file (type png)
<use ./imagenes/transfo.png>
Package pdftex.def Info: ./imagenes/transfo.png  used on input line 17.
(pdftex.def)             Requested size: 170.71652pt x 82.45575pt.

Package caption Warning: The option `hypcap=true' will be ignored for this
(caption)                particular \caption on input line 17.
See the caption package documentation for explanation.

<./imagenes/puent.png, id=95, 273.02pt x 222.8325pt>
File: ./imagenes/puent.png Graphic file (type png)
<use ./imagenes/puent.png>
Package pdftex.def Info: ./imagenes/puent.png  used on input line 27.
(pdftex.def)             Requested size: 170.71652pt x 139.33456pt.

Package caption Warning: The option `hypcap=true' will be ignored for this
(caption)                particular \caption on input line 27.
See the caption package documentation for explanation.

<./imagenes/Alte.png, id=96, 234.8775pt x 211.79124pt>
File: ./imagenes/Alte.png Graphic file (type png)
<use ./imagenes/Alte.png>
Package pdftex.def Info: ./imagenes/Alte.png  used on input line 35.
(pdftex.def)             Requested size: 170.71652pt x 153.93736pt.

Package caption Warning: The option `hypcap=true' will be ignored for this
(caption)                particular \caption on input line 35.
See the caption package documentation for explanation.

<./imagenes/semic.png, id=97, 504.88625pt x 217.81375pt>
File: ./imagenes/semic.png Graphic file (type png)
<use ./imagenes/semic.png>
Package pdftex.def Info: ./imagenes/semic.png  used on input line 38.
(pdftex.def)             Requested size: 170.71652pt x 73.6502pt.
<./imagenes/semisic2.png, id=98, 565.11125pt x 221.82875pt>
File: ./imagenes/semisic2.png Graphic file (type png)
<use ./imagenes/semisic2.png>
Package pdftex.def Info: ./imagenes/semisic2.png  used on input line 44.
(pdftex.def)             Requested size: 170.71652pt x 67.01285pt.

Package caption Warning: The option `hypcap=true' will be ignored for this
(caption)                particular \caption on input line 44.
See the caption package documentation for explanation.

<./imagenes/logoDepartamentoElectronica.png, id=99, 1027.84pt x 1027.84pt>
File: ./imagenes/logoDepartamentoElectronica.png Graphic file (type png)
<use ./imagenes/logoDepartamentoElectronica.png>
Package pdftex.def Info: ./imagenes/logoDepartamentoElectronica.png  used on input line 45.
(pdftex.def)             Requested size: 34.1431pt x 34.14322pt.

Package fancyhdr Warning: \headheight is too small (12.0pt): 
(fancyhdr)                Make it at least 34.14322pt, for example:
(fancyhdr)                \setlength{\headheight}{34.14322pt}.
(fancyhdr)                You might also make \topmargin smaller to compensate:
(fancyhdr)                \addtolength{\topmargin}{-22.14322pt}.


pdfTeX warning (ext4): destination with the same identifier (name{page.1}) has been already used, duplicate ignored
<to be read again> 
                   \relax 
l.45 \saltoPag
              {} [1


 <./imagenes/logoDepartamentoElectronica.png (PNG copy)> <./imagenes/Diagra.png> <./imagenes/transfo.png> <./imagenes/puent.png> <./imagenes/Alte.png> <./imagenes/semic.png> <./imagenes/semisic2.png>]
<./imagenes/puentesal.png, id=116, 197.73875pt x 171.64125pt>
File: ./imagenes/puentesal.png Graphic file (type png)
<use ./imagenes/puentesal.png>
Package pdftex.def Info: ./imagenes/puentesal.png  used on input line 51.
(pdftex.def)             Requested size: 170.71652pt x 148.18738pt.


Package caption Warning: The option `hypcap=true' will be ignored for this
(caption)                particular \caption on input line 51.
See the caption package documentation for explanation.

<./imagenes/VPI.png, id=117, 302.12875pt x 235.88126pt>
File: ./imagenes/VPI.png Graphic file (type png)
<use ./imagenes/VPI.png>
Package pdftex.def Info: ./imagenes/VPI.png  used on input line 64.
(pdftex.def)             Requested size: 142.26378pt x 111.06935pt.

Package caption Warning: The option `hypcap=true' will be ignored for this
(caption)                particular \caption on input line 64.
See the caption package documentation for explanation.

<./imagenes/Dyc.png, id=118, 283.0575pt x 363.3575pt>
File: ./imagenes/Dyc.png Graphic file (type png)
<use ./imagenes/Dyc.png>
Package pdftex.def Info: ./imagenes/Dyc.png  used on input line 99.
(pdftex.def)             Requested size: 142.26378pt x 182.62637pt.

Package caption Warning: The option `hypcap=true' will be ignored for this
(caption)                particular \caption on input line 99.
See the caption package documentation for explanation.

<./imagenes/Dyc1.png, id=119, 283.0575pt x 363.3575pt>
File: ./imagenes/Dyc1.png Graphic file (type png)
<use ./imagenes/Dyc1.png>
Package pdftex.def Info: ./imagenes/Dyc1.png  used on input line 100.
(pdftex.def)             Requested size: 142.26378pt x 182.62637pt.

Package caption Warning: The option `hypcap=true' will be ignored for this
(caption)                particular \caption on input line 100.
See the caption package documentation for explanation.

File: ./imagenes/logoDepartamentoElectronica.png Graphic file (type png)
<use ./imagenes/logoDepartamentoElectronica.png>
Package pdftex.def Info: ./imagenes/logoDepartamentoElectronica.png  used on input line 101.
(pdftex.def)             Requested size: 34.1431pt x 34.14322pt.

Package fancyhdr Warning: \headheight is too small (12.0pt): 
(fancyhdr)                Make it at least 34.14322pt, for example:
(fancyhdr)                \setlength{\headheight}{34.14322pt}.
(fancyhdr)                You might also make \topmargin smaller to compensate:
(fancyhdr)                \addtolength{\topmargin}{-22.14322pt}.


pdfTeX warning (ext4): destination with the same identifier (name{page.2}) has been already used, duplicate ignored
<to be read again> 
                   \relax 
l.101 \saltoPag
               {} [2 <./imagenes/puentesal.png> <./imagenes/VPI.png> <./imagenes/Dyc.png> <./imagenes/Dyc1.png>]
<imagenes/rplrg.png, id=137, 414.54875pt x 240.9pt>
File: imagenes/rplrg.png Graphic file (type png)
<use imagenes/rplrg.png>
Package pdftex.def Info: imagenes/rplrg.png  used on input line 112.
(pdftex.def)             Requested size: 142.26378pt x 82.66948pt.


Package caption Warning: The option `hypcap=true' will be ignored for this
(caption)                particular \caption on input line 112.
See the caption package documentation for explanation.

<./imagenes/Diagrama317.png, id=138, 427.5975pt x 282.05376pt>
File: ./imagenes/Diagrama317.png Graphic file (type png)
<use ./imagenes/Diagrama317.png>
Package pdftex.def Info: ./imagenes/Diagrama317.png  used on input line 127.
(pdftex.def)             Requested size: 170.71652pt x 112.60861pt.

Package caption Warning: The option `hypcap=true' will be ignored for this
(caption)                particular \caption on input line 127.
See the caption package documentation for explanation.

) (punto2.tex
File: ./imagenes/logoDepartamentoElectronica.png Graphic file (type png)
<use ./imagenes/logoDepartamentoElectronica.png>
Package pdftex.def Info: ./imagenes/logoDepartamentoElectronica.png  used on input line 33.
(pdftex.def)             Requested size: 34.1431pt x 34.14322pt.


Package fancyhdr Warning: \headheight is too small (12.0pt): 
(fancyhdr)                Make it at least 34.14322pt, for example:
(fancyhdr)                \setlength{\headheight}{34.14322pt}.
(fancyhdr)                You might also make \topmargin smaller to compensate:
(fancyhdr)                \addtolength{\topmargin}{-22.14322pt}.

[3 <./imagenes/rplrg.png> <./imagenes/Diagrama317.png>]
File: ./imagenes/logoDepartamentoElectronica.png Graphic file (type png)
<use ./imagenes/logoDepartamentoElectronica.png>
Package pdftex.def Info: ./imagenes/logoDepartamentoElectronica.png  used on input line 125.
(pdftex.def)             Requested size: 34.1431pt x 34.14322pt.


Package fancyhdr Warning: \headheight is too small (12.0pt): 
(fancyhdr)                Make it at least 34.14322pt, for example:
(fancyhdr)                \setlength{\headheight}{34.14322pt}.
(fancyhdr)                You might also make \topmargin smaller to compensate:
(fancyhdr)                \addtolength{\topmargin}{-22.14322pt}.

[4]) (anexo.tex
<./imagenes/banco_prueba_frente.jpg, id=165, 1284.8pt x 963.6pt>
File: ./imagenes/banco_prueba_frente.jpg Graphic file (type jpg)
<use ./imagenes/banco_prueba_frente.jpg>
Package pdftex.def Info: ./imagenes/banco_prueba_frente.jpg  used on input line 3.
(pdftex.def)             Requested size: 170.71652pt x 128.03662pt.


Package caption Warning: The option `hypcap=true' will be ignored for this
(caption)                particular \caption on input line 3.
See the caption package documentation for explanation.

<./imagenes/fuente_completa.jpg, id=166, 722.7pt x 1284.8pt>
File: ./imagenes/fuente_completa.jpg Graphic file (type jpg)
<use ./imagenes/fuente_completa.jpg>
Package pdftex.def Info: ./imagenes/fuente_completa.jpg  used on input line 5.
(pdftex.def)             Requested size: 170.71652pt x 303.4964pt.

Package caption Warning: The option `hypcap=true' will be ignored for this
(caption)                particular \caption on input line 5.
See the caption package documentation for explanation.

<./imagenes/fuente_sin_LM317.jpg, id=167, 1284.8pt x 722.7pt>
File: ./imagenes/fuente_sin_LM317.jpg Graphic file (type jpg)
<use ./imagenes/fuente_sin_LM317.jpg>
Package pdftex.def Info: ./imagenes/fuente_sin_LM317.jpg  used on input line 7.
(pdftex.def)             Requested size: 170.71652pt x 96.02747pt.

Package caption Warning: The option `hypcap=true' will be ignored for this
(caption)                particular \caption on input line 7.
See the caption package documentation for explanation.

<./imagenes/reostato.jpg, id=168, 722.7pt x 1284.8pt>
File: ./imagenes/reostato.jpg Graphic file (type jpg)
<use ./imagenes/reostato.jpg>
Package pdftex.def Info: ./imagenes/reostato.jpg  used on input line 9.
(pdftex.def)             Requested size: 170.71652pt x 303.4964pt.

Package caption Warning: The option `hypcap=true' will be ignored for this
(caption)                particular \caption on input line 9.
See the caption package documentation for explanation.

File: ./imagenes/logoDepartamentoElectronica.png Graphic file (type png)
<use ./imagenes/logoDepartamentoElectronica.png>
Package pdftex.def Info: ./imagenes/logoDepartamentoElectronica.png  used on input line 10.
(pdftex.def)             Requested size: 34.1431pt x 34.14322pt.

Package fancyhdr Warning: \headheight is too small (12.0pt): 
(fancyhdr)                Make it at least 34.14322pt, for example:
(fancyhdr)                \setlength{\headheight}{34.14322pt}.
(fancyhdr)                You might also make \topmargin smaller to compensate:
(fancyhdr)                \addtolength{\topmargin}{-22.14322pt}.

[5 <./imagenes/banco_prueba_frente.jpg> <./imagenes/fuente_completa.jpg> <./imagenes/fuente_sin_LM317.jpg> <./imagenes/reostato.jpg>]
<./imagenes/placa_completa.jpg, id=178, 1284.8pt x 963.6pt>
File: ./imagenes/placa_completa.jpg Graphic file (type jpg)
<use ./imagenes/placa_completa.jpg>
Package pdftex.def Info: ./imagenes/placa_completa.jpg  used on input line 11.
(pdftex.def)             Requested size: 170.71652pt x 128.03662pt.


Package caption Warning: The option `hypcap=true' will be ignored for this
(caption)                particular \caption on input line 11.
See the caption package documentation for explanation.

<./imagenes/tension_baja_vacio.jpg, id=179, 1284.8pt x 722.7pt>
File: ./imagenes/tension_baja_vacio.jpg Graphic file (type jpg)
<use ./imagenes/tension_baja_vacio.jpg>
Package pdftex.def Info: ./imagenes/tension_baja_vacio.jpg  used on input line 13.
(pdftex.def)             Requested size: 170.71652pt x 96.02747pt.

Package caption Warning: The option `hypcap=true' will be ignored for this
(caption)                particular \caption on input line 13.
See the caption package documentation for explanation.

<./imagenes/tension_baja_050.jpg, id=180, 1284.8pt x 722.7pt>
File: ./imagenes/tension_baja_050.jpg Graphic file (type jpg)
<use ./imagenes/tension_baja_050.jpg>
Package pdftex.def Info: ./imagenes/tension_baja_050.jpg  used on input line 15.
(pdftex.def)             Requested size: 170.71652pt x 96.02747pt.

Package caption Warning: The option `hypcap=true' will be ignored for this
(caption)                particular \caption on input line 15.
See the caption package documentation for explanation.

<./imagenes/tension_baja_075.jpg, id=181, 1284.8pt x 722.7pt>
File: ./imagenes/tension_baja_075.jpg Graphic file (type jpg)
<use ./imagenes/tension_baja_075.jpg>
Package pdftex.def Info: ./imagenes/tension_baja_075.jpg  used on input line 16.
(pdftex.def)             Requested size: 170.71652pt x 96.02747pt.

Package caption Warning: The option `hypcap=true' will be ignored for this
(caption)                particular \caption on input line 16.
See the caption package documentation for explanation.

<./imagenes/tension_baja_125.jpg, id=182, 1284.8pt x 722.7pt>
File: ./imagenes/tension_baja_125.jpg Graphic file (type jpg)
<use ./imagenes/tension_baja_125.jpg>
Package pdftex.def Info: ./imagenes/tension_baja_125.jpg  used on input line 17.
(pdftex.def)             Requested size: 170.71652pt x 96.02747pt.

Package caption Warning: The option `hypcap=true' will be ignored for this
(caption)                particular \caption on input line 17.
See the caption package documentation for explanation.

<./imagenes/tension_baja_150.jpg, id=183, 1284.8pt x 722.7pt>
File: ./imagenes/tension_baja_150.jpg Graphic file (type jpg)
<use ./imagenes/tension_baja_150.jpg>
Package pdftex.def Info: ./imagenes/tension_baja_150.jpg  used on input line 18.
(pdftex.def)             Requested size: 170.71652pt x 96.02747pt.

Package caption Warning: The option `hypcap=true' will be ignored for this
(caption)                particular \caption on input line 18.
See the caption package documentation for explanation.

<./imagenes/corriente_baja_025.jpg, id=184, 1284.8pt x 722.7pt>
File: ./imagenes/corriente_baja_025.jpg Graphic file (type jpg)
<use ./imagenes/corriente_baja_025.jpg>
Package pdftex.def Info: ./imagenes/corriente_baja_025.jpg  used on input line 19.
(pdftex.def)             Requested size: 170.71652pt x 96.02747pt.

Package caption Warning: The option `hypcap=true' will be ignored for this
(caption)                particular \caption on input line 19.
See the caption package documentation for explanation.

<./imagenes/corriente_baja_050.jpg, id=185, 1284.8pt x 722.7pt>
File: ./imagenes/corriente_baja_050.jpg Graphic file (type jpg)
<use ./imagenes/corriente_baja_050.jpg>
Package pdftex.def Info: ./imagenes/corriente_baja_050.jpg  used on input line 20.
(pdftex.def)             Requested size: 170.71652pt x 96.02747pt.

Package caption Warning: The option `hypcap=true' will be ignored for this
(caption)                particular \caption on input line 20.
See the caption package documentation for explanation.

<./imagenes/corriente_baja_075.jpg, id=186, 1284.8pt x 722.7pt>
File: ./imagenes/corriente_baja_075.jpg Graphic file (type jpg)
<use ./imagenes/corriente_baja_075.jpg>
Package pdftex.def Info: ./imagenes/corriente_baja_075.jpg  used on input line 21.
(pdftex.def)             Requested size: 170.71652pt x 96.02747pt.

Package caption Warning: The option `hypcap=true' will be ignored for this
(caption)                particular \caption on input line 21.
See the caption package documentation for explanation.

File: ./imagenes/logoDepartamentoElectronica.png Graphic file (type png)
<use ./imagenes/logoDepartamentoElectronica.png>
Package pdftex.def Info: ./imagenes/logoDepartamentoElectronica.png  used on input line 22.
(pdftex.def)             Requested size: 34.1431pt x 34.14322pt.

Package fancyhdr Warning: \headheight is too small (12.0pt): 
(fancyhdr)                Make it at least 34.14322pt, for example:
(fancyhdr)                \setlength{\headheight}{34.14322pt}.
(fancyhdr)                You might also make \topmargin smaller to compensate:
(fancyhdr)                \addtolength{\topmargin}{-22.14322pt}.

[6 <./imagenes/placa_completa.jpg> <./imagenes/tension_baja_vacio.jpg> <./imagenes/tension_baja_050.jpg> <./imagenes/tension_baja_075.jpg> <./imagenes/tension_baja_125.jpg> <./imagenes/tension_baja_150.jpg> <./imagenes/corriente_baja_025.jpg> <./imagenes/corriente_baja_050.jpg> <./imagenes/corriente_baja_075.jpg>]
<./imagenes/corriente_baja_125.jpg, id=201, 1284.8pt x 722.7pt>
File: ./imagenes/corriente_baja_125.jpg Graphic file (type jpg)
<use ./imagenes/corriente_baja_125.jpg>
Package pdftex.def Info: ./imagenes/corriente_baja_125.jpg  used on input line 23.
(pdftex.def)             Requested size: 170.71652pt x 96.02747pt.


Package caption Warning: The option `hypcap=true' will be ignored for this
(caption)                particular \caption on input line 23.
See the caption package documentation for explanation.

<./imagenes/corriente_baja_15.jpg, id=202, 1284.8pt x 722.7pt>
File: ./imagenes/corriente_baja_15.jpg Graphic file (type jpg)
<use ./imagenes/corriente_baja_15.jpg>
Package pdftex.def Info: ./imagenes/corriente_baja_15.jpg  used on input line 24.
(pdftex.def)             Requested size: 170.71652pt x 96.02747pt.

Package caption Warning: The option `hypcap=true' will be ignored for this
(caption)                particular \caption on input line 24.
See the caption package documentation for explanation.

<./imagenes/riplle_baja_osc_mult.jpg, id=203, 1284.8pt x 722.7pt>
File: ./imagenes/riplle_baja_osc_mult.jpg Graphic file (type jpg)
<use ./imagenes/riplle_baja_osc_mult.jpg>
Package pdftex.def Info: ./imagenes/riplle_baja_osc_mult.jpg  used on input line 25.
(pdftex.def)             Requested size: 170.71652pt x 96.02747pt.

Package caption Warning: The option `hypcap=true' will be ignored for this
(caption)                particular \caption on input line 25.
See the caption package documentation for explanation.

<./imagenes/tension_alta_vacio_rao.jpg, id=204, 722.7pt x 1284.8pt>
File: ./imagenes/tension_alta_vacio_rao.jpg Graphic file (type jpg)
<use ./imagenes/tension_alta_vacio_rao.jpg>
Package pdftex.def Info: ./imagenes/tension_alta_vacio_rao.jpg  used on input line 26.
(pdftex.def)             Requested size: 170.71652pt x 303.4964pt.

Package caption Warning: The option `hypcap=true' will be ignored for this
(caption)                particular \caption on input line 26.
See the caption package documentation for explanation.

<./imagenes/tension_alta_050.jpg, id=205, 4657.4pt x 3485.02pt>
File: ./imagenes/tension_alta_050.jpg Graphic file (type jpg)
<use ./imagenes/tension_alta_050.jpg>
Package pdftex.def Info: ./imagenes/tension_alta_050.jpg  used on input line 27.
(pdftex.def)             Requested size: 170.71652pt x 127.73128pt.

Package caption Warning: The option `hypcap=true' will be ignored for this
(caption)                particular \caption on input line 27.
See the caption package documentation for explanation.

<./imagenes/tension_alta_075.jpg, id=206, 4657.4pt x 3485.02pt>
File: ./imagenes/tension_alta_075.jpg Graphic file (type jpg)
<use ./imagenes/tension_alta_075.jpg>
Package pdftex.def Info: ./imagenes/tension_alta_075.jpg  used on input line 28.
(pdftex.def)             Requested size: 170.71652pt x 127.73128pt.

Package caption Warning: The option `hypcap=true' will be ignored for this
(caption)                particular \caption on input line 28.
See the caption package documentation for explanation.

File: ./imagenes/logoDepartamentoElectronica.png Graphic file (type png)
<use ./imagenes/logoDepartamentoElectronica.png>
Package pdftex.def Info: ./imagenes/logoDepartamentoElectronica.png  used on input line 29.
(pdftex.def)             Requested size: 34.1431pt x 34.14322pt.

Package fancyhdr Warning: \headheight is too small (12.0pt): 
(fancyhdr)                Make it at least 34.14322pt, for example:
(fancyhdr)                \setlength{\headheight}{34.14322pt}.
(fancyhdr)                You might also make \topmargin smaller to compensate:
(fancyhdr)                \addtolength{\topmargin}{-22.14322pt}.

[7 <./imagenes/corriente_baja_125.jpg> <./imagenes/corriente_baja_15.jpg> <./imagenes/riplle_baja_osc_mult.jpg> <./imagenes/tension_alta_vacio_rao.jpg> <./imagenes/tension_alta_050.jpg> <./imagenes/tension_alta_075.jpg>]
<./imagenes/tension_alta_125.jpg, id=218, 4657.4pt x 3485.02pt>
File: ./imagenes/tension_alta_125.jpg Graphic file (type jpg)
<use ./imagenes/tension_alta_125.jpg>
Package pdftex.def Info: ./imagenes/tension_alta_125.jpg  used on input line 30.
(pdftex.def)             Requested size: 170.71652pt x 127.73128pt.


Package caption Warning: The option `hypcap=true' will be ignored for this
(caption)                particular \caption on input line 30.
See the caption package documentation for explanation.

<./imagenes/tension_alta_1.jpg, id=219, 4657.4pt x 3485.02pt>
File: ./imagenes/tension_alta_1.jpg Graphic file (type jpg)
<use ./imagenes/tension_alta_1.jpg>
Package pdftex.def Info: ./imagenes/tension_alta_1.jpg  used on input line 31.
(pdftex.def)             Requested size: 170.71652pt x 127.73128pt.

Package caption Warning: The option `hypcap=true' will be ignored for this
(caption)                particular \caption on input line 31.
See the caption package documentation for explanation.

<./imagenes/tension_alta_15.jpg, id=220, 4657.4pt x 3485.02pt>
File: ./imagenes/tension_alta_15.jpg Graphic file (type jpg)
<use ./imagenes/tension_alta_15.jpg>
Package pdftex.def Info: ./imagenes/tension_alta_15.jpg  used on input line 32.
(pdftex.def)             Requested size: 170.71652pt x 127.73128pt.

Package caption Warning: The option `hypcap=true' will be ignored for this
(caption)                particular \caption on input line 32.
See the caption package documentation for explanation.

<./imagenes/temperatura_capsula.jpg, id=221, 4657.4pt x 3485.02pt>
File: ./imagenes/temperatura_capsula.jpg Graphic file (type jpg)
<use ./imagenes/temperatura_capsula.jpg>
Package pdftex.def Info: ./imagenes/temperatura_capsula.jpg  used on input line 33.
(pdftex.def)             Requested size: 170.71652pt x 127.73128pt.

Package caption Warning: The option `hypcap=true' will be ignored for this
(caption)                particular \caption on input line 33.
See the caption package documentation for explanation.

<./imagenes/tension_corriente_alta_vacio.jpg, id=222, 722.7pt x 1284.8pt>
File: ./imagenes/tension_corriente_alta_vacio.jpg Graphic file (type jpg)
<use ./imagenes/tension_corriente_alta_vacio.jpg>
Package pdftex.def Info: ./imagenes/tension_corriente_alta_vacio.jpg  used on input line 34.
(pdftex.def)             Requested size: 170.71652pt x 303.4964pt.

Package caption Warning: The option `hypcap=true' will be ignored for this
(caption)                particular \caption on input line 34.
See the caption package documentation for explanation.

<./imagenes/riplle_alta_multimetro.jpg, id=223, 4657.4pt x 3485.02pt>
File: ./imagenes/riplle_alta_multimetro.jpg Graphic file (type jpg)
<use ./imagenes/riplle_alta_multimetro.jpg>
Package pdftex.def Info: ./imagenes/riplle_alta_multimetro.jpg  used on input line 35.
(pdftex.def)             Requested size: 170.71652pt x 127.73128pt.

Package caption Warning: The option `hypcap=true' will be ignored for this
(caption)                particular \caption on input line 35.
See the caption package documentation for explanation.

<./imagenes/riplle_alta_osc.jpg, id=224, 4657.4pt x 3485.02pt>
File: ./imagenes/riplle_alta_osc.jpg Graphic file (type jpg)
<use ./imagenes/riplle_alta_osc.jpg>
Package pdftex.def Info: ./imagenes/riplle_alta_osc.jpg  used on input line 36.
(pdftex.def)             Requested size: 170.71652pt x 127.73128pt.

Package caption Warning: The option `hypcap=true' will be ignored for this
(caption)                particular \caption on input line 36.
See the caption package documentation for explanation.

File: ./imagenes/logoDepartamentoElectronica.png Graphic file (type png)
<use ./imagenes/logoDepartamentoElectronica.png>
Package pdftex.def Info: ./imagenes/logoDepartamentoElectronica.png  used on input line 37.
(pdftex.def)             Requested size: 34.1431pt x 34.14322pt.

Package fancyhdr Warning: \headheight is too small (12.0pt): 
(fancyhdr)                Make it at least 34.14322pt, for example:
(fancyhdr)                \setlength{\headheight}{34.14322pt}.
(fancyhdr)                You might also make \topmargin smaller to compensate:
(fancyhdr)                \addtolength{\topmargin}{-22.14322pt}.

[8 <./imagenes/tension_alta_125.jpg> <./imagenes/tension_alta_1.jpg> <./imagenes/tension_alta_15.jpg> <./imagenes/temperatura_capsula.jpg> <./imagenes/tension_corriente_alta_vacio.jpg> <./imagenes/riplle_alta_multimetro.jpg> <./imagenes/riplle_alta_osc.jpg>])
File: ./imagenes/logoDepartamentoElectronica.png Graphic file (type png)
<use ./imagenes/logoDepartamentoElectronica.png>
Package pdftex.def Info: ./imagenes/logoDepartamentoElectronica.png  used on input line 52.
(pdftex.def)             Requested size: 34.1431pt x 34.14322pt.


Package fancyhdr Warning: \headheight is too small (12.0pt): 
(fancyhdr)                Make it at least 34.14322pt, for example:
(fancyhdr)                \setlength{\headheight}{34.14322pt}.
(fancyhdr)                You might also make \topmargin smaller to compensate:
(fancyhdr)                \addtolength{\topmargin}{-22.14322pt}.

[9] 
enddocument/afterlastpage: lastpage setting LastPage.
(c:\Users\manul\OneDrive\Escritorio\electronicaAplicada\trabajosPracticos\tp2-Fuente\templateLaTeX\build\main.aux (c:\Users\manul\OneDrive\Escritorio\electronicaAplicada\trabajosPracticos\tp2-Fuente\templateLaTeX\build\caratula.aux)
LaTeX Info: Redefining \. on input line 12.
LaTeX Info: Redefining \% on input line 12.
 (c:\Users\manul\OneDrive\Escritorio\electronicaAplicada\trabajosPracticos\tp2-Fuente\templateLaTeX\build\configContenido.aux) (c:\Users\manul\OneDrive\Escritorio\electronicaAplicada\trabajosPracticos\tp2-Fuente\templateLaTeX\build\indice.aux))
 ***********
LaTeX2e <2023-11-01> patch level 1
L3 programming layer <2024-01-04>
 ***********


LaTeX Warning: There were multiply-defined labels.

Package rerunfilecheck Info: File `main.out' has not changed.
(rerunfilecheck)             Checksum: DEF1091573B516EF7F13EA9C7B28D1CB;2196.
 ) 
Here is how much of TeX's memory you used:
 48236 strings out of 474486
 1174076 string characters out of 5740472
 1960542 words of memory out of 5000000
 69875 multiletter control sequences out of 15000+600000
 573241 words of font info for 74 fonts, out of 8000000 for 9000
 1141 hyphenation exceptions out of 8191
 117i,26n,121p,773b,1352s stack positions out of 10000i,1000n,20000p,200000b,200000s
<C:/Users/manul/AppData/Local/Programs/Paquete_Latex/fonts/type1/public/amsfonts/cm/cmmi10.pfb><C:/Users/manul/AppData/Local/Programs/Paquete_Latex/fonts/type1/public/amsfonts/cm/cmmi5.pfb><C:/Users/manul/AppData/Local/Programs/Paquete_Latex/fonts/type1/public/amsfonts/cm/cmmi7.pfb><C:/Users/manul/AppData/Local/Programs/Paquete_Latex/fonts/type1/public/amsfonts/cm/cmr10.pfb><C:/Users/manul/AppData/Local/Programs/Paquete_Latex/fonts/type1/public/amsfonts/cm/cmr5.pfb><C:/Users/manul/AppData/Local/Programs/Paquete_Latex/fonts/type1/public/amsfonts/cm/cmr7.pfb><C:/Users/manul/AppData/Local/Programs/Paquete_Latex/fonts/type1/public/amsfonts/cm/cmsy10.pfb><C:/Users/manul/AppData/Local/Programs/Paquete_Latex/fonts/type1/public/amsfonts/cm/cmsy5.pfb><C:/Users/manul/AppData/Local/Programs/Paquete_Latex/fonts/type1/public/amsfonts/cm/cmsy7.pfb><C:/Users/manul/AppData/Local/Programs/Paquete_Latex/fonts/type1/urw/times/utmb8a.pfb><C:/Users/manul/AppData/Local/Programs/Paquete_Latex/fonts/type1/urw/times/utmr8a.pfb>
Output written on c:\Users\manul\OneDrive\Escritorio\electronicaAplicada\trabajosPracticos\tp2-Fuente\templateLaTeX\build\main.pdf (13 pages, 47580365 bytes).
PDF statistics:
 306 PDF objects out of 1000 (max. 8388607)
 68 named destinations out of 1000 (max. 500000)
 322 words of extra memory for PDF output out of 10000 (max. 10000000)

